{"C:\\Users\\Kharshavardhan\\Documents\\e-Commerce Devops\\frontend\\src\\App.jsx": {"path":"C:\\Users\\Kharshavardhan\\Documents\\e-Commerce Devops\\frontend\\src\\App.jsx","statementMap":{"0":{"start":{"line":23,"column":2},"end":{"line":83,"column":null}}},"fnMap":{"0":{"name":"App","decl":{"start":{"line":22,"column":9},"end":{"line":22,"column":15}},"loc":{"start":{"line":22,"column":15},"end":{"line":85,"column":null}},"line":22}},"branchMap":{},"s":{"0":2},"f":{"0":2},"b":{},"meta":{"lastBranch":0,"lastFunction":1,"lastStatement":1,"seen":{"f:22:9:22:15":0,"s:23:2:83:Infinity":0}}}
,"C:\\Users\\Kharshavardhan\\Documents\\e-Commerce Devops\\frontend\\src\\components\\AdminSidebar.jsx": {"path":"C:\\Users\\Kharshavardhan\\Documents\\e-Commerce Devops\\frontend\\src\\components\\AdminSidebar.jsx","statementMap":{"0":{"start":{"line":8,"column":6},"end":{"line":81,"column":null}},"1":{"start":{"line":9,"column":8},"end":{"line":9,"column":null}},"2":{"start":{"line":11,"column":20},"end":{"line":16,"column":null}},"3":{"start":{"line":18,"column":8},"end":{"line":18,"column":null}},"4":{"start":{"line":18,"column":29},"end":{"line":18,"column":null}},"5":{"start":{"line":20,"column":2},"end":{"line":79,"column":null}},"6":{"start":{"line":47,"column":12},"end":{"line":58,"column":null}}},"fnMap":{"0":{"name":"(anonymous_0)","decl":{"start":{"line":8,"column":6},"end":{"line":8,"column":22}},"loc":{"start":{"line":8,"column":57},"end":{"line":81,"column":null}},"line":8},"1":{"name":"(anonymous_1)","decl":{"start":{"line":18,"column":8},"end":{"line":18,"column":20}},"loc":{"start":{"line":18,"column":29},"end":{"line":18,"column":null}},"line":18},"2":{"name":"(anonymous_2)","decl":{"start":{"line":46,"column":21},"end":{"line":46,"column":26}},"loc":{"start":{"line":47,"column":12},"end":{"line":58,"column":null}},"line":47}},"branchMap":{"0":{"loc":{"start":{"line":27,"column":9},"end":{"line":27,"column":null}},"type":"cond-expr","locations":[{"start":{"line":27,"column":18},"end":{"line":27,"column":39}},{"start":{"line":27,"column":38},"end":{"line":27,"column":null}}],"line":27},"1":{"loc":{"start":{"line":33,"column":10},"end":{"line":33,"column":null}},"type":"cond-expr","locations":[{"start":{"line":33,"column":19},"end":{"line":33,"column":37}},{"start":{"line":33,"column":37},"end":{"line":33,"column":null}}],"line":33},"2":{"loc":{"start":{"line":51,"column":16},"end":{"line":53,"column":null}},"type":"cond-expr","locations":[{"start":{"line":52,"column":20},"end":{"line":52,"column":null}},{"start":{"line":53,"column":20},"end":{"line":53,"column":null}}],"line":51},"3":{"loc":{"start":{"line":73,"column":7},"end":{"line":77,"column":null}},"type":"binary-expr","locations":[{"start":{"line":73,"column":7},"end":{"line":73,"column":null}},{"start":{"line":74,"column":8},"end":{"line":77,"column":null}}],"line":73}},"s":{"0":1,"1":0,"2":0,"3":0,"4":0,"5":0,"6":0},"f":{"0":0,"1":0,"2":0},"b":{"0":[0,0],"1":[0,0],"2":[0,0],"3":[0,0]},"meta":{"lastBranch":4,"lastFunction":3,"lastStatement":7,"seen":{"s:8:6:81:Infinity":0,"f:8:6:8:22":0,"s:9:8:9:Infinity":1,"s:11:20:16:Infinity":2,"s:18:8:18:Infinity":3,"f:18:8:18:20":1,"s:18:29:18:Infinity":4,"s:20:2:79:Infinity":5,"b:27:18:27:39:27:38:27:Infinity":0,"b:33:19:33:37:33:37:33:Infinity":1,"f:46:21:46:26":2,"s:47:12:58:Infinity":6,"b:52:20:52:Infinity:53:20:53:Infinity":2,"b:73:7:73:Infinity:74:8:77:Infinity":3}}}
,"C:\\Users\\Kharshavardhan\\Documents\\e-Commerce Devops\\frontend\\src\\components\\Button.jsx": {"path":"C:\\Users\\Kharshavardhan\\Documents\\e-Commerce Devops\\frontend\\src\\components\\Button.jsx","statementMap":{"0":{"start":{"line":6,"column":6},"end":{"line":44,"column":null}},"1":{"start":{"line":17,"column":4},"end":{"line":17,"column":null}},"2":{"start":{"line":19,"column":19},"end":{"line":25,"column":null}},"3":{"start":{"line":27,"column":16},"end":{"line":31,"column":null}},"4":{"start":{"line":33,"column":2},"end":{"line":42,"column":null}}},"fnMap":{"0":{"name":"(anonymous_0)","decl":{"start":{"line":6,"column":6},"end":{"line":6,"column":16}},"loc":{"start":{"line":15,"column":6},"end":{"line":44,"column":null}},"line":15}},"branchMap":{"0":{"loc":{"start":{"line":8,"column":2},"end":{"line":8,"column":null}},"type":"default-arg","locations":[{"start":{"line":8,"column":12},"end":{"line":8,"column":null}}],"line":8},"1":{"loc":{"start":{"line":9,"column":2},"end":{"line":9,"column":null}},"type":"default-arg","locations":[{"start":{"line":9,"column":9},"end":{"line":9,"column":null}}],"line":9},"2":{"loc":{"start":{"line":10,"column":2},"end":{"line":10,"column":null}},"type":"default-arg","locations":[{"start":{"line":10,"column":13},"end":{"line":10,"column":null}}],"line":10},"3":{"loc":{"start":{"line":11,"column":2},"end":{"line":11,"column":null}},"type":"default-arg","locations":[{"start":{"line":11,"column":12},"end":{"line":11,"column":null}}],"line":11},"4":{"loc":{"start":{"line":13,"column":2},"end":{"line":13,"column":null}},"type":"default-arg","locations":[{"start":{"line":13,"column":14},"end":{"line":13,"column":null}}],"line":13},"5":{"loc":{"start":{"line":36,"column":16},"end":{"line":36,"column":null}},"type":"binary-expr","locations":[{"start":{"line":36,"column":16},"end":{"line":36,"column":28}},{"start":{"line":36,"column":28},"end":{"line":36,"column":null}}],"line":36},"6":{"loc":{"start":{"line":40,"column":7},"end":{"line":41,"column":null}},"type":"binary-expr","locations":[{"start":{"line":40,"column":7},"end":{"line":40,"column":18}},{"start":{"line":40,"column":18},"end":{"line":41,"column":null}}],"line":40}},"s":{"0":2,"1":7,"2":7,"3":7,"4":7},"f":{"0":7},"b":{"0":[7],"1":[7],"2":[7],"3":[7],"4":[7],"5":[7,6],"6":[7,1]},"meta":{"lastBranch":7,"lastFunction":1,"lastStatement":5,"seen":{"s:6:6:44:Infinity":0,"f:6:6:6:16":0,"b:8:12:8:Infinity":0,"b:9:9:9:Infinity":1,"b:10:13:10:Infinity":2,"b:11:12:11:Infinity":3,"b:13:14:13:Infinity":4,"s:17:4:17:Infinity":1,"s:19:19:25:Infinity":2,"s:27:16:31:Infinity":3,"s:33:2:42:Infinity":4,"b:36:16:36:28:36:28:36:Infinity":5,"b:40:7:40:18:40:18:41:Infinity":6}}}
,"C:\\Users\\Kharshavardhan\\Documents\\e-Commerce Devops\\frontend\\src\\components\\FilterSidebar.jsx": {"path":"C:\\Users\\Kharshavardhan\\Documents\\e-Commerce Devops\\frontend\\src\\components\\FilterSidebar.jsx","statementMap":{"0":{"start":{"line":7,"column":6},"end":{"line":67,"column":null}},"1":{"start":{"line":15,"column":2},"end":{"line":65,"column":null}},"2":{"start":{"line":27,"column":27},"end":{"line":27,"column":null}},"3":{"start":{"line":41,"column":27},"end":{"line":41,"column":null}},"4":{"start":{"line":51,"column":12},"end":{"line":61,"column":null}},"5":{"start":{"line":53,"column":29},"end":{"line":53,"column":null}}},"fnMap":{"0":{"name":"(anonymous_0)","decl":{"start":{"line":7,"column":6},"end":{"line":7,"column":23}},"loc":{"start":{"line":14,"column":6},"end":{"line":67,"column":null}},"line":14},"1":{"name":"(anonymous_1)","decl":{"start":{"line":27,"column":10},"end":{"line":27,"column":21}},"loc":{"start":{"line":27,"column":27},"end":{"line":27,"column":null}},"line":27},"2":{"name":"(anonymous_2)","decl":{"start":{"line":41,"column":12},"end":{"line":41,"column":27}},"loc":{"start":{"line":41,"column":27},"end":{"line":41,"column":null}},"line":41},"3":{"name":"(anonymous_3)","decl":{"start":{"line":50,"column":22},"end":{"line":50,"column":27}},"loc":{"start":{"line":51,"column":12},"end":{"line":61,"column":null}},"line":51},"4":{"name":"(anonymous_4)","decl":{"start":{"line":53,"column":14},"end":{"line":53,"column":29}},"loc":{"start":{"line":53,"column":29},"end":{"line":53,"column":null}},"line":53}},"branchMap":{"0":{"loc":{"start":{"line":43,"column":14},"end":{"line":45,"column":null}},"type":"cond-expr","locations":[{"start":{"line":44,"column":18},"end":{"line":44,"column":null}},{"start":{"line":45,"column":18},"end":{"line":45,"column":null}}],"line":43},"1":{"loc":{"start":{"line":55,"column":16},"end":{"line":57,"column":null}},"type":"cond-expr","locations":[{"start":{"line":56,"column":20},"end":{"line":56,"column":null}},{"start":{"line":57,"column":20},"end":{"line":57,"column":null}}],"line":55}},"s":{"0":1,"1":0,"2":0,"3":0,"4":0,"5":0},"f":{"0":0,"1":0,"2":0,"3":0,"4":0},"b":{"0":[0,0],"1":[0,0]},"meta":{"lastBranch":2,"lastFunction":5,"lastStatement":6,"seen":{"s:7:6:67:Infinity":0,"f:7:6:7:23":0,"s:15:2:65:Infinity":1,"f:27:10:27:21":1,"s:27:27:27:Infinity":2,"f:41:12:41:27":2,"s:41:27:41:Infinity":3,"b:44:18:44:Infinity:45:18:45:Infinity":0,"f:50:22:50:27":3,"s:51:12:61:Infinity":4,"f:53:14:53:29":4,"s:53:29:53:Infinity":5,"b:56:20:56:Infinity:57:20:57:Infinity":1}}}
,"C:\\Users\\Kharshavardhan\\Documents\\e-Commerce Devops\\frontend\\src\\components\\Footer.jsx": {"path":"C:\\Users\\Kharshavardhan\\Documents\\e-Commerce Devops\\frontend\\src\\components\\Footer.jsx","statementMap":{"0":{"start":{"line":7,"column":6},"end":{"line":61,"column":null}},"1":{"start":{"line":8,"column":2},"end":{"line":59,"column":null}}},"fnMap":{"0":{"name":"(anonymous_0)","decl":{"start":{"line":7,"column":6},"end":{"line":7,"column":21}},"loc":{"start":{"line":7,"column":21},"end":{"line":61,"column":null}},"line":7}},"branchMap":{},"s":{"0":1,"1":0},"f":{"0":0},"b":{},"meta":{"lastBranch":0,"lastFunction":1,"lastStatement":2,"seen":{"s:7:6:61:Infinity":0,"f:7:6:7:21":0,"s:8:2:59:Infinity":1}}}
,"C:\\Users\\Kharshavardhan\\Documents\\e-Commerce Devops\\frontend\\src\\components\\Input.jsx": {"path":"C:\\Users\\Kharshavardhan\\Documents\\e-Commerce Devops\\frontend\\src\\components\\Input.jsx","statementMap":{"0":{"start":{"line":7,"column":6},"end":{"line":57,"column":null}},"1":{"start":{"line":18,"column":23},"end":{"line":18,"column":null}},"2":{"start":{"line":20,"column":2},"end":{"line":55,"column":null}},"3":{"start":{"line":47,"column":27},"end":{"line":47,"column":null}}},"fnMap":{"0":{"name":"(anonymous_0)","decl":{"start":{"line":7,"column":6},"end":{"line":7,"column":15}},"loc":{"start":{"line":17,"column":6},"end":{"line":57,"column":null}},"line":17},"1":{"name":"(anonymous_1)","decl":{"start":{"line":47,"column":12},"end":{"line":47,"column":27}},"loc":{"start":{"line":47,"column":27},"end":{"line":47,"column":null}},"line":47}},"branchMap":{"0":{"loc":{"start":{"line":9,"column":2},"end":{"line":9,"column":null}},"type":"default-arg","locations":[{"start":{"line":9,"column":9},"end":{"line":9,"column":null}}],"line":9},"1":{"loc":{"start":{"line":15,"column":2},"end":{"line":15,"column":null}},"type":"default-arg","locations":[{"start":{"line":15,"column":13},"end":{"line":15,"column":null}}],"line":15},"2":{"loc":{"start":{"line":22,"column":7},"end":{"line":25,"column":null}},"type":"binary-expr","locations":[{"start":{"line":22,"column":7},"end":{"line":22,"column":null}},{"start":{"line":23,"column":8},"end":{"line":25,"column":null}}],"line":22},"3":{"loc":{"start":{"line":28,"column":9},"end":{"line":31,"column":null}},"type":"binary-expr","locations":[{"start":{"line":28,"column":9},"end":{"line":28,"column":null}},{"start":{"line":29,"column":10},"end":{"line":31,"column":null}}],"line":28},"4":{"loc":{"start":{"line":34,"column":16},"end":{"line":34,"column":null}},"type":"cond-expr","locations":[{"start":{"line":34,"column":54},"end":{"line":34,"column":63}},{"start":{"line":34,"column":63},"end":{"line":34,"column":null}}],"line":34},"5":{"loc":{"start":{"line":34,"column":16},"end":{"line":34,"column":54}},"type":"binary-expr","locations":[{"start":{"line":34,"column":16},"end":{"line":34,"column":39}},{"start":{"line":34,"column":39},"end":{"line":34,"column":54}}],"line":34},"6":{"loc":{"start":{"line":39,"column":36},"end":{"line":39,"column":56}},"type":"cond-expr","locations":[{"start":{"line":39,"column":43},"end":{"line":39,"column":53}},{"start":{"line":39,"column":53},"end":{"line":39,"column":56}}],"line":39},"7":{"loc":{"start":{"line":40,"column":12},"end":{"line":40,"column":null}},"type":"cond-expr","locations":[{"start":{"line":40,"column":20},"end":{"line":40,"column":60}},{"start":{"line":40,"column":60},"end":{"line":40,"column":null}}],"line":40},"8":{"loc":{"start":{"line":44,"column":9},"end":{"line":51,"column":null}},"type":"binary-expr","locations":[{"start":{"line":44,"column":9},"end":{"line":44,"column":null}},{"start":{"line":45,"column":10},"end":{"line":51,"column":null}}],"line":44},"9":{"loc":{"start":{"line":50,"column":13},"end":{"line":50,"column":null}},"type":"cond-expr","locations":[{"start":{"line":50,"column":28},"end":{"line":50,"column":54}},{"start":{"line":50,"column":53},"end":{"line":50,"column":null}}],"line":50},"10":{"loc":{"start":{"line":54,"column":7},"end":{"line":54,"column":null}},"type":"binary-expr","locations":[{"start":{"line":54,"column":7},"end":{"line":54,"column":16}},{"start":{"line":54,"column":16},"end":{"line":54,"column":null}}],"line":54}},"s":{"0":1,"1":4,"2":4,"3":0},"f":{"0":4,"1":0},"b":{"0":[4],"1":[4],"2":[4,4],"3":[4,4],"4":[0,4],"5":[4,2],"6":[4,0],"7":[0,4],"8":[4,2],"9":[0,2],"10":[4,0]},"meta":{"lastBranch":11,"lastFunction":2,"lastStatement":4,"seen":{"s:7:6:57:Infinity":0,"f:7:6:7:15":0,"b:9:9:9:Infinity":0,"b:15:13:15:Infinity":1,"s:18:23:18:Infinity":1,"s:20:2:55:Infinity":2,"b:22:7:22:Infinity:23:8:25:Infinity":2,"b:28:9:28:Infinity:29:10:31:Infinity":3,"b:34:54:34:63:34:63:34:Infinity":4,"b:34:16:34:39:34:39:34:54":5,"b:39:43:39:53:39:53:39:56":6,"b:40:20:40:60:40:60:40:Infinity":7,"b:44:9:44:Infinity:45:10:51:Infinity":8,"f:47:12:47:27":1,"s:47:27:47:Infinity":3,"b:50:28:50:54:50:53:50:Infinity":9,"b:54:7:54:16:54:16:54:Infinity":10}}}
,"C:\\Users\\Kharshavardhan\\Documents\\e-Commerce Devops\\frontend\\src\\components\\Navbar.jsx": {"path":"C:\\Users\\Kharshavardhan\\Documents\\e-Commerce Devops\\frontend\\src\\components\\Navbar.jsx","statementMap":{"0":{"start":{"line":8,"column":6},"end":{"line":105,"column":null}},"1":{"start":{"line":9,"column":2},"end":{"line":103,"column":null}}},"fnMap":{"0":{"name":"(anonymous_0)","decl":{"start":{"line":8,"column":6},"end":{"line":8,"column":16}},"loc":{"start":{"line":8,"column":76},"end":{"line":105,"column":null}},"line":8}},"branchMap":{"0":{"loc":{"start":{"line":14,"column":20},"end":{"line":14,"column":70}},"type":"cond-expr","locations":[{"start":{"line":14,"column":45},"end":{"line":14,"column":56}},{"start":{"line":14,"column":56},"end":{"line":14,"column":70}}],"line":14},"1":{"loc":{"start":{"line":25,"column":13},"end":{"line":42,"column":13}},"type":"binary-expr","locations":[{"start":{"line":25,"column":13},"end":{"line":25,"column":null}},{"start":{"line":26,"column":14},"end":{"line":42,"column":13}}],"line":25},"2":{"loc":{"start":{"line":32,"column":19},"end":{"line":37,"column":null}},"type":"binary-expr","locations":[{"start":{"line":32,"column":19},"end":{"line":32,"column":null}},{"start":{"line":33,"column":20},"end":{"line":37,"column":null}}],"line":32},"3":{"loc":{"start":{"line":43,"column":15},"end":{"line":61,"column":null}},"type":"binary-expr","locations":[{"start":{"line":43,"column":15},"end":{"line":43,"column":null}},{"start":{"line":44,"column":16},"end":{"line":61,"column":null}}],"line":43},"4":{"loc":{"start":{"line":48,"column":19},"end":{"line":53,"column":null}},"type":"binary-expr","locations":[{"start":{"line":48,"column":19},"end":{"line":48,"column":null}},{"start":{"line":49,"column":20},"end":{"line":53,"column":null}}],"line":48},"5":{"loc":{"start":{"line":71,"column":13},"end":{"line":71,"column":null}},"type":"cond-expr","locations":[{"start":{"line":71,"column":26},"end":{"line":71,"column":47}},{"start":{"line":71,"column":46},"end":{"line":71,"column":null}}],"line":71},"6":{"loc":{"start":{"line":76,"column":9},"end":{"line":102,"column":null}},"type":"binary-expr","locations":[{"start":{"line":76,"column":9},"end":{"line":76,"column":null}},{"start":{"line":77,"column":10},"end":{"line":102,"column":null}}],"line":76},"7":{"loc":{"start":{"line":78,"column":13},"end":{"line":94,"column":13}},"type":"binary-expr","locations":[{"start":{"line":78,"column":13},"end":{"line":78,"column":null}},{"start":{"line":79,"column":14},"end":{"line":94,"column":13}}],"line":78}},"s":{"0":2,"1":4},"f":{"0":4},"b":{"0":[0,4],"1":[4,0],"2":[0,0],"3":[4,0],"4":[0,0],"5":[0,4],"6":[4,0],"7":[0,0]},"meta":{"lastBranch":8,"lastFunction":1,"lastStatement":2,"seen":{"s:8:6:105:Infinity":0,"f:8:6:8:16":0,"s:9:2:103:Infinity":1,"b:14:45:14:56:14:56:14:70":0,"b:25:13:25:Infinity:26:14:42:13":1,"b:32:19:32:Infinity:33:20:37:Infinity":2,"b:43:15:43:Infinity:44:16:61:Infinity":3,"b:48:19:48:Infinity:49:20:53:Infinity":4,"b:71:26:71:47:71:46:71:Infinity":5,"b:76:9:76:Infinity:77:10:102:Infinity":6,"b:78:13:78:Infinity:79:14:94:13":7}}}
,"C:\\Users\\Kharshavardhan\\Documents\\e-Commerce Devops\\frontend\\src\\components\\ProductCard.jsx": {"path":"C:\\Users\\Kharshavardhan\\Documents\\e-Commerce Devops\\frontend\\src\\components\\ProductCard.jsx","statementMap":{"0":{"start":{"line":6,"column":6},"end":{"line":72,"column":null}},"1":{"start":{"line":7,"column":2},"end":{"line":70,"column":null}},"2":{"start":{"line":38,"column":14},"end":{"line":40,"column":null}},"3":{"start":{"line":56,"column":27},"end":{"line":56,"column":null}},"4":{"start":{"line":63,"column":27},"end":{"line":63,"column":null}}},"fnMap":{"0":{"name":"(anonymous_0)","decl":{"start":{"line":6,"column":6},"end":{"line":6,"column":21}},"loc":{"start":{"line":6,"column":77},"end":{"line":72,"column":null}},"line":6},"1":{"name":"(anonymous_1)","decl":{"start":{"line":37,"column":27},"end":{"line":37,"column":32}},"loc":{"start":{"line":38,"column":14},"end":{"line":40,"column":null}},"line":38},"2":{"name":"(anonymous_2)","decl":{"start":{"line":56,"column":12},"end":{"line":56,"column":27}},"loc":{"start":{"line":56,"column":27},"end":{"line":56,"column":null}},"line":56},"3":{"name":"(anonymous_3)","decl":{"start":{"line":63,"column":12},"end":{"line":63,"column":27}},"loc":{"start":{"line":63,"column":27},"end":{"line":63,"column":null}},"line":63}},"branchMap":{"0":{"loc":{"start":{"line":16,"column":9},"end":{"line":21,"column":null}},"type":"binary-expr","locations":[{"start":{"line":16,"column":9},"end":{"line":16,"column":null}},{"start":{"line":17,"column":10},"end":{"line":21,"column":null}}],"line":16},"1":{"loc":{"start":{"line":39,"column":17},"end":{"line":39,"column":null}},"type":"cond-expr","locations":[{"start":{"line":39,"column":50},"end":{"line":39,"column":56}},{"start":{"line":39,"column":56},"end":{"line":39,"column":null}}],"line":39}},"s":{"0":1,"1":0,"2":0,"3":0,"4":0},"f":{"0":0,"1":0,"2":0,"3":0},"b":{"0":[0,0],"1":[0,0]},"meta":{"lastBranch":2,"lastFunction":4,"lastStatement":5,"seen":{"s:6:6:72:Infinity":0,"f:6:6:6:21":0,"s:7:2:70:Infinity":1,"b:16:9:16:Infinity:17:10:21:Infinity":0,"f:37:27:37:32":1,"s:38:14:40:Infinity":2,"b:39:50:39:56:39:56:39:Infinity":1,"f:56:12:56:27":2,"s:56:27:56:Infinity":3,"f:63:12:63:27":3,"s:63:27:63:Infinity":4}}}
,"C:\\Users\\Kharshavardhan\\Documents\\e-Commerce Devops\\frontend\\src\\components\\ProtectedRoute.jsx": {"path":"C:\\Users\\Kharshavardhan\\Documents\\e-Commerce Devops\\frontend\\src\\components\\ProtectedRoute.jsx","statementMap":{"0":{"start":{"line":8,"column":6},"end":{"line":20,"column":null}},"1":{"start":{"line":9,"column":27},"end":{"line":9,"column":null}},"2":{"start":{"line":11,"column":2},"end":{"line":13,"column":null}},"3":{"start":{"line":12,"column":4},"end":{"line":12,"column":null}},"4":{"start":{"line":15,"column":2},"end":{"line":17,"column":null}},"5":{"start":{"line":16,"column":4},"end":{"line":16,"column":null}},"6":{"start":{"line":19,"column":2},"end":{"line":19,"column":null}}},"fnMap":{"0":{"name":"(anonymous_0)","decl":{"start":{"line":8,"column":6},"end":{"line":8,"column":24}},"loc":{"start":{"line":8,"column":62},"end":{"line":20,"column":null}},"line":8}},"branchMap":{"0":{"loc":{"start":{"line":8,"column":36},"end":{"line":8,"column":62}},"type":"default-arg","locations":[{"start":{"line":8,"column":51},"end":{"line":8,"column":62}}],"line":8},"1":{"loc":{"start":{"line":11,"column":2},"end":{"line":13,"column":null}},"type":"if","locations":[{"start":{"line":11,"column":2},"end":{"line":13,"column":null}},{"start":{},"end":{}}],"line":11},"2":{"loc":{"start":{"line":15,"column":2},"end":{"line":17,"column":null}},"type":"if","locations":[{"start":{"line":15,"column":2},"end":{"line":17,"column":null}},{"start":{},"end":{}}],"line":15},"3":{"loc":{"start":{"line":15,"column":6},"end":{"line":15,"column":51}},"type":"binary-expr","locations":[{"start":{"line":15,"column":6},"end":{"line":15,"column":22}},{"start":{"line":15,"column":22},"end":{"line":15,"column":51}}],"line":15}},"s":{"0":1,"1":1,"2":1,"3":1,"4":0,"5":0,"6":0},"f":{"0":1},"b":{"0":[1],"1":[1,0],"2":[0,0],"3":[0,0]},"meta":{"lastBranch":4,"lastFunction":1,"lastStatement":7,"seen":{"s:8:6:20:Infinity":0,"f:8:6:8:24":0,"b:8:51:8:62":0,"s:9:27:9:Infinity":1,"b:11:2:13:Infinity:undefined:undefined:undefined:undefined":1,"s:11:2:13:Infinity":2,"s:12:4:12:Infinity":3,"b:15:2:17:Infinity:undefined:undefined:undefined:undefined":2,"s:15:2:17:Infinity":4,"b:15:6:15:22:15:22:15:51":3,"s:16:4:16:Infinity":5,"s:19:2:19:Infinity":6}}}
,"C:\\Users\\Kharshavardhan\\Documents\\e-Commerce Devops\\frontend\\src\\components\\Skeleton.jsx": {"path":"C:\\Users\\Kharshavardhan\\Documents\\e-Commerce Devops\\frontend\\src\\components\\Skeleton.jsx","statementMap":{"0":{"start":{"line":6,"column":6},"end":{"line":17,"column":null}},"1":{"start":{"line":7,"column":2},"end":{"line":15,"column":null}},"2":{"start":{"line":10,"column":8},"end":{"line":13,"column":null}},"3":{"start":{"line":24,"column":13},"end":{"line":43,"column":null}},"4":{"start":{"line":25,"column":2},"end":{"line":41,"column":null}},"5":{"start":{"line":28,"column":8},"end":{"line":39,"column":null}}},"fnMap":{"0":{"name":"(anonymous_0)","decl":{"start":{"line":6,"column":6},"end":{"line":6,"column":18}},"loc":{"start":{"line":6,"column":52},"end":{"line":17,"column":null}},"line":6},"1":{"name":"(anonymous_1)","decl":{"start":{"line":9,"column":25},"end":{"line":9,"column":30}},"loc":{"start":{"line":10,"column":8},"end":{"line":13,"column":null}},"line":10},"2":{"name":"(anonymous_2)","decl":{"start":{"line":24,"column":13},"end":{"line":24,"column":32}},"loc":{"start":{"line":24,"column":50},"end":{"line":43,"column":null}},"line":24},"3":{"name":"(anonymous_3)","decl":{"start":{"line":27,"column":25},"end":{"line":27,"column":30}},"loc":{"start":{"line":28,"column":8},"end":{"line":39,"column":null}},"line":28}},"branchMap":{"0":{"loc":{"start":{"line":6,"column":20},"end":{"line":6,"column":31}},"type":"default-arg","locations":[{"start":{"line":6,"column":28},"end":{"line":6,"column":31}}],"line":6},"1":{"loc":{"start":{"line":6,"column":31},"end":{"line":6,"column":52}},"type":"default-arg","locations":[{"start":{"line":6,"column":43},"end":{"line":6,"column":52}}],"line":6},"2":{"loc":{"start":{"line":24,"column":34},"end":{"line":24,"column":50}},"type":"default-arg","locations":[{"start":{"line":24,"column":42},"end":{"line":24,"column":50}}],"line":24}},"s":{"0":1,"1":0,"2":0,"3":1,"4":0,"5":0},"f":{"0":0,"1":0,"2":0,"3":0},"b":{"0":[0],"1":[0],"2":[0]},"meta":{"lastBranch":3,"lastFunction":4,"lastStatement":6,"seen":{"s:6:6:17:Infinity":0,"f:6:6:6:18":0,"b:6:28:6:31":0,"b:6:43:6:52":1,"s:7:2:15:Infinity":1,"f:9:25:9:30":1,"s:10:8:13:Infinity":2,"s:24:13:43:Infinity":3,"f:24:13:24:32":2,"b:24:42:24:50":2,"s:25:2:41:Infinity":4,"f:27:25:27:30":3,"s:28:8:39:Infinity":5}}}
,"C:\\Users\\Kharshavardhan\\Documents\\e-Commerce Devops\\frontend\\src\\hooks\\useAuth.js": {"path":"C:\\Users\\Kharshavardhan\\Documents\\e-Commerce Devops\\frontend\\src\\hooks\\useAuth.js","statementMap":{"0":{"start":{"line":16,"column":23},"end":{"line":77,"column":1}},"1":{"start":{"line":17,"column":18},"end":{"line":17,"column":32}},"2":{"start":{"line":18,"column":18},"end":{"line":18,"column":32}},"3":{"start":{"line":19,"column":58},"end":{"line":21,"column":3}},"4":{"start":{"line":20,"column":15},"end":{"line":20,"column":25}},"5":{"start":{"line":23,"column":16},"end":{"line":40,"column":3}},"6":{"start":{"line":24,"column":4},"end":{"line":24,"column":27}},"7":{"start":{"line":25,"column":4},"end":{"line":39,"column":5}},"8":{"start":{"line":26,"column":23},"end":{"line":26,"column":63}},"9":{"start":{"line":27,"column":6},"end":{"line":32,"column":8}},"10":{"start":{"line":33,"column":6},"end":{"line":33,"column":41}},"11":{"start":{"line":34,"column":6},"end":{"line":34,"column":73}},"12":{"start":{"line":36,"column":22},"end":{"line":36,"column":51}},"13":{"start":{"line":37,"column":6},"end":{"line":37,"column":38}},"14":{"start":{"line":38,"column":6},"end":{"line":38,"column":27}},"15":{"start":{"line":42,"column":19},"end":{"line":59,"column":3}},"16":{"start":{"line":43,"column":4},"end":{"line":43,"column":27}},"17":{"start":{"line":44,"column":4},"end":{"line":58,"column":5}},"18":{"start":{"line":45,"column":23},"end":{"line":45,"column":55}},"19":{"start":{"line":46,"column":6},"end":{"line":51,"column":8}},"20":{"start":{"line":52,"column":6},"end":{"line":52,"column":48}},"21":{"start":{"line":53,"column":6},"end":{"line":53,"column":29}},"22":{"start":{"line":55,"column":22},"end":{"line":55,"column":58}},"23":{"start":{"line":56,"column":6},"end":{"line":56,"column":38}},"24":{"start":{"line":57,"column":6},"end":{"line":57,"column":27}},"25":{"start":{"line":61,"column":23},"end":{"line":65,"column":3}},"26":{"start":{"line":62,"column":4},"end":{"line":62,"column":23}},"27":{"start":{"line":63,"column":4},"end":{"line":63,"column":45}},"28":{"start":{"line":64,"column":4},"end":{"line":64,"column":23}},"29":{"start":{"line":67,"column":2},"end":{"line":76,"column":4}}},"fnMap":{"0":{"name":"(anonymous_0)","decl":{"start":{"line":16,"column":23},"end":{"line":16,"column":24}},"loc":{"start":{"line":16,"column":29},"end":{"line":77,"column":1}},"line":16},"1":{"name":"(anonymous_1)","decl":{"start":{"line":20,"column":4},"end":{"line":20,"column":5}},"loc":{"start":{"line":20,"column":15},"end":{"line":20,"column":25}},"line":20},"2":{"name":"(anonymous_2)","decl":{"start":{"line":23,"column":16},"end":{"line":23,"column":21}},"loc":{"start":{"line":23,"column":43},"end":{"line":40,"column":3}},"line":23},"3":{"name":"(anonymous_3)","decl":{"start":{"line":42,"column":19},"end":{"line":42,"column":24}},"loc":{"start":{"line":42,"column":39},"end":{"line":59,"column":3}},"line":42},"4":{"name":"(anonymous_4)","decl":{"start":{"line":61,"column":23},"end":{"line":61,"column":24}},"loc":{"start":{"line":61,"column":29},"end":{"line":65,"column":3}},"line":61}},"branchMap":{"0":{"loc":{"start":{"line":34,"column":15},"end":{"line":34,"column":71}},"type":"cond-expr","locations":[{"start":{"line":34,"column":48},"end":{"line":34,"column":56}},{"start":{"line":34,"column":59},"end":{"line":34,"column":71}}],"line":34},"1":{"loc":{"start":{"line":36,"column":22},"end":{"line":36,"column":51}},"type":"binary-expr","locations":[{"start":{"line":36,"column":22},"end":{"line":36,"column":33}},{"start":{"line":36,"column":37},"end":{"line":36,"column":51}}],"line":36},"2":{"loc":{"start":{"line":55,"column":22},"end":{"line":55,"column":58}},"type":"binary-expr","locations":[{"start":{"line":55,"column":22},"end":{"line":55,"column":33}},{"start":{"line":55,"column":37},"end":{"line":55,"column":58}}],"line":55}},"s":{"0":1,"1":3,"2":3,"3":3,"4":6,"5":3,"6":0,"7":0,"8":0,"9":0,"10":0,"11":0,"12":0,"13":0,"14":0,"15":3,"16":0,"17":0,"18":0,"19":0,"20":0,"21":0,"22":0,"23":0,"24":0,"25":3,"26":0,"27":0,"28":0,"29":3},"f":{"0":3,"1":6,"2":0,"3":0,"4":0},"b":{"0":[0,0],"1":[0,0],"2":[0,0]},"meta":{"lastBranch":3,"lastFunction":5,"lastStatement":30,"seen":{"s:16:23:77:1":0,"f:16:23:16:24":0,"s:17:18:17:32":1,"s:18:18:18:32":2,"s:19:58:21:3":3,"f:20:4:20:5":1,"s:20:15:20:25":4,"s:23:16:40:3":5,"f:23:16:23:21":2,"s:24:4:24:27":6,"s:25:4:39:5":7,"s:26:23:26:63":8,"s:27:6:32:8":9,"s:33:6:33:41":10,"s:34:6:34:73":11,"b:34:48:34:56:34:59:34:71":0,"s:36:22:36:51":12,"b:36:22:36:33:36:37:36:51":1,"s:37:6:37:38":13,"s:38:6:38:27":14,"s:42:19:59:3":15,"f:42:19:42:24":3,"s:43:4:43:27":16,"s:44:4:58:5":17,"s:45:23:45:55":18,"s:46:6:51:8":19,"s:52:6:52:48":20,"s:53:6:53:29":21,"s:55:22:55:58":22,"b:55:22:55:33:55:37:55:58":2,"s:56:6:56:38":23,"s:57:6:57:27":24,"s:61:23:65:3":25,"f:61:23:61:24":4,"s:62:4:62:23":26,"s:63:4:63:45":27,"s:64:4:64:23":28,"s:67:2:76:4":29}}}
,"C:\\Users\\Kharshavardhan\\Documents\\e-Commerce Devops\\frontend\\src\\hooks\\useCart.js": {"path":"C:\\Users\\Kharshavardhan\\Documents\\e-Commerce Devops\\frontend\\src\\hooks\\useCart.js","statementMap":{"0":{"start":{"line":13,"column":23},"end":{"line":46,"column":1}},"1":{"start":{"line":14,"column":18},"end":{"line":14,"column":32}},"2":{"start":{"line":15,"column":26},"end":{"line":15,"column":61}},"3":{"start":{"line":15,"column":50},"end":{"line":15,"column":60}},"4":{"start":{"line":17,"column":14},"end":{"line":20,"column":3}},"5":{"start":{"line":18,"column":4},"end":{"line":18,"column":33}},"6":{"start":{"line":19,"column":4},"end":{"line":19,"column":36}},"7":{"start":{"line":22,"column":17},"end":{"line":25,"column":3}},"8":{"start":{"line":23,"column":4},"end":{"line":23,"column":40}},"9":{"start":{"line":24,"column":4},"end":{"line":24,"column":39}},"10":{"start":{"line":27,"column":20},"end":{"line":30,"column":3}},"11":{"start":{"line":28,"column":4},"end":{"line":28,"column":29}},"12":{"start":{"line":28,"column":22},"end":{"line":28,"column":29}},"13":{"start":{"line":29,"column":4},"end":{"line":29,"column":58}},"14":{"start":{"line":32,"column":16},"end":{"line":35,"column":3}},"15":{"start":{"line":33,"column":4},"end":{"line":33,"column":26}},"16":{"start":{"line":34,"column":4},"end":{"line":34,"column":34}},"17":{"start":{"line":37,"column":2},"end":{"line":45,"column":4}}},"fnMap":{"0":{"name":"(anonymous_0)","decl":{"start":{"line":13,"column":23},"end":{"line":13,"column":24}},"loc":{"start":{"line":13,"column":29},"end":{"line":46,"column":1}},"line":13},"1":{"name":"(anonymous_1)","decl":{"start":{"line":15,"column":39},"end":{"line":15,"column":40}},"loc":{"start":{"line":15,"column":50},"end":{"line":15,"column":60}},"line":15},"2":{"name":"(anonymous_2)","decl":{"start":{"line":17,"column":14},"end":{"line":17,"column":15}},"loc":{"start":{"line":17,"column":27},"end":{"line":20,"column":3}},"line":17},"3":{"name":"(anonymous_3)","decl":{"start":{"line":22,"column":17},"end":{"line":22,"column":18}},"loc":{"start":{"line":22,"column":32},"end":{"line":25,"column":3}},"line":22},"4":{"name":"(anonymous_4)","decl":{"start":{"line":27,"column":20},"end":{"line":27,"column":21}},"loc":{"start":{"line":27,"column":45},"end":{"line":30,"column":3}},"line":27},"5":{"name":"(anonymous_5)","decl":{"start":{"line":32,"column":16},"end":{"line":32,"column":17}},"loc":{"start":{"line":32,"column":22},"end":{"line":35,"column":3}},"line":32}},"branchMap":{"0":{"loc":{"start":{"line":28,"column":4},"end":{"line":28,"column":29}},"type":"if","locations":[{"start":{"line":28,"column":4},"end":{"line":28,"column":29}},{"start":{},"end":{}}],"line":28}},"s":{"0":1,"1":0,"2":0,"3":0,"4":0,"5":0,"6":0,"7":0,"8":0,"9":0,"10":0,"11":0,"12":0,"13":0,"14":0,"15":0,"16":0,"17":0},"f":{"0":0,"1":0,"2":0,"3":0,"4":0,"5":0},"b":{"0":[0,0]},"meta":{"lastBranch":1,"lastFunction":6,"lastStatement":18,"seen":{"s:13:23:46:1":0,"f:13:23:13:24":0,"s:14:18:14:32":1,"s:15:26:15:61":2,"f:15:39:15:40":1,"s:15:50:15:60":3,"s:17:14:20:3":4,"f:17:14:17:15":2,"s:18:4:18:33":5,"s:19:4:19:36":6,"s:22:17:25:3":7,"f:22:17:22:18":3,"s:23:4:23:40":8,"s:24:4:24:39":9,"s:27:20:30:3":10,"f:27:20:27:21":4,"b:28:4:28:29:undefined:undefined:undefined:undefined":0,"s:28:4:28:29":11,"s:28:22:28:29":12,"s:29:4:29:58":13,"s:32:16:35:3":14,"f:32:16:32:17":5,"s:33:4:33:26":15,"s:34:4:34:34":16,"s:37:2:45:4":17}}}
,"C:\\Users\\Kharshavardhan\\Documents\\e-Commerce Devops\\frontend\\src\\hooks\\useProducts.js": {"path":"C:\\Users\\Kharshavardhan\\Documents\\e-Commerce Devops\\frontend\\src\\hooks\\useProducts.js","statementMap":{"0":{"start":{"line":16,"column":27},"end":{"line":78,"column":1}},"1":{"start":{"line":17,"column":18},"end":{"line":17,"column":32}},"2":{"start":{"line":19,"column":3},"end":{"line":19,"column":42}},"3":{"start":{"line":19,"column":27},"end":{"line":19,"column":41}},"4":{"start":{"line":21,"column":24},"end":{"line":31,"column":3}},"5":{"start":{"line":22,"column":4},"end":{"line":22,"column":31}},"6":{"start":{"line":23,"column":4},"end":{"line":30,"column":5}},"7":{"start":{"line":24,"column":23},"end":{"line":24,"column":63}},"8":{"start":{"line":25,"column":6},"end":{"line":25,"column":38}},"9":{"start":{"line":27,"column":22},"end":{"line":27,"column":63}},"10":{"start":{"line":28,"column":6},"end":{"line":28,"column":34}},"11":{"start":{"line":29,"column":6},"end":{"line":29,"column":27}},"12":{"start":{"line":33,"column":27},"end":{"line":43,"column":3}},"13":{"start":{"line":34,"column":4},"end":{"line":34,"column":31}},"14":{"start":{"line":35,"column":4},"end":{"line":42,"column":5}},"15":{"start":{"line":36,"column":23},"end":{"line":36,"column":58}},"16":{"start":{"line":37,"column":6},"end":{"line":37,"column":49}},"17":{"start":{"line":39,"column":22},"end":{"line":39,"column":62}},"18":{"start":{"line":40,"column":6},"end":{"line":40,"column":34}},"19":{"start":{"line":41,"column":6},"end":{"line":41,"column":27}},"20":{"start":{"line":45,"column":26},"end":{"line":52,"column":3}},"21":{"start":{"line":46,"column":4},"end":{"line":51,"column":5}},"22":{"start":{"line":47,"column":23},"end":{"line":47,"column":55}},"23":{"start":{"line":48,"column":6},"end":{"line":48,"column":45}},"24":{"start":{"line":50,"column":6},"end":{"line":50,"column":48}},"25":{"start":{"line":54,"column":20},"end":{"line":64,"column":3}},"26":{"start":{"line":55,"column":4},"end":{"line":63,"column":5}},"27":{"start":{"line":56,"column":23},"end":{"line":56,"column":72}},"28":{"start":{"line":57,"column":6},"end":{"line":57,"column":49}},"29":{"start":{"line":58,"column":6},"end":{"line":58,"column":50}},"30":{"start":{"line":59,"column":6},"end":{"line":59,"column":22}},"31":{"start":{"line":61,"column":6},"end":{"line":61,"column":57}},"32":{"start":{"line":62,"column":6},"end":{"line":62,"column":16}},"33":{"start":{"line":66,"column":2},"end":{"line":77,"column":4}}},"fnMap":{"0":{"name":"(anonymous_0)","decl":{"start":{"line":16,"column":27},"end":{"line":16,"column":28}},"loc":{"start":{"line":16,"column":33},"end":{"line":78,"column":1}},"line":16},"1":{"name":"(anonymous_1)","decl":{"start":{"line":19,"column":16},"end":{"line":19,"column":17}},"loc":{"start":{"line":19,"column":27},"end":{"line":19,"column":41}},"line":19},"2":{"name":"(anonymous_2)","decl":{"start":{"line":21,"column":24},"end":{"line":21,"column":29}},"loc":{"start":{"line":21,"column":48},"end":{"line":31,"column":3}},"line":21},"3":{"name":"(anonymous_3)","decl":{"start":{"line":33,"column":27},"end":{"line":33,"column":32}},"loc":{"start":{"line":33,"column":41},"end":{"line":43,"column":3}},"line":33},"4":{"name":"(anonymous_4)","decl":{"start":{"line":45,"column":26},"end":{"line":45,"column":31}},"loc":{"start":{"line":45,"column":38},"end":{"line":52,"column":3}},"line":45},"5":{"name":"(anonymous_5)","decl":{"start":{"line":54,"column":20},"end":{"line":54,"column":25}},"loc":{"start":{"line":54,"column":53},"end":{"line":64,"column":3}},"line":54}},"branchMap":{"0":{"loc":{"start":{"line":21,"column":31},"end":{"line":21,"column":43}},"type":"default-arg","locations":[{"start":{"line":21,"column":41},"end":{"line":21,"column":43}}],"line":21},"1":{"loc":{"start":{"line":27,"column":22},"end":{"line":27,"column":63}},"type":"binary-expr","locations":[{"start":{"line":27,"column":22},"end":{"line":27,"column":33}},{"start":{"line":27,"column":37},"end":{"line":27,"column":63}}],"line":27},"2":{"loc":{"start":{"line":39,"column":22},"end":{"line":39,"column":62}},"type":"binary-expr","locations":[{"start":{"line":39,"column":22},"end":{"line":39,"column":33}},{"start":{"line":39,"column":37},"end":{"line":39,"column":62}}],"line":39},"3":{"loc":{"start":{"line":61,"column":18},"end":{"line":61,"column":55}},"type":"binary-expr","locations":[{"start":{"line":61,"column":18},"end":{"line":61,"column":29}},{"start":{"line":61,"column":33},"end":{"line":61,"column":55}}],"line":61}},"s":{"0":1,"1":0,"2":0,"3":0,"4":0,"5":0,"6":0,"7":0,"8":0,"9":0,"10":0,"11":0,"12":0,"13":0,"14":0,"15":0,"16":0,"17":0,"18":0,"19":0,"20":0,"21":0,"22":0,"23":0,"24":0,"25":0,"26":0,"27":0,"28":0,"29":0,"30":0,"31":0,"32":0,"33":0},"f":{"0":0,"1":0,"2":0,"3":0,"4":0,"5":0},"b":{"0":[0],"1":[0,0],"2":[0,0],"3":[0,0]},"meta":{"lastBranch":4,"lastFunction":6,"lastStatement":34,"seen":{"s:16:27:78:1":0,"f:16:27:16:28":0,"s:17:18:17:32":1,"s:19:3:19:42":2,"f:19:16:19:17":1,"s:19:27:19:41":3,"s:21:24:31:3":4,"f:21:24:21:29":2,"b:21:41:21:43":0,"s:22:4:22:31":5,"s:23:4:30:5":6,"s:24:23:24:63":7,"s:25:6:25:38":8,"s:27:22:27:63":9,"b:27:22:27:33:27:37:27:63":1,"s:28:6:28:34":10,"s:29:6:29:27":11,"s:33:27:43:3":12,"f:33:27:33:32":3,"s:34:4:34:31":13,"s:35:4:42:5":14,"s:36:23:36:58":15,"s:37:6:37:49":16,"s:39:22:39:62":17,"b:39:22:39:33:39:37:39:62":2,"s:40:6:40:34":18,"s:41:6:41:27":19,"s:45:26:52:3":20,"f:45:26:45:31":4,"s:46:4:51:5":21,"s:47:23:47:55":22,"s:48:6:48:45":23,"s:50:6:50:48":24,"s:54:20:64:3":25,"f:54:20:54:25":5,"s:55:4:63:5":26,"s:56:23:56:72":27,"s:57:6:57:49":28,"s:58:6:58:50":29,"s:59:6:59:22":30,"s:61:6:61:57":31,"b:61:18:61:29:61:33:61:55":3,"s:62:6:62:16":32,"s:66:2:77:4":33}}}
,"C:\\Users\\Kharshavardhan\\Documents\\e-Commerce Devops\\frontend\\src\\pages\\AdminDashboard.jsx": {"path":"C:\\Users\\Kharshavardhan\\Documents\\e-Commerce Devops\\frontend\\src\\pages\\AdminDashboard.jsx","statementMap":{"0":{"start":{"line":11,"column":6},"end":{"line":173,"column":null}},"1":{"start":{"line":12,"column":16},"end":{"line":12,"column":null}},"2":{"start":{"line":13,"column":22},"end":{"line":13,"column":null}},"3":{"start":{"line":14,"column":16},"end":{"line":14,"column":null}},"4":{"start":{"line":15,"column":18},"end":{"line":15,"column":null}},"5":{"start":{"line":17,"column":2},"end":{"line":19,"column":null}},"6":{"start":{"line":18,"column":4},"end":{"line":18,"column":null}},"7":{"start":{"line":21,"column":21},"end":{"line":31,"column":null}},"8":{"start":{"line":22,"column":4},"end":{"line":30,"column":null}},"9":{"start":{"line":23,"column":6},"end":{"line":23,"column":null}},"10":{"start":{"line":24,"column":23},"end":{"line":24,"column":null}},"11":{"start":{"line":25,"column":6},"end":{"line":25,"column":null}},"12":{"start":{"line":27,"column":6},"end":{"line":27,"column":null}},"13":{"start":{"line":29,"column":6},"end":{"line":29,"column":null}},"14":{"start":{"line":33,"column":8},"end":{"line":35,"column":null}},"15":{"start":{"line":34,"column":4},"end":{"line":34,"column":null}},"16":{"start":{"line":37,"column":8},"end":{"line":46,"column":null}},"17":{"start":{"line":38,"column":4},"end":{"line":46,"column":null}},"18":{"start":{"line":49,"column":2},"end":{"line":171,"column":null}},"19":{"start":{"line":54,"column":24},"end":{"line":54,"column":null}},"20":{"start":{"line":75,"column":16},"end":{"line":75,"column":null}}},"fnMap":{"0":{"name":"(anonymous_0)","decl":{"start":{"line":11,"column":6},"end":{"line":11,"column":29}},"loc":{"start":{"line":11,"column":29},"end":{"line":173,"column":null}},"line":11},"1":{"name":"(anonymous_1)","decl":{"start":{"line":17,"column":2},"end":{"line":17,"column":18}},"loc":{"start":{"line":17,"column":18},"end":{"line":19,"column":5}},"line":17},"2":{"name":"(anonymous_2)","decl":{"start":{"line":21,"column":21},"end":{"line":21,"column":33}},"loc":{"start":{"line":21,"column":33},"end":{"line":31,"column":null}},"line":21},"3":{"name":"(anonymous_3)","decl":{"start":{"line":33,"column":8},"end":{"line":33,"column":29}},"loc":{"start":{"line":33,"column":29},"end":{"line":35,"column":null}},"line":33},"4":{"name":"(anonymous_4)","decl":{"start":{"line":37,"column":8},"end":{"line":37,"column":20}},"loc":{"start":{"line":38,"column":4},"end":{"line":46,"column":null}},"line":38},"5":{"name":"(anonymous_5)","decl":{"start":{"line":54,"column":8},"end":{"line":54,"column":24}},"loc":{"start":{"line":54,"column":24},"end":{"line":54,"column":null}},"line":54},"6":{"name":"(anonymous_6)","decl":{"start":{"line":74,"column":28},"end":{"line":74,"column":33}},"loc":{"start":{"line":75,"column":16},"end":{"line":75,"column":null}},"line":75}},"branchMap":{"0":{"loc":{"start":{"line":27,"column":18},"end":{"line":27,"column":63}},"type":"binary-expr","locations":[{"start":{"line":27,"column":18},"end":{"line":27,"column":35}},{"start":{"line":27,"column":35},"end":{"line":27,"column":63}}],"line":27},"1":{"loc":{"start":{"line":73,"column":13},"end":{"line":104,"column":null}},"type":"cond-expr","locations":[{"start":{"line":74,"column":14},"end":{"line":76,"column":null}},{"start":{"line":77,"column":16},"end":{"line":104,"column":null}}],"line":73},"2":{"loc":{"start":{"line":77,"column":16},"end":{"line":104,"column":null}},"type":"cond-expr","locations":[{"start":{"line":78,"column":14},"end":{"line":104,"column":null}},{"start":{"line":104,"column":16},"end":{"line":104,"column":null}}],"line":77},"3":{"loc":{"start":{"line":116,"column":53},"end":{"line":116,"column":82}},"type":"binary-expr","locations":[{"start":{"line":116,"column":53},"end":{"line":116,"column":74}},{"start":{"line":116,"column":74},"end":{"line":116,"column":82}}],"line":116},"4":{"loc":{"start":{"line":122,"column":34},"end":{"line":122,"column":106}},"type":"cond-expr","locations":[{"start":{"line":122,"column":59},"end":{"line":122,"column":104}},{"start":{"line":122,"column":104},"end":{"line":122,"column":106}}],"line":122},"5":{"loc":{"start":{"line":130,"column":53},"end":{"line":130,"column":81}},"type":"binary-expr","locations":[{"start":{"line":130,"column":53},"end":{"line":130,"column":73}},{"start":{"line":130,"column":73},"end":{"line":130,"column":81}}],"line":130},"6":{"loc":{"start":{"line":136,"column":34},"end":{"line":136,"column":105}},"type":"cond-expr","locations":[{"start":{"line":136,"column":59},"end":{"line":136,"column":103}},{"start":{"line":136,"column":103},"end":{"line":136,"column":105}}],"line":136}},"s":{"0":1,"1":0,"2":0,"3":0,"4":0,"5":0,"6":0,"7":0,"8":0,"9":0,"10":0,"11":0,"12":0,"13":0,"14":0,"15":0,"16":0,"17":0,"18":0,"19":0,"20":0},"f":{"0":0,"1":0,"2":0,"3":0,"4":0,"5":0,"6":0},"b":{"0":[0,0],"1":[0,0],"2":[0,0],"3":[0,0],"4":[0,0],"5":[0,0],"6":[0,0]},"meta":{"lastBranch":7,"lastFunction":7,"lastStatement":21,"seen":{"s:11:6:173:Infinity":0,"f:11:6:11:29":0,"s:12:16:12:Infinity":1,"s:13:22:13:Infinity":2,"s:14:16:14:Infinity":3,"s:15:18:15:Infinity":4,"s:17:2:19:Infinity":5,"f:17:2:17:18":1,"s:18:4:18:Infinity":6,"s:21:21:31:Infinity":7,"f:21:21:21:33":2,"s:22:4:30:Infinity":8,"s:23:6:23:Infinity":9,"s:24:23:24:Infinity":10,"s:25:6:25:Infinity":11,"s:27:6:27:Infinity":12,"b:27:18:27:35:27:35:27:63":0,"s:29:6:29:Infinity":13,"s:33:8:35:Infinity":14,"f:33:8:33:29":3,"s:34:4:34:Infinity":15,"s:37:8:46:Infinity":16,"f:37:8:37:20":4,"s:38:4:46:Infinity":17,"s:49:2:171:Infinity":18,"f:54:8:54:24":5,"s:54:24:54:Infinity":19,"b:74:14:76:Infinity:77:16:104:Infinity":1,"f:74:28:74:33":6,"s:75:16:75:Infinity":20,"b:78:14:104:Infinity:104:16:104:Infinity":2,"b:116:53:116:74:116:74:116:82":3,"b:122:59:122:104:122:104:122:106":4,"b:130:53:130:73:130:73:130:81":5,"b:136:59:136:103:136:103:136:105":6}}}
,"C:\\Users\\Kharshavardhan\\Documents\\e-Commerce Devops\\frontend\\src\\pages\\AdminProducts.jsx": {"path":"C:\\Users\\Kharshavardhan\\Documents\\e-Commerce Devops\\frontend\\src\\pages\\AdminProducts.jsx","statementMap":{"0":{"start":{"line":13,"column":6},"end":{"line":287,"column":null}},"1":{"start":{"line":14,"column":16},"end":{"line":14,"column":null}},"2":{"start":{"line":15,"column":22},"end":{"line":15,"column":null}},"3":{"start":{"line":16,"column":19},"end":{"line":16,"column":null}},"4":{"start":{"line":17,"column":18},"end":{"line":17,"column":null}},"5":{"start":{"line":18,"column":20},"end":{"line":18,"column":null}},"6":{"start":{"line":19,"column":25},"end":{"line":19,"column":null}},"7":{"start":{"line":20,"column":19},"end":{"line":27,"column":null}},"8":{"start":{"line":29,"column":2},"end":{"line":31,"column":null}},"9":{"start":{"line":30,"column":4},"end":{"line":30,"column":null}},"10":{"start":{"line":33,"column":24},"end":{"line":44,"column":null}},"11":{"start":{"line":34,"column":4},"end":{"line":43,"column":null}},"12":{"start":{"line":35,"column":6},"end":{"line":35,"column":null}},"13":{"start":{"line":36,"column":23},"end":{"line":36,"column":null}},"14":{"start":{"line":38,"column":6},"end":{"line":38,"column":null}},"15":{"start":{"line":40,"column":6},"end":{"line":40,"column":null}},"16":{"start":{"line":42,"column":6},"end":{"line":42,"column":null}},"17":{"start":{"line":46,"column":8},"end":{"line":52,"column":null}},"18":{"start":{"line":47,"column":28},"end":{"line":47,"column":null}},"19":{"start":{"line":48,"column":4},"end":{"line":51,"column":null}},"20":{"start":{"line":48,"column":27},"end":{"line":51,"column":6}},"21":{"start":{"line":54,"column":8},"end":{"line":70,"column":null}},"22":{"start":{"line":55,"column":4},"end":{"line":68,"column":null}},"23":{"start":{"line":56,"column":6},"end":{"line":56,"column":null}},"24":{"start":{"line":57,"column":6},"end":{"line":57,"column":null}},"25":{"start":{"line":59,"column":6},"end":{"line":59,"column":null}},"26":{"start":{"line":60,"column":6},"end":{"line":67,"column":null}},"27":{"start":{"line":69,"column":4},"end":{"line":69,"column":null}},"28":{"start":{"line":72,"column":8},"end":{"line":83,"column":null}},"29":{"start":{"line":73,"column":4},"end":{"line":73,"column":null}},"30":{"start":{"line":74,"column":4},"end":{"line":74,"column":null}},"31":{"start":{"line":75,"column":4},"end":{"line":82,"column":null}},"32":{"start":{"line":85,"column":23},"end":{"line":100,"column":null}},"33":{"start":{"line":86,"column":4},"end":{"line":86,"column":null}},"34":{"start":{"line":87,"column":4},"end":{"line":99,"column":null}},"35":{"start":{"line":88,"column":6},"end":{"line":94,"column":null}},"36":{"start":{"line":89,"column":8},"end":{"line":89,"column":null}},"37":{"start":{"line":90,"column":8},"end":{"line":90,"column":null}},"38":{"start":{"line":92,"column":8},"end":{"line":92,"column":null}},"39":{"start":{"line":93,"column":8},"end":{"line":93,"column":null}},"40":{"start":{"line":95,"column":6},"end":{"line":95,"column":null}},"41":{"start":{"line":96,"column":6},"end":{"line":96,"column":null}},"42":{"start":{"line":98,"column":6},"end":{"line":98,"column":null}},"43":{"start":{"line":102,"column":23},"end":{"line":114,"column":null}},"44":{"start":{"line":103,"column":4},"end":{"line":105,"column":null}},"45":{"start":{"line":104,"column":6},"end":{"line":104,"column":null}},"46":{"start":{"line":107,"column":4},"end":{"line":113,"column":null}},"47":{"start":{"line":108,"column":6},"end":{"line":108,"column":null}},"48":{"start":{"line":109,"column":6},"end":{"line":109,"column":null}},"49":{"start":{"line":110,"column":6},"end":{"line":110,"column":null}},"50":{"start":{"line":112,"column":6},"end":{"line":112,"column":null}},"51":{"start":{"line":116,"column":8},"end":{"line":118,"column":null}},"52":{"start":{"line":117,"column":4},"end":{"line":117,"column":null}},"53":{"start":{"line":120,"column":2},"end":{"line":285,"column":null}},"54":{"start":{"line":125,"column":24},"end":{"line":125,"column":null}},"55":{"start":{"line":135,"column":27},"end":{"line":135,"column":null}},"56":{"start":{"line":165,"column":20},"end":{"line":186,"column":null}},"57":{"start":{"line":173,"column":43},"end":{"line":173,"column":null}},"58":{"start":{"line":179,"column":43},"end":{"line":179,"column":null}}},"fnMap":{"0":{"name":"(anonymous_0)","decl":{"start":{"line":13,"column":6},"end":{"line":13,"column":28}},"loc":{"start":{"line":13,"column":28},"end":{"line":287,"column":null}},"line":13},"1":{"name":"(anonymous_1)","decl":{"start":{"line":29,"column":2},"end":{"line":29,"column":18}},"loc":{"start":{"line":29,"column":18},"end":{"line":31,"column":5}},"line":29},"2":{"name":"(anonymous_2)","decl":{"start":{"line":33,"column":24},"end":{"line":33,"column":36}},"loc":{"start":{"line":33,"column":36},"end":{"line":44,"column":null}},"line":33},"3":{"name":"(anonymous_3)","decl":{"start":{"line":46,"column":8},"end":{"line":46,"column":24}},"loc":{"start":{"line":46,"column":30},"end":{"line":52,"column":null}},"line":46},"4":{"name":"(anonymous_4)","decl":{"start":{"line":48,"column":4},"end":{"line":48,"column":17}},"loc":{"start":{"line":48,"column":27},"end":{"line":51,"column":6}},"line":48},"5":{"name":"(anonymous_5)","decl":{"start":{"line":54,"column":8},"end":{"line":54,"column":27}},"loc":{"start":{"line":54,"column":46},"end":{"line":70,"column":null}},"line":54},"6":{"name":"(anonymous_6)","decl":{"start":{"line":72,"column":8},"end":{"line":72,"column":33}},"loc":{"start":{"line":72,"column":33},"end":{"line":83,"column":null}},"line":72},"7":{"name":"(anonymous_7)","decl":{"start":{"line":85,"column":23},"end":{"line":85,"column":30}},"loc":{"start":{"line":85,"column":36},"end":{"line":100,"column":null}},"line":85},"8":{"name":"(anonymous_8)","decl":{"start":{"line":102,"column":23},"end":{"line":102,"column":30}},"loc":{"start":{"line":102,"column":44},"end":{"line":114,"column":null}},"line":102},"9":{"name":"(anonymous_9)","decl":{"start":{"line":116,"column":8},"end":{"line":116,"column":29}},"loc":{"start":{"line":116,"column":29},"end":{"line":118,"column":null}},"line":116},"10":{"name":"(anonymous_10)","decl":{"start":{"line":125,"column":8},"end":{"line":125,"column":24}},"loc":{"start":{"line":125,"column":24},"end":{"line":125,"column":null}},"line":125},"11":{"name":"(anonymous_11)","decl":{"start":{"line":135,"column":12},"end":{"line":135,"column":27}},"loc":{"start":{"line":135,"column":27},"end":{"line":135,"column":null}},"line":135},"12":{"name":"(anonymous_12)","decl":{"start":{"line":164,"column":27},"end":{"line":164,"column":32}},"loc":{"start":{"line":165,"column":20},"end":{"line":186,"column":null}},"line":165},"13":{"name":"(anonymous_13)","decl":{"start":{"line":173,"column":28},"end":{"line":173,"column":43}},"loc":{"start":{"line":173,"column":43},"end":{"line":173,"column":null}},"line":173},"14":{"name":"(anonymous_14)","decl":{"start":{"line":179,"column":28},"end":{"line":179,"column":43}},"loc":{"start":{"line":179,"column":43},"end":{"line":179,"column":null}},"line":179}},"branchMap":{"0":{"loc":{"start":{"line":40,"column":18},"end":{"line":40,"column":61}},"type":"binary-expr","locations":[{"start":{"line":40,"column":18},"end":{"line":40,"column":35}},{"start":{"line":40,"column":35},"end":{"line":40,"column":61}}],"line":40},"1":{"loc":{"start":{"line":54,"column":27},"end":{"line":54,"column":46}},"type":"default-arg","locations":[{"start":{"line":54,"column":37},"end":{"line":54,"column":46}}],"line":54},"2":{"loc":{"start":{"line":55,"column":4},"end":{"line":68,"column":null}},"type":"if","locations":[{"start":{"line":55,"column":4},"end":{"line":68,"column":null}},{"start":{"line":58,"column":11},"end":{"line":68,"column":null}}],"line":55},"3":{"loc":{"start":{"line":88,"column":6},"end":{"line":94,"column":null}},"type":"if","locations":[{"start":{"line":88,"column":6},"end":{"line":94,"column":null}},{"start":{"line":91,"column":13},"end":{"line":94,"column":null}}],"line":88},"4":{"loc":{"start":{"line":98,"column":18},"end":{"line":98,"column":53}},"type":"binary-expr","locations":[{"start":{"line":98,"column":18},"end":{"line":98,"column":35}},{"start":{"line":98,"column":35},"end":{"line":98,"column":53}}],"line":98},"5":{"loc":{"start":{"line":103,"column":4},"end":{"line":105,"column":null}},"type":"if","locations":[{"start":{"line":103,"column":4},"end":{"line":105,"column":null}},{"start":{},"end":{}}],"line":103},"6":{"loc":{"start":{"line":112,"column":18},"end":{"line":112,"column":61}},"type":"binary-expr","locations":[{"start":{"line":112,"column":18},"end":{"line":112,"column":35}},{"start":{"line":112,"column":35},"end":{"line":112,"column":61}}],"line":112},"7":{"loc":{"start":{"line":157,"column":17},"end":{"line":195,"column":null}},"type":"cond-expr","locations":[{"start":{"line":158,"column":18},"end":{"line":163,"column":29}},{"start":{"line":163,"column":20},"end":{"line":195,"column":null}}],"line":157},"8":{"loc":{"start":{"line":163,"column":20},"end":{"line":195,"column":null}},"type":"cond-expr","locations":[{"start":{"line":164,"column":18},"end":{"line":187,"column":null}},{"start":{"line":189,"column":18},"end":{"line":195,"column":null}}],"line":163},"9":{"loc":{"start":{"line":202,"column":7},"end":{"line":283,"column":null}},"type":"binary-expr","locations":[{"start":{"line":202,"column":7},"end":{"line":202,"column":null}},{"start":{"line":203,"column":8},"end":{"line":283,"column":null}}],"line":202},"10":{"loc":{"start":{"line":207,"column":17},"end":{"line":207,"column":null}},"type":"cond-expr","locations":[{"start":{"line":207,"column":34},"end":{"line":207,"column":51}},{"start":{"line":207,"column":51},"end":{"line":207,"column":null}}],"line":207},"11":{"loc":{"start":{"line":278,"column":19},"end":{"line":278,"column":null}},"type":"cond-expr","locations":[{"start":{"line":278,"column":36},"end":{"line":278,"column":47}},{"start":{"line":278,"column":47},"end":{"line":278,"column":null}}],"line":278}},"s":{"0":1,"1":0,"2":0,"3":0,"4":0,"5":0,"6":0,"7":0,"8":0,"9":0,"10":0,"11":0,"12":0,"13":0,"14":0,"15":0,"16":0,"17":0,"18":0,"19":0,"20":0,"21":0,"22":0,"23":0,"24":0,"25":0,"26":0,"27":0,"28":0,"29":0,"30":0,"31":0,"32":0,"33":0,"34":0,"35":0,"36":0,"37":0,"38":0,"39":0,"40":0,"41":0,"42":0,"43":0,"44":0,"45":0,"46":0,"47":0,"48":0,"49":0,"50":0,"51":0,"52":0,"53":0,"54":0,"55":0,"56":0,"57":0,"58":0},"f":{"0":0,"1":0,"2":0,"3":0,"4":0,"5":0,"6":0,"7":0,"8":0,"9":0,"10":0,"11":0,"12":0,"13":0,"14":0},"b":{"0":[0,0],"1":[0],"2":[0,0],"3":[0,0],"4":[0,0],"5":[0,0],"6":[0,0],"7":[0,0],"8":[0,0],"9":[0,0],"10":[0,0],"11":[0,0]},"meta":{"lastBranch":12,"lastFunction":15,"lastStatement":59,"seen":{"s:13:6:287:Infinity":0,"f:13:6:13:28":0,"s:14:16:14:Infinity":1,"s:15:22:15:Infinity":2,"s:16:19:16:Infinity":3,"s:17:18:17:Infinity":4,"s:18:20:18:Infinity":5,"s:19:25:19:Infinity":6,"s:20:19:27:Infinity":7,"s:29:2:31:Infinity":8,"f:29:2:29:18":1,"s:30:4:30:Infinity":9,"s:33:24:44:Infinity":10,"f:33:24:33:36":2,"s:34:4:43:Infinity":11,"s:35:6:35:Infinity":12,"s:36:23:36:Infinity":13,"s:38:6:38:Infinity":14,"s:40:6:40:Infinity":15,"b:40:18:40:35:40:35:40:61":0,"s:42:6:42:Infinity":16,"s:46:8:52:Infinity":17,"f:46:8:46:24":3,"s:47:28:47:Infinity":18,"s:48:4:51:Infinity":19,"f:48:4:48:17":4,"s:48:27:51:6":20,"s:54:8:70:Infinity":21,"f:54:8:54:27":5,"b:54:37:54:46":1,"b:55:4:68:Infinity:58:11:68:Infinity":2,"s:55:4:68:Infinity":22,"s:56:6:56:Infinity":23,"s:57:6:57:Infinity":24,"s:59:6:59:Infinity":25,"s:60:6:67:Infinity":26,"s:69:4:69:Infinity":27,"s:72:8:83:Infinity":28,"f:72:8:72:33":6,"s:73:4:73:Infinity":29,"s:74:4:74:Infinity":30,"s:75:4:82:Infinity":31,"s:85:23:100:Infinity":32,"f:85:23:85:30":7,"s:86:4:86:Infinity":33,"s:87:4:99:Infinity":34,"b:88:6:94:Infinity:91:13:94:Infinity":3,"s:88:6:94:Infinity":35,"s:89:8:89:Infinity":36,"s:90:8:90:Infinity":37,"s:92:8:92:Infinity":38,"s:93:8:93:Infinity":39,"s:95:6:95:Infinity":40,"s:96:6:96:Infinity":41,"s:98:6:98:Infinity":42,"b:98:18:98:35:98:35:98:53":4,"s:102:23:114:Infinity":43,"f:102:23:102:30":8,"b:103:4:105:Infinity:undefined:undefined:undefined:undefined":5,"s:103:4:105:Infinity":44,"s:104:6:104:Infinity":45,"s:107:4:113:Infinity":46,"s:108:6:108:Infinity":47,"s:109:6:109:Infinity":48,"s:110:6:110:Infinity":49,"s:112:6:112:Infinity":50,"b:112:18:112:35:112:35:112:61":6,"s:116:8:118:Infinity":51,"f:116:8:116:29":9,"s:117:4:117:Infinity":52,"s:120:2:285:Infinity":53,"f:125:8:125:24":10,"s:125:24:125:Infinity":54,"f:135:12:135:27":11,"s:135:27:135:Infinity":55,"b:158:18:163:29:163:20:195:Infinity":7,"b:164:18:187:Infinity:189:18:195:Infinity":8,"f:164:27:164:32":12,"s:165:20:186:Infinity":56,"f:173:28:173:43":13,"s:173:43:173:Infinity":57,"f:179:28:179:43":14,"s:179:43:179:Infinity":58,"b:202:7:202:Infinity:203:8:283:Infinity":9,"b:207:34:207:51:207:51:207:Infinity":10,"b:278:36:278:47:278:47:278:Infinity":11}}}
,"C:\\Users\\Kharshavardhan\\Documents\\e-Commerce Devops\\frontend\\src\\pages\\AdminUsers.jsx": {"path":"C:\\Users\\Kharshavardhan\\Documents\\e-Commerce Devops\\frontend\\src\\pages\\AdminUsers.jsx","statementMap":{"0":{"start":{"line":12,"column":6},"end":{"line":153,"column":null}},"1":{"start":{"line":13,"column":16},"end":{"line":13,"column":null}},"2":{"start":{"line":14,"column":22},"end":{"line":14,"column":null}},"3":{"start":{"line":15,"column":16},"end":{"line":15,"column":null}},"4":{"start":{"line":16,"column":18},"end":{"line":16,"column":null}},"5":{"start":{"line":17,"column":17},"end":{"line":17,"column":null}},"6":{"start":{"line":19,"column":2},"end":{"line":21,"column":null}},"7":{"start":{"line":20,"column":4},"end":{"line":20,"column":null}},"8":{"start":{"line":23,"column":21},"end":{"line":33,"column":null}},"9":{"start":{"line":24,"column":4},"end":{"line":32,"column":null}},"10":{"start":{"line":25,"column":6},"end":{"line":25,"column":null}},"11":{"start":{"line":26,"column":23},"end":{"line":26,"column":null}},"12":{"start":{"line":27,"column":6},"end":{"line":27,"column":null}},"13":{"start":{"line":29,"column":6},"end":{"line":29,"column":null}},"14":{"start":{"line":31,"column":6},"end":{"line":31,"column":null}},"15":{"start":{"line":35,"column":27},"end":{"line":47,"column":null}},"16":{"start":{"line":36,"column":4},"end":{"line":38,"column":null}},"17":{"start":{"line":37,"column":6},"end":{"line":37,"column":null}},"18":{"start":{"line":40,"column":4},"end":{"line":46,"column":null}},"19":{"start":{"line":41,"column":6},"end":{"line":41,"column":null}},"20":{"start":{"line":42,"column":6},"end":{"line":42,"column":null}},"21":{"start":{"line":43,"column":6},"end":{"line":43,"column":null}},"22":{"start":{"line":45,"column":6},"end":{"line":45,"column":null}},"23":{"start":{"line":49,"column":27},"end":{"line":57,"column":null}},"24":{"start":{"line":50,"column":4},"end":{"line":56,"column":null}},"25":{"start":{"line":51,"column":6},"end":{"line":51,"column":null}},"26":{"start":{"line":52,"column":6},"end":{"line":52,"column":null}},"27":{"start":{"line":53,"column":6},"end":{"line":53,"column":null}},"28":{"start":{"line":55,"column":6},"end":{"line":55,"column":null}},"29":{"start":{"line":59,"column":8},"end":{"line":61,"column":null}},"30":{"start":{"line":60,"column":4},"end":{"line":60,"column":null}},"31":{"start":{"line":63,"column":2},"end":{"line":151,"column":null}},"32":{"start":{"line":68,"column":24},"end":{"line":68,"column":null}},"33":{"start":{"line":87,"column":31},"end":{"line":87,"column":null}},"34":{"start":{"line":113,"column":20},"end":{"line":137,"column":null}},"35":{"start":{"line":119,"column":43},"end":{"line":119,"column":null}},"36":{"start":{"line":131,"column":41},"end":{"line":131,"column":null}}},"fnMap":{"0":{"name":"(anonymous_0)","decl":{"start":{"line":12,"column":6},"end":{"line":12,"column":25}},"loc":{"start":{"line":12,"column":25},"end":{"line":153,"column":null}},"line":12},"1":{"name":"(anonymous_1)","decl":{"start":{"line":19,"column":2},"end":{"line":19,"column":18}},"loc":{"start":{"line":19,"column":18},"end":{"line":21,"column":5}},"line":19},"2":{"name":"(anonymous_2)","decl":{"start":{"line":23,"column":21},"end":{"line":23,"column":33}},"loc":{"start":{"line":23,"column":33},"end":{"line":33,"column":null}},"line":23},"3":{"name":"(anonymous_3)","decl":{"start":{"line":35,"column":27},"end":{"line":35,"column":34}},"loc":{"start":{"line":35,"column":45},"end":{"line":47,"column":null}},"line":35},"4":{"name":"(anonymous_4)","decl":{"start":{"line":49,"column":27},"end":{"line":49,"column":34}},"loc":{"start":{"line":49,"column":54},"end":{"line":57,"column":null}},"line":49},"5":{"name":"(anonymous_5)","decl":{"start":{"line":59,"column":8},"end":{"line":59,"column":29}},"loc":{"start":{"line":59,"column":29},"end":{"line":61,"column":null}},"line":59},"6":{"name":"(anonymous_6)","decl":{"start":{"line":68,"column":8},"end":{"line":68,"column":24}},"loc":{"start":{"line":68,"column":24},"end":{"line":68,"column":null}},"line":68},"7":{"name":"(anonymous_7)","decl":{"start":{"line":87,"column":14},"end":{"line":87,"column":25}},"loc":{"start":{"line":87,"column":31},"end":{"line":87,"column":null}},"line":87},"8":{"name":"(anonymous_8)","decl":{"start":{"line":112,"column":24},"end":{"line":112,"column":29}},"loc":{"start":{"line":113,"column":20},"end":{"line":137,"column":null}},"line":113},"9":{"name":"(anonymous_9)","decl":{"start":{"line":119,"column":26},"end":{"line":119,"column":37}},"loc":{"start":{"line":119,"column":43},"end":{"line":119,"column":null}},"line":119},"10":{"name":"(anonymous_10)","decl":{"start":{"line":131,"column":26},"end":{"line":131,"column":41}},"loc":{"start":{"line":131,"column":41},"end":{"line":131,"column":null}},"line":131}},"branchMap":{"0":{"loc":{"start":{"line":29,"column":18},"end":{"line":29,"column":58}},"type":"binary-expr","locations":[{"start":{"line":29,"column":18},"end":{"line":29,"column":35}},{"start":{"line":29,"column":35},"end":{"line":29,"column":58}}],"line":29},"1":{"loc":{"start":{"line":36,"column":4},"end":{"line":38,"column":null}},"type":"if","locations":[{"start":{"line":36,"column":4},"end":{"line":38,"column":null}},{"start":{},"end":{}}],"line":36},"2":{"loc":{"start":{"line":45,"column":18},"end":{"line":45,"column":58}},"type":"binary-expr","locations":[{"start":{"line":45,"column":18},"end":{"line":45,"column":35}},{"start":{"line":45,"column":35},"end":{"line":45,"column":58}}],"line":45},"3":{"loc":{"start":{"line":55,"column":18},"end":{"line":55,"column":58}},"type":"binary-expr","locations":[{"start":{"line":55,"column":18},"end":{"line":55,"column":35}},{"start":{"line":55,"column":35},"end":{"line":55,"column":58}}],"line":55},"4":{"loc":{"start":{"line":105,"column":17},"end":{"line":146,"column":null}},"type":"cond-expr","locations":[{"start":{"line":106,"column":18},"end":{"line":111,"column":26}},{"start":{"line":111,"column":20},"end":{"line":146,"column":null}}],"line":105},"5":{"loc":{"start":{"line":111,"column":20},"end":{"line":146,"column":null}},"type":"cond-expr","locations":[{"start":{"line":112,"column":18},"end":{"line":138,"column":null}},{"start":{"line":140,"column":18},"end":{"line":146,"column":null}}],"line":111}},"s":{"0":1,"1":0,"2":0,"3":0,"4":0,"5":0,"6":0,"7":0,"8":0,"9":0,"10":0,"11":0,"12":0,"13":0,"14":0,"15":0,"16":0,"17":0,"18":0,"19":0,"20":0,"21":0,"22":0,"23":0,"24":0,"25":0,"26":0,"27":0,"28":0,"29":0,"30":0,"31":0,"32":0,"33":0,"34":0,"35":0,"36":0},"f":{"0":0,"1":0,"2":0,"3":0,"4":0,"5":0,"6":0,"7":0,"8":0,"9":0,"10":0},"b":{"0":[0,0],"1":[0,0],"2":[0,0],"3":[0,0],"4":[0,0],"5":[0,0]},"meta":{"lastBranch":6,"lastFunction":11,"lastStatement":37,"seen":{"s:12:6:153:Infinity":0,"f:12:6:12:25":0,"s:13:16:13:Infinity":1,"s:14:22:14:Infinity":2,"s:15:16:15:Infinity":3,"s:16:18:16:Infinity":4,"s:17:17:17:Infinity":5,"s:19:2:21:Infinity":6,"f:19:2:19:18":1,"s:20:4:20:Infinity":7,"s:23:21:33:Infinity":8,"f:23:21:23:33":2,"s:24:4:32:Infinity":9,"s:25:6:25:Infinity":10,"s:26:23:26:Infinity":11,"s:27:6:27:Infinity":12,"s:29:6:29:Infinity":13,"b:29:18:29:35:29:35:29:58":0,"s:31:6:31:Infinity":14,"s:35:27:47:Infinity":15,"f:35:27:35:34":3,"b:36:4:38:Infinity:undefined:undefined:undefined:undefined":1,"s:36:4:38:Infinity":16,"s:37:6:37:Infinity":17,"s:40:4:46:Infinity":18,"s:41:6:41:Infinity":19,"s:42:6:42:Infinity":20,"s:43:6:43:Infinity":21,"s:45:6:45:Infinity":22,"b:45:18:45:35:45:35:45:58":2,"s:49:27:57:Infinity":23,"f:49:27:49:34":4,"s:50:4:56:Infinity":24,"s:51:6:51:Infinity":25,"s:52:6:52:Infinity":26,"s:53:6:53:Infinity":27,"s:55:6:55:Infinity":28,"b:55:18:55:35:55:35:55:58":3,"s:59:8:61:Infinity":29,"f:59:8:59:29":5,"s:60:4:60:Infinity":30,"s:63:2:151:Infinity":31,"f:68:8:68:24":6,"s:68:24:68:Infinity":32,"f:87:14:87:25":7,"s:87:31:87:Infinity":33,"b:106:18:111:26:111:20:146:Infinity":4,"b:112:18:138:Infinity:140:18:146:Infinity":5,"f:112:24:112:29":8,"s:113:20:137:Infinity":34,"f:119:26:119:37":9,"s:119:43:119:Infinity":35,"f:131:26:131:41":10,"s:131:41:131:Infinity":36}}}
,"C:\\Users\\Kharshavardhan\\Documents\\e-Commerce Devops\\frontend\\src\\pages\\Dashboard.jsx": {"path":"C:\\Users\\Kharshavardhan\\Documents\\e-Commerce Devops\\frontend\\src\\pages\\Dashboard.jsx","statementMap":{"0":{"start":{"line":15,"column":6},"end":{"line":149,"column":null}},"1":{"start":{"line":16,"column":8},"end":{"line":16,"column":null}},"2":{"start":{"line":17,"column":16},"end":{"line":17,"column":null}},"3":{"start":{"line":18,"column":56},"end":{"line":18,"column":null}},"4":{"start":{"line":19,"column":21},"end":{"line":19,"column":null}},"5":{"start":{"line":21,"column":19},"end":{"line":21,"column":null}},"6":{"start":{"line":22,"column":18},"end":{"line":27,"column":null}},"7":{"start":{"line":29,"column":2},"end":{"line":31,"column":null}},"8":{"start":{"line":30,"column":4},"end":{"line":30,"column":null}},"9":{"start":{"line":33,"column":2},"end":{"line":35,"column":null}},"10":{"start":{"line":34,"column":4},"end":{"line":34,"column":null}},"11":{"start":{"line":37,"column":8},"end":{"line":43,"column":null}},"12":{"start":{"line":38,"column":4},"end":{"line":42,"column":null}},"13":{"start":{"line":38,"column":26},"end":{"line":42,"column":6}},"14":{"start":{"line":45,"column":8},"end":{"line":51,"column":null}},"15":{"start":{"line":46,"column":4},"end":{"line":50,"column":null}},"16":{"start":{"line":46,"column":26},"end":{"line":50,"column":6}},"17":{"start":{"line":53,"column":8},"end":{"line":61,"column":null}},"18":{"start":{"line":54,"column":4},"end":{"line":60,"column":null}},"19":{"start":{"line":63,"column":8},"end":{"line":65,"column":null}},"20":{"start":{"line":64,"column":4},"end":{"line":64,"column":null}},"21":{"start":{"line":67,"column":8},"end":{"line":70,"column":null}},"22":{"start":{"line":68,"column":4},"end":{"line":68,"column":null}},"23":{"start":{"line":69,"column":4},"end":{"line":69,"column":null}},"24":{"start":{"line":72,"column":2},"end":{"line":147,"column":null}},"25":{"start":{"line":79,"column":28},"end":{"line":79,"column":null}},"26":{"start":{"line":128,"column":18},"end":{"line":133,"column":null}}},"fnMap":{"0":{"name":"(anonymous_0)","decl":{"start":{"line":15,"column":6},"end":{"line":15,"column":24}},"loc":{"start":{"line":15,"column":24},"end":{"line":149,"column":null}},"line":15},"1":{"name":"(anonymous_1)","decl":{"start":{"line":29,"column":2},"end":{"line":29,"column":18}},"loc":{"start":{"line":29,"column":18},"end":{"line":31,"column":5}},"line":29},"2":{"name":"(anonymous_2)","decl":{"start":{"line":33,"column":2},"end":{"line":33,"column":18}},"loc":{"start":{"line":33,"column":18},"end":{"line":35,"column":5}},"line":33},"3":{"name":"(anonymous_3)","decl":{"start":{"line":37,"column":8},"end":{"line":37,"column":32}},"loc":{"start":{"line":37,"column":45},"end":{"line":43,"column":null}},"line":37},"4":{"name":"(anonymous_4)","decl":{"start":{"line":38,"column":4},"end":{"line":38,"column":16}},"loc":{"start":{"line":38,"column":26},"end":{"line":42,"column":6}},"line":38},"5":{"name":"(anonymous_5)","decl":{"start":{"line":45,"column":8},"end":{"line":45,"column":30}},"loc":{"start":{"line":45,"column":41},"end":{"line":51,"column":null}},"line":45},"6":{"name":"(anonymous_6)","decl":{"start":{"line":46,"column":4},"end":{"line":46,"column":16}},"loc":{"start":{"line":46,"column":26},"end":{"line":50,"column":6}},"line":46},"7":{"name":"(anonymous_7)","decl":{"start":{"line":53,"column":8},"end":{"line":53,"column":27}},"loc":{"start":{"line":53,"column":39},"end":{"line":61,"column":null}},"line":53},"8":{"name":"(anonymous_8)","decl":{"start":{"line":63,"column":8},"end":{"line":63,"column":29}},"loc":{"start":{"line":63,"column":43},"end":{"line":65,"column":null}},"line":63},"9":{"name":"(anonymous_9)","decl":{"start":{"line":67,"column":8},"end":{"line":67,"column":29}},"loc":{"start":{"line":67,"column":29},"end":{"line":70,"column":null}},"line":67},"10":{"name":"(anonymous_10)","decl":{"start":{"line":79,"column":8},"end":{"line":79,"column":28}},"loc":{"start":{"line":79,"column":28},"end":{"line":79,"column":null}},"line":79},"11":{"name":"(anonymous_11)","decl":{"start":{"line":127,"column":25},"end":{"line":127,"column":30}},"loc":{"start":{"line":128,"column":18},"end":{"line":133,"column":null}},"line":128}},"branchMap":{"0":{"loc":{"start":{"line":115,"column":17},"end":{"line":115,"column":null}},"type":"cond-expr","locations":[{"start":{"line":115,"column":34},"end":{"line":115,"column":77}},{"start":{"line":115,"column":77},"end":{"line":115,"column":null}}],"line":115},"1":{"loc":{"start":{"line":117,"column":15},"end":{"line":120,"column":null}},"type":"binary-expr","locations":[{"start":{"line":117,"column":15},"end":{"line":117,"column":null}},{"start":{"line":118,"column":16},"end":{"line":120,"column":null}}],"line":117},"2":{"loc":{"start":{"line":124,"column":15},"end":{"line":138,"column":null}},"type":"cond-expr","locations":[{"start":{"line":125,"column":16},"end":{"line":126,"column":27}},{"start":{"line":126,"column":18},"end":{"line":138,"column":null}}],"line":124},"3":{"loc":{"start":{"line":126,"column":18},"end":{"line":138,"column":null}},"type":"cond-expr","locations":[{"start":{"line":127,"column":16},"end":{"line":134,"column":null}},{"start":{"line":136,"column":16},"end":{"line":138,"column":null}}],"line":126}},"s":{"0":1,"1":0,"2":0,"3":0,"4":0,"5":0,"6":0,"7":0,"8":0,"9":0,"10":0,"11":0,"12":0,"13":0,"14":0,"15":0,"16":0,"17":0,"18":0,"19":0,"20":0,"21":0,"22":0,"23":0,"24":0,"25":0,"26":0},"f":{"0":0,"1":0,"2":0,"3":0,"4":0,"5":0,"6":0,"7":0,"8":0,"9":0,"10":0,"11":0},"b":{"0":[0,0],"1":[0,0],"2":[0,0],"3":[0,0]},"meta":{"lastBranch":4,"lastFunction":12,"lastStatement":27,"seen":{"s:15:6:149:Infinity":0,"f:15:6:15:24":0,"s:16:8:16:Infinity":1,"s:17:16:17:Infinity":2,"s:18:56:18:Infinity":3,"s:19:21:19:Infinity":4,"s:21:19:21:Infinity":5,"s:22:18:27:Infinity":6,"s:29:2:31:Infinity":7,"f:29:2:29:18":1,"s:30:4:30:Infinity":8,"s:33:2:35:Infinity":9,"f:33:2:33:18":2,"s:34:4:34:Infinity":10,"s:37:8:43:Infinity":11,"f:37:8:37:32":3,"s:38:4:42:Infinity":12,"f:38:4:38:16":4,"s:38:26:42:6":13,"s:45:8:51:Infinity":14,"f:45:8:45:30":5,"s:46:4:50:Infinity":15,"f:46:4:46:16":6,"s:46:26:50:6":16,"s:53:8:61:Infinity":17,"f:53:8:53:27":7,"s:54:4:60:Infinity":18,"s:63:8:65:Infinity":19,"f:63:8:63:29":8,"s:64:4:64:Infinity":20,"s:67:8:70:Infinity":21,"f:67:8:67:29":9,"s:68:4:68:Infinity":22,"s:69:4:69:Infinity":23,"s:72:2:147:Infinity":24,"f:79:8:79:28":10,"s:79:28:79:Infinity":25,"b:115:34:115:77:115:77:115:Infinity":0,"b:117:15:117:Infinity:118:16:120:Infinity":1,"b:125:16:126:27:126:18:138:Infinity":2,"b:127:16:134:Infinity:136:16:138:Infinity":3,"f:127:25:127:30":11,"s:128:18:133:Infinity":26}}}
,"C:\\Users\\Kharshavardhan\\Documents\\e-Commerce Devops\\frontend\\src\\pages\\Login.jsx": {"path":"C:\\Users\\Kharshavardhan\\Documents\\e-Commerce Devops\\frontend\\src\\pages\\Login.jsx","statementMap":{"0":{"start":{"line":11,"column":6},"end":{"line":165,"column":null}},"1":{"start":{"line":12,"column":8},"end":{"line":12,"column":null}},"2":{"start":{"line":13,"column":34},"end":{"line":13,"column":null}},"3":{"start":{"line":15,"column":19},"end":{"line":19,"column":null}},"4":{"start":{"line":21,"column":17},"end":{"line":21,"column":null}},"5":{"start":{"line":25,"column":8},"end":{"line":37,"column":null}},"6":{"start":{"line":26,"column":43},"end":{"line":26,"column":null}},"7":{"start":{"line":27,"column":4},"end":{"line":30,"column":null}},"8":{"start":{"line":27,"column":27},"end":{"line":30,"column":6}},"9":{"start":{"line":31,"column":4},"end":{"line":36,"column":null}},"10":{"start":{"line":32,"column":6},"end":{"line":35,"column":null}},"11":{"start":{"line":32,"column":27},"end":{"line":35,"column":8}},"12":{"start":{"line":39,"column":8},"end":{"line":53,"column":null}},"13":{"start":{"line":40,"column":22},"end":{"line":40,"column":null}},"14":{"start":{"line":42,"column":4},"end":{"line":46,"column":null}},"15":{"start":{"line":43,"column":6},"end":{"line":43,"column":null}},"16":{"start":{"line":44,"column":11},"end":{"line":46,"column":null}},"17":{"start":{"line":45,"column":6},"end":{"line":45,"column":null}},"18":{"start":{"line":48,"column":4},"end":{"line":50,"column":null}},"19":{"start":{"line":49,"column":6},"end":{"line":49,"column":null}},"20":{"start":{"line":52,"column":4},"end":{"line":52,"column":null}},"21":{"start":{"line":55,"column":23},"end":{"line":65,"column":null}},"22":{"start":{"line":56,"column":4},"end":{"line":56,"column":null}},"23":{"start":{"line":57,"column":22},"end":{"line":57,"column":null}},"24":{"start":{"line":59,"column":4},"end":{"line":62,"column":null}},"25":{"start":{"line":60,"column":6},"end":{"line":60,"column":null}},"26":{"start":{"line":61,"column":6},"end":{"line":61,"column":null}},"27":{"start":{"line":64,"column":4},"end":{"line":64,"column":null}},"28":{"start":{"line":67,"column":2},"end":{"line":163,"column":null}}},"fnMap":{"0":{"name":"(anonymous_0)","decl":{"start":{"line":11,"column":6},"end":{"line":11,"column":20}},"loc":{"start":{"line":11,"column":20},"end":{"line":165,"column":null}},"line":11},"1":{"name":"(anonymous_1)","decl":{"start":{"line":25,"column":8},"end":{"line":25,"column":24}},"loc":{"start":{"line":25,"column":30},"end":{"line":37,"column":null}},"line":25},"2":{"name":"(anonymous_2)","decl":{"start":{"line":27,"column":4},"end":{"line":27,"column":17}},"loc":{"start":{"line":27,"column":27},"end":{"line":30,"column":6}},"line":27},"3":{"name":"(anonymous_3)","decl":{"start":{"line":32,"column":6},"end":{"line":32,"column":17}},"loc":{"start":{"line":32,"column":27},"end":{"line":35,"column":8}},"line":32},"4":{"name":"(anonymous_4)","decl":{"start":{"line":39,"column":8},"end":{"line":39,"column":29}},"loc":{"start":{"line":39,"column":29},"end":{"line":53,"column":null}},"line":39},"5":{"name":"(anonymous_5)","decl":{"start":{"line":55,"column":23},"end":{"line":55,"column":30}},"loc":{"start":{"line":55,"column":36},"end":{"line":65,"column":null}},"line":55}},"branchMap":{"0":{"loc":{"start":{"line":29,"column":14},"end":{"line":29,"column":null}},"type":"cond-expr","locations":[{"start":{"line":29,"column":36},"end":{"line":29,"column":46}},{"start":{"line":29,"column":46},"end":{"line":29,"column":null}}],"line":29},"1":{"loc":{"start":{"line":31,"column":4},"end":{"line":36,"column":null}},"type":"if","locations":[{"start":{"line":31,"column":4},"end":{"line":36,"column":null}},{"start":{},"end":{}}],"line":31},"2":{"loc":{"start":{"line":42,"column":4},"end":{"line":46,"column":null}},"type":"if","locations":[{"start":{"line":42,"column":4},"end":{"line":46,"column":null}},{"start":{"line":44,"column":11},"end":{"line":46,"column":null}}],"line":42},"3":{"loc":{"start":{"line":44,"column":11},"end":{"line":46,"column":null}},"type":"if","locations":[{"start":{"line":44,"column":11},"end":{"line":46,"column":null}},{"start":{},"end":{}}],"line":44},"4":{"loc":{"start":{"line":48,"column":4},"end":{"line":50,"column":null}},"type":"if","locations":[{"start":{"line":48,"column":4},"end":{"line":50,"column":null}},{"start":{},"end":{}}],"line":48},"5":{"loc":{"start":{"line":59,"column":4},"end":{"line":62,"column":null}},"type":"if","locations":[{"start":{"line":59,"column":4},"end":{"line":62,"column":null}},{"start":{},"end":{}}],"line":59}},"s":{"0":1,"1":2,"2":2,"3":2,"4":2,"5":2,"6":0,"7":0,"8":0,"9":0,"10":0,"11":0,"12":2,"13":0,"14":0,"15":0,"16":0,"17":0,"18":0,"19":0,"20":0,"21":2,"22":0,"23":0,"24":0,"25":0,"26":0,"27":0,"28":2},"f":{"0":2,"1":0,"2":0,"3":0,"4":0,"5":0},"b":{"0":[0,0],"1":[0,0],"2":[0,0],"3":[0,0],"4":[0,0],"5":[0,0]},"meta":{"lastBranch":6,"lastFunction":6,"lastStatement":29,"seen":{"s:11:6:165:Infinity":0,"f:11:6:11:20":0,"s:12:8:12:Infinity":1,"s:13:34:13:Infinity":2,"s:15:19:19:Infinity":3,"s:21:17:21:Infinity":4,"s:25:8:37:Infinity":5,"f:25:8:25:24":1,"s:26:43:26:Infinity":6,"s:27:4:30:Infinity":7,"f:27:4:27:17":2,"s:27:27:30:6":8,"b:29:36:29:46:29:46:29:Infinity":0,"b:31:4:36:Infinity:undefined:undefined:undefined:undefined":1,"s:31:4:36:Infinity":9,"s:32:6:35:Infinity":10,"f:32:6:32:17":3,"s:32:27:35:8":11,"s:39:8:53:Infinity":12,"f:39:8:39:29":4,"s:40:22:40:Infinity":13,"b:42:4:46:Infinity:44:11:46:Infinity":2,"s:42:4:46:Infinity":14,"s:43:6:43:Infinity":15,"b:44:11:46:Infinity:undefined:undefined:undefined:undefined":3,"s:44:11:46:Infinity":16,"s:45:6:45:Infinity":17,"b:48:4:50:Infinity:undefined:undefined:undefined:undefined":4,"s:48:4:50:Infinity":18,"s:49:6:49:Infinity":19,"s:52:4:52:Infinity":20,"s:55:23:65:Infinity":21,"f:55:23:55:30":5,"s:56:4:56:Infinity":22,"s:57:22:57:Infinity":23,"b:59:4:62:Infinity:undefined:undefined:undefined:undefined":5,"s:59:4:62:Infinity":24,"s:60:6:60:Infinity":25,"s:61:6:61:Infinity":26,"s:64:4:64:Infinity":27,"s:67:2:163:Infinity":28}}}
,"C:\\Users\\Kharshavardhan\\Documents\\e-Commerce Devops\\frontend\\src\\pages\\ProductDetail.jsx": {"path":"C:\\Users\\Kharshavardhan\\Documents\\e-Commerce Devops\\frontend\\src\\pages\\ProductDetail.jsx","statementMap":{"0":{"start":{"line":15,"column":6},"end":{"line":286,"column":null}},"1":{"start":{"line":16,"column":8},"end":{"line":16,"column":null}},"2":{"start":{"line":17,"column":10},"end":{"line":17,"column":null}},"3":{"start":{"line":18,"column":16},"end":{"line":18,"column":null}},"4":{"start":{"line":19,"column":53},"end":{"line":19,"column":null}},"5":{"start":{"line":20,"column":10},"end":{"line":20,"column":null}},"6":{"start":{"line":22,"column":19},"end":{"line":22,"column":null}},"7":{"start":{"line":23,"column":21},"end":{"line":26,"column":null}},"8":{"start":{"line":27,"column":24},"end":{"line":27,"column":null}},"9":{"start":{"line":28,"column":19},"end":{"line":28,"column":null}},"10":{"start":{"line":30,"column":2},"end":{"line":34,"column":null}},"11":{"start":{"line":31,"column":4},"end":{"line":33,"column":null}},"12":{"start":{"line":32,"column":6},"end":{"line":32,"column":null}},"13":{"start":{"line":36,"column":8},"end":{"line":48,"column":null}},"14":{"start":{"line":37,"column":4},"end":{"line":37,"column":null}},"15":{"start":{"line":37,"column":25},"end":{"line":37,"column":null}},"16":{"start":{"line":39,"column":4},"end":{"line":47,"column":null}},"17":{"start":{"line":39,"column":17},"end":{"line":39,"column":20}},"18":{"start":{"line":40,"column":6},"end":{"line":46,"column":null}},"19":{"start":{"line":50,"column":29},"end":{"line":64,"column":null}},"20":{"start":{"line":51,"column":4},"end":{"line":51,"column":null}},"21":{"start":{"line":52,"column":4},"end":{"line":55,"column":null}},"22":{"start":{"line":53,"column":6},"end":{"line":53,"column":null}},"23":{"start":{"line":54,"column":6},"end":{"line":54,"column":null}},"24":{"start":{"line":57,"column":4},"end":{"line":57,"column":null}},"25":{"start":{"line":58,"column":4},"end":{"line":63,"column":null}},"26":{"start":{"line":59,"column":6},"end":{"line":59,"column":null}},"27":{"start":{"li
[...]
,"C:\\Users\\Kharshavardhan\\Documents\\e-Commerce Devops\\frontend\\src\\store\\slices\\wishlistSlice.js": {"path":"C:\\Users\\Kharshavardhan\\Documents\\e-Commerce Devops\\frontend\\src\\store\\slices\\wishlistSlice.js","statementMap":{"0":{"start":{"line":4,"column":21},"end":{"line":6,"column":1}},"1":{"start":{"line":8,"column":21},"end":{"line":28,"column":2}},"2":{"start":{"line":13,"column":21},"end":{"line":13,"column":78}},"3":{"start":{"line":13,"column":48},"end":{"line":13,"column":77}},"4":{"start":{"line":14,"column":6},"end":{"line":17,"column":7}},"5":{"start":{"line":15,"column":8},"end":{"line":15,"column":41}},"6":{"start":{"line":16,"column":8},"end":{"line":16,"column":41}},"7":{"start":{"line":20,"column":6},"end":{"line":20,"column":77}},"8":{"start":{"line":20,"column":49},"end":{"line":20,"column":75}},"9":{"start":{"line":21,"column":6},"end":{"line":21,"column":39}},"10":{"start":{"line":24,"column":6},"end":{"line":24,"column":23}},"11":{"start":{"line":25,"column":6},"end":{"line":25,"column":31}},"12":{"start":{"line":31,"column":2},"end":{"line":31,"column":23}}},"fnMap":{"0":{"name":"(anonymous_0)","decl":{"start":{"line":12,"column":19},"end":{"line":12,"column":20}},"loc":{"start":{"line":12,"column":38},"end":{"line":18,"column":5}},"line":12},"1":{"name":"(anonymous_1)","decl":{"start":{"line":13,"column":38},"end":{"line":13,"column":39}},"loc":{"start":{"line":13,"column":48},"end":{"line":13,"column":77}},"line":13},"2":{"name":"(anonymous_2)","decl":{"start":{"line":19,"column":24},"end":{"line":19,"column":25}},"loc":{"start":{"line":19,"column":43},"end":{"line":22,"column":5}},"line":19},"3":{"name":"(anonymous_3)","decl":{"start":{"line":20,"column":39},"end":{"line":20,"column":40}},"loc":{"start":{"line":20,"column":49},"end":{"line":20,"column":75}},"line":20},"4":{"name":"(anonymous_4)","decl":{"start":{"line":23,"column":19},"end":{"line":23,"column":20}},"loc":{"start":{"line":23,"column":30},"end":{"line":26,"column":5}},"line":23}},"branchMap":{"0":{"loc":{"start":{"line":14,"column":6},"end":{"line":17,"column":7}},"type":"if","locations":[{"start":{"line":14,"column":6},"end":{"line":17,"column":7}},{"start":{},"end":{}}],"line":14}},"s":{"0":1,"1":1,"2":0,"3":0,"4":0,"5":0,"6":0,"7":0,"8":0,"9":0,"10":0,"11":0,"12":1},"f":{"0":0,"1":0,"2":0,"3":0,"4":0},"b":{"0":[0,0]},"meta":{"lastBranch":1,"lastFunction":5,"lastStatement":13,"seen":{"s:4:21:6:1":0,"s:8:21:28:2":1,"f:12:19:12:20":0,"s:13:21:13:78":2,"f:13:38:13:39":1,"s:13:48:13:77":3,"b:14:6:17:7:undefined:undefined:undefined:undefined":0,"s:14:6:17:7":4,"s:15:8:15:41":5,"s:16:8:16:41":6,"f:19:24:19:25":2,"s:20:6:20:77":7,"f:20:39:20:40":3,"s:20:49:20:75":8,"s:21:6:21:39":9,"f:23:19:23:20":4,"s:24:6:24:23":10,"s:25:6:25:31":11,"s:31:2:31:23":12}}}
,"C:\\Users\\Kharshavardhan\\Documents\\e-Commerce Devops\\frontend\\src\\styles\\globals.css": {"path":"C:\\Users\\Kharshavardhan\\Documents\\e-Commerce Devops\\frontend\\src\\styles\\globals.css","statementMap":{},"fnMap":{},"branchMap":{},"s":{},"f":{},"b":{},"meta":{"lastBranch":0,"lastFunction":0,"lastStatement":0,"seen":{}}}
,"C:\\Users\\Kharshavardhan\\Documents\\e-Commerce Devops\\frontend\\src\\utils\\api.js": {"path":"C:\\Users\\Kharshavardhan\\Documents\\e-Commerce Devops\\frontend\\src\\utils\\api.js","statementMap":{"0":{"start":{"line":6,"column":23},"end":{"line":12,"column":1}},"1":{"start":{"line":7,"column":22},"end":{"line":7,"column":64}},"2":{"start":{"line":8,"column":19},"end":{"line":8,"column":58}},"3":{"start":{"line":9,"column":24},"end":{"line":9,"column":53}},"4":{"start":{"line":10,"column":27},"end":{"line":10,"column":67}},"5":{"start":{"line":11,"column":16},"end":{"line":11,"column":50}},"6":{"start":{"line":17,"column":26},"end":{"line":24,"column":1}},"7":{"start":{"line":18,"column":30},"end":{"line":18,"column":72}},"8":{"start":{"line":19,"column":26},"end":{"line":19,"column":62}},"9":{"start":{"line":20,"column":23},"end":{"line":20,"column":68}},"10":{"start":{"line":22,"column":4},"end":{"line":22,"column":55}},"11":{"start":{"line":23,"column":34},"end":{"line":23,"column":91}},"12":{"start":{"line":29,"column":24},"end":{"line":37,"column":1}},"13":{"start":{"line":30,"column":27},"end":{"line":30,"column":70}},"14":{"start":{"line":31,"column":31},"end":{"line":31,"column":79}},"15":{"start":{"line":32,"column":25},"end":{"line":32,"column":70}},"16":{"start":{"line":33,"column":27},"end":{"line":33,"column":70}},"17":{"start":{"line":34,"column":27},"end":{"line":34,"column":72}},"18":{"start":{"line":35,"column":22},"end":{"line":35,"column":64}},"19":{"start":{"line":36,"column":32},"end":{"line":36,"column":82}}},"fnMap":{"0":{"name":"(anonymous_0)","decl":{"start":{"line":7,"column":12},"end":{"line":7,"column":13}},"loc":{"start":{"line":7,"column":22},"end":{"line":7,"column":64}},"line":7},"1":{"name":"(anonymous_1)","decl":{"start":{"line":8,"column":9},"end":{"line":8,"column":10}},"loc":{"start":{"line":8,"column":19},"end":{"line":8,"column":58}},"line":8},"2":{"name":"(anonymous_2)","decl":{"start":{"line":9,"column":18},"end":{"line":9,"column":19}},"loc":{"start":{"line":9,"column":24},"end":{"line":9,"column":53}},"line":9},"3":{"name":"(anonymous_3)","decl":{"start":{"line":10,"column":17},"end":{"line":10,"column":18}},"loc":{"start":{"line":10,"column":27},"end":{"line":10,"column":67}},"line":10},"4":{"name":"(anonymous_4)","decl":{"start":{"line":11,"column":10},"end":{"line":11,"column":11}},"loc":{"start":{"line":11,"column":16},"end":{"line":11,"column":50}},"line":11},"5":{"name":"(anonymous_5)","decl":{"start":{"line":18,"column":18},"end":{"line":18,"column":19}},"loc":{"start":{"line":18,"column":30},"end":{"line":18,"column":72}},"line":18},"6":{"name":"(anonymous_6)","decl":{"start":{"line":19,"column":18},"end":{"line":19,"column":19}},"loc":{"start":{"line":19,"column":26},"end":{"line":19,"column":62}},"line":19},"7":{"name":"(anonymous_7)","decl":{"start":{"line":20,"column":17},"end":{"line":20,"column":18}},"loc":{"start":{"line":20,"column":23},"end":{"line":20,"column":68}},"line":20},"8":{"name":"(anonymous_8)","decl":{"start":{"line":21,"column":25},"end":{"line":21,"column":26}},"loc":{"start":{"line":22,"column":4},"end":{"line":22,"column":55}},"line":22},"9":{"name":"(anonymous_9)","decl":{"start":{"line":23,"column":13},"end":{"line":23,"column":14}},"loc":{"start":{"line":23,"column":34},"end":{"line":23,"column":91}},"line":23},"10":{"name":"(anonymous_10)","decl":{"start":{"line":30,"column":17},"end":{"line":30,"column":18}},"loc":{"start":{"line":30,"column":27},"end":{"line":30,"column":70}},"line":30},"11":{"name":"(anonymous_11)","decl":{"start":{"line":31,"column":17},"end":{"line":31,"column":18}},"loc":{"start":{"line":31,"column":31},"end":{"line":31,"column":79}},"line":31},"12":{"name":"(anonymous_12)","decl":{"start":{"line":32,"column":17},"end":{"line":32,"column":18}},"loc":{"start":{"line":32,"column":25},"end":{"line":32,"column":70}},"line":32},"13":{"name":"(anonymous_13)","decl":{"start":{"line":33,"column":21},"end":{"line":33,"column":22}},"loc":{"start":{"line":33,"column":27},"end":{"line":33,"column":70}},"line":33},"14":{"name":"(anonymous_14)","decl":{"start":{"line":34,"column":15},"end":{"line":34,"column":16}},"loc":{"start":{"line":34,"column":27},"end":{"line":34,"column":72}},"line":34},"15":{"name":"(anonymous_15)","decl":{"start":{"line":35,"column":14},"end":{"line":35,"column":15}},"loc":{"start":{"line":35,"column":22},"end":{"line":35,"column":64}},"line":35},"16":{"name":"(anonymous_16)","decl":{"start":{"line":36,"column":18},"end":{"line":36,"column":19}},"loc":{"start":{"line":36,"column":32},"end":{"line":36,"column":82}},"line":36}},"branchMap":{},"s":{"0":1,"1":0,"2":0,"3":0,"4":0,"5":0,"6":1,"7":0,"8":0,"9":0,"10":0,"11":0,"12":1,"13":0,"14":0,"15":0,"16":0,"17":0,"18":0,"19":0},"f":{"0":0,"1":0,"2":0,"3":0,"4":0,"5":0,"6":0,"7":0,"8":0,"9":0,"10":0,"11":0,"12":0,"13":0,"14":0,"15":0,"16":0},"b":{},"meta":{"lastBranch":0,"lastFunction":17,"lastStatement":20,"seen":{"s:6:23:12:1":0,"f:7:12:7:13":0,"s:7:22:7:64":1,"f:8:9:8:10":1,"s:8:19:8:58":2,"f:9:18:9:19":2,"s:9:24:9:53":3,"f:10:17:10:18":3,"s:10:27:10:67":4,"f:11:10:11:11":4,"s:11:16:11:50":5,"s:17:26:24:1":6,"f:18:18:18:19":5,"s:18:30:18:72":7,"f:19:18:19:19":6,"s:19:26:19:62":8,"f:20:17:20:18":7,"s:20:23:20:68":9,"f:21:25:21:26":8,"s:22:4:22:55":10,"f:23:13:23:14":9,"s:23:34:23:91":11,"s:29:24:37:1":12,"f:30:17:30:18":10,"s:30:27:30:70":13,"f:31:17:31:18":11,"s:31:31:31:79":14,"f:32:17:32:18":12,"s:32:25:32:70":15,"f:33:21:33:22":13,"s:33:27:33:70":16,"f:34:15:34:16":14,"s:34:27:34:72":17,"f:35:14:35:15":15,"s:35:22:35:64":18,"f:36:18:36:19":16,"s:36:32:36:82":19}}}
,"C:\\Users\\Kharshavardhan\\Documents\\e-Commerce Devops\\frontend\\src\\utils\\apiClient.js": {"path":"C:\\Users\\Kharshavardhan\\Documents\\e-Commerce Devops\\frontend\\src\\utils\\apiClient.js","statementMap":{"0":{"start":{"line":3,"column":16},"end":{"line":3,"column":71}},"1":{"start":{"line":4,"column":16},"end":{"line":4,"column":57}},"2":{"start":{"line":6,"column":18},"end":{"line":12,"column":2}},"3":{"start":{"line":15,"column":0},"end":{"line":24,"column":2}},"4":{"start":{"line":17,"column":18},"end":{"line":17,"column":51}},"5":{"start":{"line":18,"column":4},"end":{"line":20,"column":5}},"6":{"start":{"line":19,"column":6},"end":{"line":19,"column":55}},"7":{"start":{"line":21,"column":4},"end":{"line":21,"column":18}},"8":{"start":{"line":23,"column":13},"end":{"line":23,"column":34}},"9":{"start":{"line":27,"column":0},"end":{"line":37,"column":2}},"10":{"start":{"line":28,"column":16},"end":{"line":28,"column":29}},"11":{"start":{"line":30,"column":4},"end":{"line":34,"column":5}},"12":{"start":{"line":31,"column":6},"end":{"line":31,"column":43}},"13":{"start":{"line":32,"column":6},"end":{"line":32,"column":38}},"14":{"start":{"line":33,"column":6},"end":{"line":33,"column":38}},"15":{"start":{"line":35,"column":4},"end":{"line":35,"column":65}}},"fnMap":{"0":{"name":"(anonymous_0)","decl":{"start":{"line":16,"column":2},"end":{"line":16,"column":3}},"loc":{"start":{"line":16,"column":14},"end":{"line":22,"column":3}},"line":16},"1":{"name":"(anonymous_1)","decl":{"start":{"line":23,"column":2},"end":{"line":23,"column":3}},"loc":{"start":{"line":23,"column":13},"end":{"line":23,"column":34}},"line":23},"2":{"name":"(anonymous_2)","decl":{"start":{"line":28,"column":2},"end":{"line":28,"column":3}},"loc":{"start":{"line":28,"column":16},"end":{"line":28,"column":29}},"line":28},"3":{"name":"(anonymous_3)","decl":{"start":{"line":29,"column":2},"end":{"line":29,"column":3}},"loc":{"start":{"line":29,"column":13},"end":{"line":36,"column":3}},"line":29}},"branchMap":{"0":{"loc":{"start":{"line":3,"column":16},"end":{"line":3,"column":71}},"type":"binary-expr","locations":[{"start":{"line":3,"column":16},"end":{"line":3,"column":44}},{"start":{"line":3,"column":48},"end":{"line":3,"column":71}}],"line":3},"1":{"loc":{"start":{"line":4,"column":16},"end":{"line":4,"column":57}},"type":"binary-expr","locations":[{"start":{"line":4,"column":16},"end":{"line":4,"column":48}},{"start":{"line":4,"column":52},"end":{"line":4,"column":57}}],"line":4},"2":{"loc":{"start":{"line":18,"column":4},"end":{"line":20,"column":5}},"type":"if","locations":[{"start":{"line":18,"column":4},"end":{"line":20,"column":5}},{"start":{},"end":{}}],"line":18},"3":{"loc":{"start":{"line":30,"column":4},"end":{"line":34,"column":5}},"type":"if","locations":[{"start":{"line":30,"column":4},"end":{"line":34,"column":5}},{"start":{},"end":{}}],"line":30},"4":{"loc":{"start":{"line":35,"column":26},"end":{"line":35,"column":63}},"type":"binary-expr","locations":[{"start":{"line":35,"column":26},"end":{"line":35,"column":46}},{"start":{"line":35,"column":50},"end":{"line":35,"column":63}}],"line":35}},"s":{"0":1,"1":1,"2":1,"3":1,"4":0,"5":0,"6":0,"7":0,"8":0,"9":1,"10":0,"11":0,"12":0,"13":0,"14":0,"15":0},"f":{"0":0,"1":0,"2":0,"3":0},"b":{"0":[1,1],"1":[1,1],"2":[0,0],"3":[0,0],"4":[0,0]},"meta":{"lastBranch":5,"lastFunction":4,"lastStatement":16,"seen":{"s:3:16:3:71":0,"b:3:16:3:44:3:48:3:71":0,"s:4:16:4:57":1,"b:4:16:4:48:4:52:4:57":1,"s:6:18:12:2":2,"s:15:0:24:2":3,"f:16:2:16:3":0,"s:17:18:17:51":4,"b:18:4:20:5:undefined:undefined:undefined:undefined":2,"s:18:4:20:5":5,"s:19:6:19:55":6,"s:21:4:21:18":7,"f:23:2:23:3":1,"s:23:13:23:34":8,"s:27:0:37:2":9,"f:28:2:28:3":2,"s:28:16:28:29":10,"f:29:2:29:3":3,"b:30:4:34:5:undefined:undefined:undefined:undefined":3,"s:30:4:34:5":11,"s:31:6:31:43":12,"s:32:6:32:38":13,"s:33:6:33:38":14,"s:35:4:35:65":15,"b:35:26:35:46:35:50:35:63":4}}}
,"C:\\Users\\Kharshavardhan\\Documents\\e-Commerce Devops\\frontend\\src\\utils\\storage.js": {"path":"C:\\Users\\Kharshavardhan\\Documents\\e-Commerce Devops\\frontend\\src\\utils\\storage.js","statementMap":{"0":{"start":{"line":5,"column":23},"end":{"line":30,"column":1}},"1":{"start":{"line":6,"column":23},"end":{"line":6,"column":63}},"2":{"start":{"line":7,"column":18},"end":{"line":7,"column":51}},"3":{"start":{"line":8,"column":21},"end":{"line":8,"column":57}},"4":{"start":{"line":10,"column":21},"end":{"line":10,"column":71}},"5":{"start":{"line":12,"column":17},"end":{"line":12,"column":45}},"6":{"start":{"line":13,"column":4},"end":{"line":13,"column":42}},"7":{"start":{"line":15,"column":20},"end":{"line":15,"column":51}},"8":{"start":{"line":17,"column":21},"end":{"line":17,"column":71}},"9":{"start":{"line":19,"column":17},"end":{"line":19,"column":45}},"10":{"start":{"line":20,"column":4},"end":{"line":20,"column":40}},"11":{"start":{"line":22,"column":20},"end":{"line":22,"column":51}},"12":{"start":{"line":24,"column":29},"end":{"line":24,"column":87}},"13":{"start":{"line":26,"column":21},"end":{"line":26,"column":53}},"14":{"start":{"line":27,"column":4},"end":{"line":27,"column":48}},"15":{"start":{"line":29,"column":24},"end":{"line":29,"column":59}},"16":{"start":{"line":32,"column":31},"end":{"line":34,"column":1}},"17":{"start":{"line":33,"column":2},"end":{"line":33,"column":23}}},"fnMap":{"0":{"name":"(anonymous_0)","decl":{"start":{"line":6,"column":12},"end":{"line":6,"column":13}},"loc":{"start":{"line":6,"column":23},"end":{"line":6,"column":63}},"line":6},"1":{"name":"(anonymous_1)","decl":{"start":{"line":7,"column":12},"end":{"line":7,"column":13}},"loc":{"start":{"line":7,"column":18},"end":{"line":7,"column":51}},"line":7},"2":{"name":"(anonymous_2)","decl":{"start":{"line":8,"column":15},"end":{"line":8,"column":16}},"loc":{"start":{"line":8,"column":21},"end":{"line":8,"column":57}},"line":8},"3":{"name":"(anonymous_3)","decl":{"start":{"line":10,"column":11},"end":{"line":10,"column":12}},"loc":{"start":{"line":10,"column":21},"end":{"line":10,"column":71}},"line":10},"4":{"name":"(anonymous_4)","decl":{"start":{"line":11,"column":11},"end":{"line":11,"column":12}},"loc":{"start":{"line":11,"column":17},"end":{"line":14,"column":3}},"line":11},"5":{"name":"(anonymous_5)","decl":{"start":{"line":15,"column":14},"end":{"line":15,"column":15}},"loc":{"start":{"line":15,"column":20},"end":{"line":15,"column":51}},"line":15},"6":{"name":"(anonymous_6)","decl":{"start":{"line":17,"column":11},"end":{"line":17,"column":12}},"loc":{"start":{"line":17,"column":21},"end":{"line":17,"column":71}},"line":17},"7":{"name":"(anonymous_7)","decl":{"start":{"line":18,"column":11},"end":{"line":18,"column":12}},"loc":{"start":{"line":18,"column":17},"end":{"line":21,"column":3}},"line":18},"8":{"name":"(anonymous_8)","decl":{"start":{"line":22,"column":14},"end":{"line":22,"column":15}},"loc":{"start":{"line":22,"column":20},"end":{"line":22,"column":51}},"line":22},"9":{"name":"(anonymous_9)","decl":{"start":{"line":24,"column":15},"end":{"line":24,"column":16}},"loc":{"start":{"line":24,"column":29},"end":{"line":24,"column":87}},"line":24},"10":{"name":"(anonymous_10)","decl":{"start":{"line":25,"column":15},"end":{"line":25,"column":16}},"loc":{"start":{"line":25,"column":21},"end":{"line":28,"column":3}},"line":25},"11":{"name":"(anonymous_11)","decl":{"start":{"line":29,"column":18},"end":{"line":29,"column":19}},"loc":{"start":{"line":29,"column":24},"end":{"line":29,"column":59}},"line":29},"12":{"name":"(anonymous_12)","decl":{"start":{"line":32,"column":31},"end":{"line":32,"column":32}},"loc":{"start":{"line":32,"column":37},"end":{"line":34,"column":1}},"line":32}},"branchMap":{"0":{"loc":{"start":{"line":13,"column":11},"end":{"line":13,"column":41}},"type":"cond-expr","locations":[{"start":{"line":13,"column":18},"end":{"line":13,"column":34}},{"start":{"line":13,"column":37},"end":{"line":13,"column":41}}],"line":13},"1":{"loc":{"start":{"line":20,"column":11},"end":{"line":20,"column":39}},"type":"cond-expr","locations":[{"start":{"line":20,"column":18},"end":{"line":20,"column":34}},{"start":{"line":20,"column":37},"end":{"line":20,"column":39}}],"line":20},"2":{"loc":{"start":{"line":27,"column":11},"end":{"line":27,"column":47}},"type":"cond-expr","locations":[{"start":{"line":27,"column":22},"end":{"line":27,"column":42}},{"start":{"line":27,"column":45},"end":{"line":27,"column":47}}],"line":27}},"s":{"0":2,"1":0,"2":4,"3":0,"4":0,"5":2,"6":2,"7":0,"8":0,"9":1,"10":1,"11":0,"12":0,"13":1,"14":1,"15":0,"16":2,"17":0},"f":{"0":0,"1":4,"2":0,"3":0,"4":2,"5":0,"6":0,"7":1,"8":0,"9":0,"10":1,"11":0,"12":0},"b":{"0":[0,2],"1":[0,1],"2":[0,1]},"meta":{"lastBranch":3,"lastFunction":13,"lastStatement":18,"seen":{"s:5:23:30:1":0,"f:6:12:6:13":0,"s:6:23:6:63":1,"f:7:12:7:13":1,"s:7:18:7:51":2,"f:8:15:8:16":2,"s:8:21:8:57":3,"f:10:11:10:12":3,"s:10:21:10:71":4,"f:11:11:11:12":4,"s:12:17:12:45":5,"s:13:4:13:42":6,"b:13:18:13:34:13:37:13:41":0,"f:15:14:15:15":5,"s:15:20:15:51":7,"f:17:11:17:12":6,"s:17:21:17:71":8,"f:18:11:18:12":7,"s:19:17:19:45":9,"s:20:4:20:40":10,"b:20:18:20:34:20:37:20:39":1,"f:22:14:22:15":8,"s:22:20:22:51":11,"f:24:15:24:16":9,"s:24:29:24:87":12,"f:25:15:25:16":10,"s:26:21:26:53":13,"s:27:4:27:48":14,"b:27:22:27:42:27:45:27:47":2,"f:29:18:29:19":11,"s:29:24:29:59":15,"s:32:31:34:1":16,"f:32:31:32:32":12,"s:33:2:33:23":17}}}
}
