TN:
SF:src\App.jsx
FN:22,App
FNF:1
FNH:1
FNDA:2,App
DA:23,2
LF:1
LH:1
BRF:0
BRH:0
end_of_record
TN:
SF:src\components\AdminSidebar.jsx
FN:8,(anonymous_0)
FN:18,(anonymous_1)
FN:46,(anonymous_2)
FNF:3
FNH:0
FNDA:0,(anonymous_0)
FNDA:0,(anonymous_1)
FNDA:0,(anonymous_2)
DA:8,1
DA:9,0
DA:11,0
DA:18,0
DA:20,0
DA:47,0
LF:6
LH:1
BRDA:27,0,0,0
BRDA:27,0,1,0
BRDA:33,1,0,0
BRDA:33,1,1,0
BRDA:51,2,0,0
BRDA:51,2,1,0
BRDA:73,3,0,0
BRDA:73,3,1,0
BRF:8
BRH:0
end_of_record
TN:
SF:src\components\Button.jsx
FN:6,(anonymous_0)
FNF:1
FNH:1
FNDA:7,(anonymous_0)
DA:6,2
DA:17,7
DA:19,7
DA:27,7
DA:33,7
LF:5
LH:5
BRDA:8,0,0,7
BRDA:9,1,0,7
BRDA:10,2,0,7
BRDA:11,3,0,7
BRDA:13,4,0,7
BRDA:36,5,0,7
BRDA:36,5,1,6
BRDA:40,6,0,7
BRDA:40,6,1,1
BRF:9
BRH:9
end_of_record
TN:
SF:src\components\FilterSidebar.jsx
FN:7,(anonymous_0)
FN:27,(anonymous_1)
FN:41,(anonymous_2)
FN:50,(anonymous_3)
FN:53,(anonymous_4)
FNF:5
FNH:0
FNDA:0,(anonymous_0)
FNDA:0,(anonymous_1)
FNDA:0,(anonymous_2)
FNDA:0,(anonymous_3)
FNDA:0,(anonymous_4)
DA:7,1
DA:15,0
DA:27,0
DA:41,0
DA:51,0
DA:53,0
LF:6
LH:1
BRDA:43,0,0,0
BRDA:43,0,1,0
BRDA:55,1,0,0
BRDA:55,1,1,0
BRF:4
BRH:0
end_of_record
TN:
SF:src\components\Footer.jsx
FN:7,(anonymous_0)
FNF:1
FNH:0
FNDA:0,(anonymous_0)
DA:7,1
DA:8,0
LF:2
LH:1
BRF:0
BRH:0
end_of_record
TN:
SF:src\components\Input.jsx
FN:7,(anonymous_0)
FN:47,(anonymous_1)
FNF:2
FNH:1
FNDA:4,(anonymous_0)
FNDA:0,(anonymous_1)
DA:7,1
DA:18,4
DA:20,4
DA:47,0
LF:4
LH:3
BRDA:9,0,0,4
BRDA:15,1,0,4
BRDA:22,2,0,4
BRDA:22,2,1,4
BRDA:28,3,0,4
BRDA:28,3,1,4
BRDA:34,4,0,0
BRDA:34,4,1,4
BRDA:34,5,0,4
BRDA:34,5,1,2
BRDA:39,6,0,4
BRDA:39,6,1,0
BRDA:40,7,0,0
BRDA:40,7,1,4
BRDA:44,8,0,4
BRDA:44,8,1,2
BRDA:50,9,0,0
BRDA:50,9,1,2
BRDA:54,10,0,4
BRDA:54,10,1,0
BRF:20
BRH:15
end_of_record
TN:
SF:src\components\Navbar.jsx
FN:8,(anonymous_0)
FNF:1
FNH:1
FNDA:4,(anonymous_0)
DA:8,2
DA:9,4
LF:2
LH:2
BRDA:14,0,0,0
BRDA:14,0,1,4
BRDA:25,1,0,4
BRDA:25,1,1,0
BRDA:32,2,0,0
BRDA:32,2,1,0
BRDA:43,3,0,4
BRDA:43,3,1,0
BRDA:48,4,0,0
BRDA:48,4,1,0
BRDA:71,5,0,0
BRDA:71,5,1,4
BRDA:76,6,0,4
BRDA:76,6,1,0
BRDA:78,7,0,0
BRDA:78,7,1,0
BRF:16
BRH:5
end_of_record
TN:
SF:src\components\ProductCard.jsx
FN:6,(anonymous_0)
FN:37,(anonymous_1)
FN:56,(anonymous_2)
FN:63,(anonymous_3)
FNF:4
FNH:0
FNDA:0,(anonymous_0)
FNDA:0,(anonymous_1)
FNDA:0,(anonymous_2)
FNDA:0,(anonymous_3)
DA:6,1
DA:7,0
DA:38,0
DA:56,0
DA:63,0
LF:5
LH:1
BRDA:16,0,0,0
BRDA:16,0,1,0
BRDA:39,1,0,0
BRDA:39,1,1,0
BRF:4
BRH:0
end_of_record
TN:
SF:src\components\ProtectedRoute.jsx
FN:8,(anonymous_0)
FNF:1
FNH:1
FNDA:1,(anonymous_0)
DA:8,1
DA:9,1
DA:11,1
DA:12,1
DA:15,0
DA:16,0
DA:19,0
LF:7
LH:4
BRDA:8,0,0,1
BRDA:11,1,0,1
BRDA:11,1,1,0
BRDA:15,2,0,0
BRDA:15,2,1,0
BRDA:15,3,0,0
BRDA:15,3,1,0
BRF:7
BRH:2
end_of_record
TN:
SF:src\components\Skeleton.jsx
FN:6,(anonymous_0)
FN:9,(anonymous_1)
FN:24,(anonymous_2)
FN:27,(anonymous_3)
FNF:4
FNH:0
FNDA:0,(anonymous_0)
FNDA:0,(anonymous_1)
FNDA:0,(anonymous_2)
FNDA:0,(anonymous_3)
DA:6,1
DA:7,0
DA:10,0
DA:24,1
DA:25,0
DA:28,0
LF:6
LH:2
BRDA:6,0,0,0
BRDA:6,1,0,0
BRDA:24,2,0,0
BRF:3
BRH:0
end_of_record
TN:
SF:src\hooks\useAuth.js
FN:16,(anonymous_0)
FN:20,(anonymous_1)
FN:23,(anonymous_2)
FN:42,(anonymous_3)
FN:61,(anonymous_4)
FNF:5
FNH:2
FNDA:3,(anonymous_0)
FNDA:6,(anonymous_1)
FNDA:0,(anonymous_2)
FNDA:0,(anonymous_3)
FNDA:0,(anonymous_4)
DA:16,1
DA:17,3
DA:18,3
DA:19,3
DA:20,6
DA:23,3
DA:24,0
DA:25,0
DA:26,0
DA:27,0
DA:33,0
DA:34,0
DA:36,0
DA:37,0
DA:38,0
DA:42,3
DA:43,0
DA:44,0
DA:45,0
DA:46,0
DA:52,0
DA:53,0
DA:55,0
DA:56,0
DA:57,0
DA:61,3
DA:62,0
DA:63,0
DA:64,0
DA:67,3
LF:30
LH:9
BRDA:34,0,0,0
BRDA:34,0,1,0
BRDA:36,1,0,0
BRDA:36,1,1,0
BRDA:55,2,0,0
BRDA:55,2,1,0
BRF:6
BRH:0
end_of_record
TN:
SF:src\hooks\useCart.js
FN:13,(anonymous_0)
FN:15,(anonymous_1)
FN:17,(anonymous_2)
FN:22,(anonymous_3)
FN:27,(anonymous_4)
FN:32,(anonymous_5)
FNF:6
FNH:0
FNDA:0,(anonymous_0)
FNDA:0,(anonymous_1)
FNDA:0,(anonymous_2)
FNDA:0,(anonymous_3)
FNDA:0,(anonymous_4)
FNDA:0,(anonymous_5)
DA:13,1
DA:14,0
DA:15,0
DA:17,0
DA:18,0
DA:19,0
DA:22,0
DA:23,0
DA:24,0
DA:27,0
DA:28,0
DA:29,0
DA:32,0
DA:33,0
DA:34,0
DA:37,0
LF:16
LH:1
BRDA:28,0,0,0
BRDA:28,0,1,0
BRF:2
BRH:0
end_of_record
TN:
SF:src\hooks\useProducts.js
FN:16,(anonymous_0)
FN:19,(anonymous_1)
FN:21,(anonymous_2)
FN:33,(anonymous_3)
FN:45,(anonymous_4)
FN:54,(anonymous_5)
FNF:6
FNH:0
FNDA:0,(anonymous_0)
FNDA:0,(anonymous_1)
FNDA:0,(anonymous_2)
FNDA:0,(anonymous_3)
FNDA:0,(anonymous_4)
FNDA:0,(anonymous_5)
DA:16,1
DA:17,0
DA:19,0
DA:21,0
DA:22,0
DA:23,0
DA:24,0
DA:25,0
DA:27,0
DA:28,0
DA:29,0
DA:33,0
DA:34,0
DA:35,0
DA:36,0
DA:37,0
DA:39,0
DA:40,0
DA:41,0
DA:45,0
DA:46,0
DA:47,0
DA:48,0
DA:50,0
DA:54,0
DA:55,0
DA:56,0
DA:57,0
DA:58,0
DA:59,0
DA:61,0
DA:62,0
DA:66,0
LF:33
LH:1
BRDA:21,0,0,0
BRDA:27,1,0,0
BRDA:27,1,1,0
BRDA:39,2,0,0
BRDA:39,2,1,0
BRDA:61,3,0,0
BRDA:61,3,1,0
BRF:7
BRH:0
end_of_record
TN:
SF:src\pages\AdminDashboard.jsx
FN:11,(anonymous_0)
FN:17,(anonymous_1)
FN:21,(anonymous_2)
FN:33,(anonymous_3)
FN:37,(anonymous_4)
FN:54,(anonymous_5)
FN:74,(anonymous_6)
FNF:7
FNH:0
FNDA:0,(anonymous_0)
FNDA:0,(anonymous_1)
FNDA:0,(anonymous_2)
FNDA:0,(anonymous_3)
FNDA:0,(anonymous_4)
FNDA:0,(anonymous_5)
FNDA:0,(anonymous_6)
DA:11,1
DA:12,0
DA:13,0
DA:14,0
DA:15,0
DA:17,0
DA:18,0
DA:21,0
DA:22,0
DA:23,0
DA:24,0
DA:25,0
DA:27,0
DA:29,0
DA:33,0
DA:34,0
DA:37,0
DA:38,0
DA:49,0
DA:54,0
DA:75,0
LF:21
LH:1
BRDA:27,0,0,0
BRDA:27,0,1,0
BRDA:73,1,0,0
BRDA:73,1,1,0
BRDA:77,2,0,0
BRDA:77,2,1,0
BRDA:116,3,0,0
BRDA:116,3,1,0
BRDA:122,4,0,0
BRDA:122,4,1,0
BRDA:130,5,0,0
BRDA:130,5,1,0
BRDA:136,6,0,0
BRDA:136,6,1,0
BRF:14
BRH:0
end_of_record
TN:
SF:src\pages\AdminProducts.jsx
FN:13,(anonymous_0)
FN:29,(anonymous_1)
FN:33,(anonymous_2)
FN:46,(anonymous_3)
FN:48,(anonymous_4)
FN:54,(anonymous_5)
FN:72,(anonymous_6)
FN:85,(anonymous_7)
FN:102,(anonymous_8)
FN:116,(anonymous_9)
FN:125,(anonymous_10)
FN:135,(anonymous_11)
FN:164,(anonymous_12)
FN:173,(anonymous_13)
FN:179,(anonymous_14)
FNF:15
FNH:0
FNDA:0,(anonymous_0)
FNDA:0,(anonymous_1)
FNDA:0,(anonymous_2)
FNDA:0,(anonymous_3)
FNDA:0,(anonymous_4)
FNDA:0,(anonymous_5)
FNDA:0,(anonymous_6)
FNDA:0,(anonymous_7)
FNDA:0,(anonymous_8)
FNDA:0,(anonymous_9)
FNDA:0,(anonymous_10)
FNDA:0,(anonymous_11)
FNDA:0,(anonymous_12)
FNDA:0,(anonymous_13)
FNDA:0,(anonymous_14)
DA:13,1
DA:14,0
DA:15,0
DA:16,0
DA:17,0
DA:18,0
DA:19,0
DA:20,0
DA:29,0
DA:30,0
DA:33,0
DA:34,0
DA:35,0
DA:36,0
DA:38,0
DA:40,0
DA:42,0
DA:46,0
DA:47,0
DA:48,0
DA:54,0
DA:55,0
DA:56,0
DA:57,0
DA:59,0
DA:60,0
DA:69,0
DA:72,0
DA:73,0
DA:74,0
DA:75,0
DA:85,0
DA:86,0
DA:87,0
DA:88,0
DA:89,0
DA:90,0
DA:92,0
DA:93,0
DA:95,0
DA:96,0
DA:98,0
DA:102,0
DA:103,0
DA:104,0
DA:107,0
DA:108,0
DA:109,0
DA:110,0
DA:112,0
DA:116,0
DA:117,0
DA:120,0
DA:125,0
DA:135,0
DA:165,0
DA:173,0
DA:179,0
LF:58
LH:1
BRDA:40,0,0,0
BRDA:40,0,1,0
BRDA:54,1,0,0
BRDA:55,2,0,0
BRDA:55,2,1,0
BRDA:88,3,0,0
BRDA:88,3,1,0
BRDA:98,4,0,0
BRDA:98,4,1,0
BRDA:103,5,0,0
BRDA:103,5,1,0
BRDA:112,6,0,0
BRDA:112,6,1,0
BRDA:157,7,0,0
BRDA:157,7,1,0
BRDA:163,8,0,0
BRDA:163,8,1,0
BRDA:202,9,0,0
BRDA:202,9,1,0
BRDA:207,10,0,0
BRDA:207,10,1,0
BRDA:278,11,0,0
BRDA:278,11,1,0
BRF:23
BRH:0
end_of_record
TN:
SF:src\pages\AdminUsers.jsx
FN:12,(anonymous_0)
FN:19,(anonymous_1)
FN:23,(anonymous_2)
FN:35,(anonymous_3)
FN:49,(anonymous_4)
FN:59,(anonymous_5)
FN:68,(anonymous_6)
FN:87,(anonymous_7)
FN:112,(anonymous_8)
FN:119,(anonymous_9)
FN:131,(anonymous_10)
FNF:11
FNH:0
FNDA:0,(anonymous_0)
FNDA:0,(anonymous_1)
FNDA:0,(anonymous_2)
FNDA:0,(anonymous_3)
FNDA:0,(anonymous_4)
FNDA:0,(anonymous_5)
FNDA:0,(anonymous_6)
FNDA:0,(anonymous_7)
FNDA:0,(anonymous_8)
FNDA:0,(anonymous_9)
FNDA:0,(anonymous_10)
DA:12,1
DA:13,0
DA:14,0
DA:15,0
DA:16,0
DA:17,0
DA:19,0
DA:20,0
DA:23,0
DA:24,0
DA:25,0
DA:26,0
DA:27,0
DA:29,0
DA:31,0
DA:35,0
DA:36,0
DA:37,0
DA:40,0
DA:41,0
DA:42,0
DA:43,0
DA:45,0
DA:49,0
DA:50,0
DA:51,0
DA:52,0
DA:53,0
DA:55,0
DA:59,0
DA:60,0
DA:63,0
DA:68,0
DA:87,0
DA:113,0
DA:119,0
DA:131,0
LF:37
LH:1
BRDA:29,0,0,0
BRDA:29,0,1,0
BRDA:36,1,0,0
BRDA:36,1,1,0
BRDA:45,2,0,0
BRDA:45,2,1,0
BRDA:55,3,0,0
BRDA:55,3,1,0
BRDA:105,4,0,0
BRDA:105,4,1,0
BRDA:111,5,0,0
BRDA:111,5,1,0
BRF:12
BRH:0
end_of_record
TN:
SF:src\pages\Dashboard.jsx
FN:15,(anonymous_0)
FN:29,(anonymous_1)
FN:33,(anonymous_2)
FN:37,(anonymous_3)
FN:38,(anonymous_4)
FN:45,(anonymous_5)
FN:46,(anonymous_6)
FN:53,(anonymous_7)
FN:63,(anonymous_8)
FN:67,(anonymous_9)
FN:79,(anonymous_10)
FN:127,(anonymous_11)
FNF:12
FNH:0
FNDA:0,(anonymous_0)
FNDA:0,(anonymous_1)
FNDA:0,(anonymous_2)
FNDA:0,(anonymous_3)
FNDA:0,(anonymous_4)
FNDA:0,(anonymous_5)
FNDA:0,(anonymous_6)
FNDA:0,(anonymous_7)
FNDA:0,(anonymous_8)
FNDA:0,(anonymous_9)
FNDA:0,(anonymous_10)
FNDA:0,(anonymous_11)
DA:15,1
DA:16,0
DA:17,0
DA:18,0
DA:19,0
DA:21,0
DA:22,0
DA:29,0
DA:30,0
DA:33,0
DA:34,0
DA:37,0
DA:38,0
DA:45,0
DA:46,0
DA:53,0
DA:54,0
DA:63,0
DA:64,0
DA:67,0
DA:68,0
DA:69,0
DA:72,0
DA:79,0
DA:128,0
LF:25
LH:1
BRDA:115,0,0,0
BRDA:115,0,1,0
BRDA:117,1,0,0
BRDA:117,1,1,0
BRDA:124,2,0,0
BRDA:124,2,1,0
BRDA:126,3,0,0
BRDA:126,3,1,0
BRF:8
BRH:0
end_of_record
TN:
SF:src\pages\Login.jsx
FN:11,(anonymous_0)
FN:25,(anonymous_1)
FN:27,(anonymous_2)
FN:32,(anonymous_3)
FN:39,(anonymous_4)
FN:55,(anonymous_5)
FNF:6
FNH:1
FNDA:2,(anonymous_0)
FNDA:0,(anonymous_1)
FNDA:0,(anonymous_2)
FNDA:0,(anonymous_3)
FNDA:0,(anonymous_4)
FNDA:0,(anonymous_5)
DA:11,1
DA:12,2
DA:13,2
DA:15,2
DA:21,2
DA:25,2
DA:26,0
DA:27,0
DA:31,0
DA:32,0
DA:39,2
DA:40,0
DA:42,0
DA:43,0
DA:44,0
DA:45,0
DA:48,0
DA:49,0
DA:52,0
DA:55,2
DA:56,0
DA:57,0
DA:59,0
DA:60,0
DA:61,0
DA:64,0
DA:67,2
LF:27
LH:9
BRDA:29,0,0,0
BRDA:29,0,1,0
BRDA:31,1,0,0
BRDA:31,1,1,0
BRDA:42,2,0,0
BRDA:42,2,1,0
BRDA:44,3,0,0
BRDA:44,3,1,0
BRDA:48,4,0,0
BRDA:48,4,1,0
BRDA:59,5,0,0
BRDA:59,5,1,0
BRF:12
BRH:0
end_of_record
TN:
SF:src\pages\ProductDetail.jsx
FN:15,(anonymous_0)
FN:30,(anonymous_1)
FN:36,(anonymous_2)
FN:50,(anonymous_3)
FN:84,(anonymous_4)
FN:91,(anonymous_5)
FN:122,(anonymous_6)
FN:159,(anonymous_7)
FN:169,(anonymous_8)
FN:173,(anonymous_9)
FN:200,(anonymous_10)
FN:207,(anonymous_11)
FN:235,(anonymous_12)
FN:243,(anonymous_13)
FN:258,(anonymous_14)
FNF:15
FNH:0
FNDA:0,(anonymous_0)
FNDA:0,(anonymous_1)
FNDA:0,(anonymous_2)
FNDA:0,(anonymous_3)
FNDA:0,(anonymous_4)
FNDA:0,(anonymous_5)
FNDA:0,(anonymous_6)
FNDA:0,(anonymous_7)
FNDA:0,(anonymous_8)
FNDA:0,(anonymous_9)
FNDA:0,(anonymous_10)
FNDA:0,(anonymous_11)
FNDA:0,(anonymous_12)
FNDA:0,(anonymous_13)
FNDA:0,(anonymous_14)
DA:15,1
DA:16,0
DA:17,0
DA:18,0
DA:19,0
DA:20,0
DA:22,0
DA:23,0
DA:27,0
DA:28,0
DA:30,0
DA:31,0
DA:32,0
DA:36,0
DA:37,0
DA:39,0
DA:40,0
DA:50,0
DA:51,0
DA:52,0
DA:53,0
DA:54,0
DA:57,0
DA:58,0
DA:59,0
DA:60,0
DA:62,0
DA:66,0
DA:67,0
DA:77,0
DA:84,0
DA:91,0
DA:123,0
DA:159,0
DA:169,0
DA:173,0
DA:201,0
DA:208,0
DA:236,0
DA:244,0
DA:259,0
LF:41
LH:1
BRDA:31,0,0,0
BRDA:31,0,1,0
BRDA:37,1,0,0
BRDA:37,1,1,0
BRDA:52,2,0,0
BRDA:52,2,1,0
BRDA:66,3,0,0
BRDA:66,3,1,0
BRDA:66,4,0,0
BRDA:66,4,1,0
BRDA:124,5,0,0
BRDA:124,5,1,0
BRDA:145,6,0,0
BRDA:145,6,1,0
BRDA:155,7,0,0
BRDA:155,7,1,0
BRDA:169,8,0,0
BRDA:169,8,1,0
BRDA:198,9,0,0
BRDA:198,9,1,0
BRDA:198,10,0,0
BRDA:198,10,1,0
BRDA:209,11,0,0
BRDA:209,11,1,0
BRDA:245,12,0,0
BRDA:245,12,1,0
BRF:26
BRH:0
end_of_record
TN:
SF:src\pages\Register.jsx
FN:11,(anonymous_0)
FN:26,(anonymous_1)
FN:32,(anonymous_2)
FN:34,(anonymous_3)
FN:39,(anonymous_4)
FN:46,(anonymous_5)
FN:78,(anonymous_6)
FNF:7
FNH:0
FNDA:0,(anonymous_0)
FNDA:0,(anonymous_1)
FNDA:0,(anonymous_2)
FNDA:0,(anonymous_3)
FNDA:0,(anonymous_4)
FNDA:0,(anonymous_5)
FNDA:0,(anonymous_6)
DA:11,1
DA:12,0
DA:13,0
DA:15,0
DA:23,0
DA:26,0
DA:27,0
DA:28,0
DA:32,0
DA:33,0
DA:34,0
DA:38,0
DA:39,0
DA:46,0
DA:47,0
DA:49,0
DA:50,0
DA:51,0
DA:52,0
DA:55,0
DA:56,0
DA:57,0
DA:58,0
DA:61,0
DA:62,0
DA:63,0
DA:64,0
DA:65,0
DA:66,0
DA:69,0
DA:70,0
DA:71,0
DA:72,0
DA:75,0
DA:78,0
DA:79,0
DA:80,0
DA:82,0
DA:83,0
DA:84,0
DA:87,0
DA:96,0
LF:42
LH:1
BRDA:27,0,0,0
BRDA:27,0,1,0
BRDA:38,1,0,0
BRDA:38,1,1,0
BRDA:49,2,0,0
BRDA:49,2,1,0
BRDA:51,3,0,0
BRDA:51,3,1,0
BRDA:55,4,0,0
BRDA:55,4,1,0
BRDA:57,5,0,0
BRDA:57,5,1,0
BRDA:61,6,0,0
BRDA:61,6,1,0
BRDA:63,7,0,0
BRDA:63,7,1,0
BRDA:65,8,0,0
BRDA:65,8,1,0
BRDA:69,9,0,0
BRDA:69,9,1,0
BRDA:71,10,0,0
BRDA:71,10,1,0
BRDA:82,11,0,0
BRDA:82,11,1,0
BRF:24
BRH:0
end_of_record
TN:
SF:src\store\index.js
FNF:0
FNH:0
DA:7,1
LF:1
LH:1
BRF:0
BRH:0
end_of_record
TN:
SF:src\store\slices\authSlice.js
FN:16,(anonymous_0)
FN:19,(anonymous_1)
FN:23,(anonymous_2)
FN:31,(anonymous_3)
FN:35,(anonymous_4)
FN:43,(anonymous_5)
FN:51,(anonymous_6)
FN:55,(anonymous_7)
FNF:8
FNH:0
FNDA:0,(anonymous_0)
FNDA:0,(anonymous_1)
FNDA:0,(anonymous_2)
FNDA:0,(anonymous_3)
FNDA:0,(anonymous_4)
FNDA:0,(anonymous_5)
FNDA:0,(anonymous_6)
FNDA:0,(anonymous_7)
DA:4,2
DA:12,2
DA:17,0
DA:20,0
DA:21,0
DA:24,0
DA:25,0
DA:26,0
DA:27,0
DA:28,0
DA:29,0
DA:32,0
DA:33,0
DA:36,0
DA:37,0
DA:38,0
DA:39,0
DA:40,0
DA:41,0
DA:44,0
DA:45,0
DA:46,0
DA:47,0
DA:48,0
DA:49,0
DA:52,0
DA:53,0
DA:56,0
DA:70,2
LF:29
LH:3
BRF:0
BRH:0
end_of_record
TN:
SF:src\store\slices\cartSlice.js
FN:10,(anonymous_0)
FN:11,(anonymous_1)
FN:18,(anonymous_2)
FN:20,(anonymous_3)
FN:35,(anonymous_4)
FN:36,(anonymous_5)
FN:40,(anonymous_6)
FN:41,(anonymous_7)
FN:48,(anonymous_8)
FNF:9
FNH:0
FNDA:0,(anonymous_0)
FNDA:0,(anonymous_1)
FNDA:0,(anonymous_2)
FNDA:0,(anonymous_3)
FNDA:0,(anonymous_4)
FNDA:0,(anonymous_5)
FNDA:0,(anonymous_6)
FNDA:0,(anonymous_7)
FNDA:0,(anonymous_8)
DA:4,1
DA:10,1
DA:11,0
DA:14,1
DA:19,0
DA:20,0
DA:23,0
DA:24,0
DA:26,0
DA:32,0
DA:33,0
DA:36,0
DA:37,0
DA:38,0
DA:41,0
DA:42,0
DA:43,0
DA:45,0
DA:46,0
DA:49,0
DA:50,0
DA:51,0
DA:57,1
LF:23
LH:4
BRDA:23,0,0,0
BRDA:23,0,1,0
BRDA:24,1,0,0
BRDA:24,1,1,0
BRDA:28,2,0,0
BRDA:28,2,1,0
BRDA:42,3,0,0
BRDA:42,3,1,0
BRF:8
BRH:0
end_of_record
TN:
SF:src\store\slices\productSlice.js
FN:22,(anonymous_0)
FN:25,(anonymous_1)
FN:30,(anonymous_2)
FN:34,(anonymous_3)
FN:37,(anonymous_4)
FN:40,(anonymous_5)
FN:44,(anonymous_6)
FNF:7
FNH:0
FNDA:0,(anonymous_0)
FNDA:0,(anonymous_1)
FNDA:0,(anonymous_2)
FNDA:0,(anonymous_3)
FNDA:0,(anonymous_4)
FNDA:0,(anonymous_5)
FNDA:0,(anonymous_6)
DA:3,1
DA:18,1
DA:23,0
DA:26,0
DA:27,0
DA:28,0
DA:31,0
DA:32,0
DA:35,0
DA:38,0
DA:41,0
DA:42,0
DA:45,0
DA:58,1
LF:14
LH:3
BRF:0
BRH:0
end_of_record
TN:
SF:src\store\slices\wishlistSlice.js
FN:12,(anonymous_0)
FN:13,(anonymous_1)
FN:19,(anonymous_2)
FN:20,(anonymous_3)
FN:23,(anonymous_4)
FNF:5
FNH:0
FNDA:0,(anonymous_0)
FNDA:0,(anonymous_1)
FNDA:0,(anonymous_2)
FNDA:0,(anonymous_3)
FNDA:0,(anonymous_4)
DA:4,1
DA:8,1
DA:13,0
DA:14,0
DA:15,0
DA:16,0
DA:20,0
DA:21,0
DA:24,0
DA:25,0
DA:31,1
LF:11
LH:3
BRDA:14,0,0,0
BRDA:14,0,1,0
BRF:2
BRH:0
end_of_record
TN:
SF:src\styles\globals.css
FNF:0
FNH:0
LF:0
LH:0
BRF:0
BRH:0
end_of_record
TN:
SF:src\utils\api.js
FN:7,(anonymous_0)
FN:8,(anonymous_1)
FN:9,(anonymous_2)
FN:10,(anonymous_3)
FN:11,(anonymous_4)
FN:18,(anonymous_5)
FN:19,(anonymous_6)
FN:20,(anonymous_7)
FN:21,(anonymous_8)
FN:23,(anonymous_9)
FN:30,(anonymous_10)
FN:31,(anonymous_11)
FN:32,(anonymous_12)
FN:33,(anonymous_13)
FN:34,(anonymous_14)
FN:35,(anonymous_15)
FN:36,(anonymous_16)
FNF:17
FNH:0
FNDA:0,(anonymous_0)
FNDA:0,(anonymous_1)
FNDA:0,(anonymous_2)
FNDA:0,(anonymous_3)
FNDA:0,(anonymous_4)
FNDA:0,(anonymous_5)
FNDA:0,(anonymous_6)
FNDA:0,(anonymous_7)
FNDA:0,(anonymous_8)
FNDA:0,(anonymous_9)
FNDA:0,(anonymous_10)
FNDA:0,(anonymous_11)
FNDA:0,(anonymous_12)
FNDA:0,(anonymous_13)
FNDA:0,(anonymous_14)
FNDA:0,(anonymous_15)
FNDA:0,(anonymous_16)
DA:6,1
DA:7,0
DA:8,0
DA:9,0
DA:10,0
DA:11,0
DA:17,1
DA:18,0
DA:19,0
DA:20,0
DA:22,0
DA:23,0
DA:29,1
DA:30,0
DA:31,0
DA:32,0
DA:33,0
DA:34,0
DA:35,0
DA:36,0
LF:20
LH:3
BRF:0
BRH:0
end_of_record
TN:
SF:src\utils\apiClient.js
FN:16,(anonymous_0)
FN:23,(anonymous_1)
FN:28,(anonymous_2)
FN:29,(anonymous_3)
FNF:4
FNH:0
FNDA:0,(anonymous_0)
FNDA:0,(anonymous_1)
FNDA:0,(anonymous_2)
FNDA:0,(anonymous_3)
DA:3,1
DA:4,1
DA:6,1
DA:15,1
DA:17,0
DA:18,0
DA:19,0
DA:21,0
DA:23,0
DA:27,1
DA:28,0
DA:30,0
DA:31,0
DA:32,0
DA:33,0
DA:35,0
LF:16
LH:5
BRDA:3,0,0,1
BRDA:3,0,1,1
BRDA:4,1,0,1
BRDA:4,1,1,1
BRDA:18,2,0,0
BRDA:18,2,1,0
BRDA:30,3,0,0
BRDA:30,3,1,0
BRDA:35,4,0,0
BRDA:35,4,1,0
BRF:10
BRH:4
end_of_record
TN:
SF:src\utils\storage.js
FN:6,(anonymous_0)
FN:7,(anonymous_1)
FN:8,(anonymous_2)
FN:10,(anonymous_3)
FN:11,(anonymous_4)
FN:15,(anonymous_5)
FN:17,(anonymous_6)
FN:18,(anonymous_7)
FN:22,(anonymous_8)
FN:24,(anonymous_9)
FN:25,(anonymous_10)
FN:29,(anonymous_11)
FN:32,(anonymous_12)
FNF:13
FNH:4
FNDA:0,(anonymous_0)
FNDA:4,(anonymous_1)
FNDA:0,(anonymous_2)
FNDA:0,(anonymous_3)
FNDA:2,(anonymous_4)
FNDA:0,(anonymous_5)
FNDA:0,(anonymous_6)
FNDA:1,(anonymous_7)
FNDA:0,(anonymous_8)
FNDA:0,(anonymous_9)
FNDA:1,(anonymous_10)
FNDA:0,(anonymous_11)
FNDA:0,(anonymous_12)
DA:5,2
DA:6,0
DA:7,4
DA:8,0
DA:10,0
DA:12,2
DA:13,2
DA:15,0
DA:17,0
DA:19,1
DA:20,1
DA:22,0
DA:24,0
DA:26,1
DA:27,1
DA:29,0
DA:32,2
DA:33,0
LF:18
LH:9
BRDA:13,0,0,0
BRDA:13,0,1,2
BRDA:20,1,0,0
BRDA:20,1,1,1
BRDA:27,2,0,0
BRDA:27,2,1,1
BRF:6
BRH:3
end_of_record
