{"C:\\Users\\Kharshavardhan\\Documents\\e-Commerce Devops\\backend\\controllers\\adminController.js": {"path":"C:\\Users\\Kharshavardhan\\Documents\\e-Commerce Devops\\backend\\controllers\\adminController.js","statementMap":{"0":{"start":{"line":8,"column":29},"end":{"line":28,"column":1}},"1":{"start":{"line":9,"column":2},"end":{"line":27,"column":3}},"2":{"start":{"line":10,"column":66},"end":{"line":10,"column":74}},"3":{"start":{"line":12,"column":20},"end":{"line":19,"column":6}},"4":{"start":{"line":21,"column":4},"end":{"line":21,"column":34}},"5":{"start":{"line":23,"column":4},"end":{"line":26,"column":7}},"6":{"start":{"line":34,"column":29},"end":{"line":64,"column":1}},"7":{"start":{"line":35,"column":2},"end":{"line":63,"column":3}},"8":{"start":{"line":36,"column":66},"end":{"line":36,"column":74}},"9":{"start":{"line":38,"column":20},"end":{"line":49,"column":5}},"10":{"start":{"line":51,"column":4},"end":{"line":55,"column":5}},"11":{"start":{"line":52,"column":6},"end":{"line":54,"column":9}},"12":{"start":{"line":57,"column":4},"end":{"line":57,"column":34}},"13":{"start":{"line":59,"column":4},"end":{"line":62,"column":7}},"14":{"start":{"line":70,"column":29},"end":{"line":91,"column":1}},"15":{"start":{"line":71,"column":2},"end":{"line":90,"column":3}},"16":{"start":{"line":72,"column":20},"end":{"line":76,"column":5}},"17":{"start":{"line":78,"column":4},"end":{"line":82,"column":5}},"18":{"start":{"line":79,"column":6},"end":{"line":81,"column":9}},"19":{"start":{"line":84,"column":4},"end":{"line":84,"column":34}},"20":{"start":{"line":86,"column":4},"end":{"line":89,"column":7}},"21":{"start":{"line":97,"column":33},"end":{"line":125,"column":1}},"22":{"start":{"line":98,"column":2},"end":{"line":124,"column":3}},"23":{"start":{"line":99,"column":23},"end":{"line":99,"column":68}},"24":{"start":{"line":100,"column":26},"end":{"line":100,"column":74}},"25":{"start":{"line":101,"column":34},"end":{"line":101,"column":83}},"26":{"start":{"line":104,"column":21},"end":{"line":104,"column":41}},"27":{"start":{"line":105,"column":27},"end":{"line":105,"column":82}},"28":{"start":{"line":105,"column":55},"end":{"line":105,"column":78}},"29":{"start":{"line":108,"column":23},"end":{"line":108,"column":83}},"30":{"start":{"line":109,"column":22},"end":{"line":109,"column":81}},"31":{"start":{"line":111,"column":4},"end":{"line":118,"column":7}},"32":{"start":{"line":120,"column":4},"end":{"line":123,"column":7}},"33":{"start":{"line":131,"column":27},"end":{"line":167,"column":1}},"34":{"start":{"line":132,"column":2},"end":{"line":166,"column":3}},"35":{"start":{"line":133,"column":45},"end":{"line":133,"column":54}},"36":{"start":{"line":135,"column":19},"end":{"line":135,"column":21}},"37":{"start":{"line":136,"column":4},"end":{"line":141,"column":5}},"38":{"start":{"line":137,"column":6},"end":{"line":140,"column":8}},"39":{"start":{"line":143,"column":20},"end":{"line":143,"column":47}},"40":{"start":{"line":144,"column":21},"end":{"line":144,"column":64}},"41":{"start":{"line":145,"column":17},"end":{"line":145,"column":41}},"42":{"start":{"line":147,"column":18},"end":{"line":147,"column":51}},"43":{"start":{"line":148,"column":18},"end":{"line":151,"column":22}},"44":{"start":{"line":153,"column":4},"end":{"line":160,"column":7}},"45":{"start":{"line":162,"column":4},"end":{"line":165,"column":7}},"46":{"start":{"line":173,"column":26},"end":{"line":194,"column":1}},"47":{"start":{"line":174,"column":2},"end":{"line":193,"column":3}},"48":{"start":{"line":175,"column":17},"end":{"line":179,"column":5}},"49":{"start":{"line":181,"column":4},"end":{"line":185,"column":5}},"50":{"start":{"line":182,"column":6},"end":{"line":184,"column":9}},"51":{"start":{"line":187,"column":4},"end":{"line":187,"column":31}},"52":{"start":{"line":189,"column":4},"end":{"line":192,"column":7}},"53":{"start":{"line":200,"column":30},"end":{"line":230,"column":1}},"54":{"start":{"line":201,"column":2},"end":{"line":229,"column":3}},"55":{"start":{"line":202,"column":21},"end":{"line":202,"column":29}},"56":{"start":{"line":204,"column":4},"end":{"line":209,"column":5}},"57":{"start":{"line":205,"column":6},"end":{"line":208,"column":9}},"58":{"start":{"line":211,"column":17},"end":{"line":215,"column":5}},"59":{"start":{"line":217,"column":4},"end":{"line":221,"column":5}},"60":{"start":{"line":218,"column":6},"end":{"line":220,"column":9}},"61":{"start":{"line":223,"column":4},"end":{"line":223,"column":31}},"62":{"start":{"line":225,"column":4},"end":{"line":228,"column":7}}},"fnMap":{"0":{"name":"(anonymous_0)","decl":{"start":{"line":8,"column":29},"end":{"line":8,"column":30}},"loc":{"start":{"line":8,"column":49},"end":{"line":28,"column":1}},"line":8},"1":{"name":"(anonymous_1)","decl":{"start":{"line":34,"column":29},"end":{"line":34,"column":30}},"loc":{"start":{"line":34,"column":49},"end":{"line":64,"column":1}},"line":34},"2":{"name":"(anonymous_2)","decl":{"start":{"line":70,"column":29},"end":{"line":70,"column":30}},"loc":{"start":{"line":70,"column":49},"end":{"line":91,"column":1}},"line":70},"3":{"name":"(anonymous_3)","decl":{"start":{"line":97,"column":33},"end":{"line":97,"column":34}},"loc":{"start":{"line":97,"column":53},"end":{"line":125,"column":1}},"line":97},"4":{"name":"(anonymous_4)","decl":{"start":{"line":105,"column":43},"end":{"line":105,"column":44}},"loc":{"start":{"line":105,"column":55},"end":{"line":105,"column":78}},"line":105},"5":{"name":"(anonymous_5)","decl":{"start":{"line":131,"column":27},"end":{"line":131,"column":28}},"loc":{"start":{"line":131,"column":47},"end":{"line":167,"column":1}},"line":131},"6":{"name":"(anonymous_6)","decl":{"start":{"line":173,"column":26},"end":{"line":173,"column":27}},"loc":{"start":{"line":173,"column":46},"end":{"line":194,"column":1}},"line":173},"7":{"name":"(anonymous_7)","decl":{"start":{"line":200,"column":30},"end":{"line":200,"column":31}},"loc":{"start":{"line":200,"column":50},"end":{"line":230,"column":1}},"line":200}},"branchMap":{"0":{"loc":{"start":{"line":18,"column":13},"end":{"line":18,"column":26}},"type":"binary-expr","locations":[{"start":{"line":18,"column":13},"end":{"line":18,"column":18}},{"start":{"line":18,"column":22},"end":{"line":18,"column":26}}],"line":18},"1":{"loc":{"start":{"line":41,"column":12},"end":{"line":41,"column":30}},"type":"binary-expr","locations":[{"start":{"line":41,"column":12},"end":{"line":41,"column":17}},{"start":{"line":41,"column":21},"end":{"line":41,"column":30}}],"line":41},"2":{"loc":{"start":{"line":42,"column":12},"end":{"line":42,"column":42}},"type":"binary-expr","locations":[{"start":{"line":42,"column":12},"end":{"line":42,"column":23}},{"start":{"line":42,"column":27},"end":{"line":42,"column":42}}],"line":42},"3":{"loc":{"start":{"line":43,"column":12},"end":{"line":43,"column":44}},"type":"binary-expr","locations":[{"start":{"line":43,"column":12},"end":{"line":43,"column":31}},{"start":{"line":43,"column":35},"end":{"line":43,"column":44}}],"line":43},"4":{"loc":{"start":{"line":44,"column":12},"end":{"line":44,"column":36}},"type":"binary-expr","locations":[{"start":{"line":44,"column":12},"end":{"line":44,"column":20}},{"start":{"line":44,"column":24},"end":{"line":44,"column":36}}],"line":44},"5":{"loc":{"start":{"line":45,"column":12},"end":{"line":45,"column":44}},"type":"binary-expr","locations":[{"start":{"line":45,"column":12},"end":{"line":45,"column":31}},{"start":{"line":45,"column":35},"end":{"line":45,"column":44}}],"line":45},"6":{"loc":{"start":{"line":46,"column":12},"end":{"line":46,"column":30}},"type":"binary-expr","locations":[{"start":{"line":46,"column":12},"end":{"line":46,"column":17}},{"start":{"line":46,"column":21},"end":{"line":46,"column":30}}],"line":46},"7":{"loc":{"start":{"line":51,"column":4},"end":{"line":55,"column":5}},"type":"if","locations":[{"start":{"line":51,"column":4},"end":{"line":55,"column":5}},{"start":{},"end":{}}],"line":51},"8":{"loc":{"start":{"line":78,"column":4},"end":{"line":82,"column":5}},"type":"if","locations":[{"start":{"line":78,"column":4},"end":{"line":82,"column":5}},{"start":{},"end":{}}],"line":78},"9":{"loc":{"start":{"line":133,"column":12},"end":{"line":133,"column":20}},"type":"default-arg","locations":[{"start":{"line":133,"column":19},"end":{"line":133,"column":20}}],"line":133},"10":{"loc":{"start":{"line":133,"column":22},"end":{"line":133,"column":32}},"type":"default-arg","locations":[{"start":{"line":133,"column":30},"end":{"line":133,"column":32}}],"line":133},"11":{"loc":{"start":{"line":136,"column":4},"end":{"line":141,"column":5}},"type":"if","locations":[{"start":{"line":136,"column":4},"end":{"line":141,"column":5}},{"start":{},"end":{}}],"line":136},"12":{"loc":{"start":{"line":181,"column":4},"end":{"line":185,"column":5}},"type":"if","locations":[{"start":{"line":181,"column":4},"end":{"line":185,"column":5}},{"start":{},"end":{}}],"line":181},"13":{"loc":{"start":{"line":204,"column":4},"end":{"line":209,"column":5}},"type":"if","locations":[{"start":{"line":204,"column":4},"end":{"line":209,"column":5}},{"start":{},"end":{}}],"line":204},"14":{"loc":{"start":{"line":217,"column":4},"end":{"line":221,"column":5}},"type":"if","locations":[{"start":{"line":217,"column":4},"end":{"line":221,"column":5}},{"start":{},"end":{}}],"line":217}},"s":{"0":3,"1":1,"2":1,"3":1,"4":1,"5":0,"6":3,"7":1,"8":1,"9":1,"10":1,"11":0,"12":1,"13":0,"14":3,"15":1,"16":1,"17":1,"18":0,"19":1,"20":0,"21":3,"22":0,"23":0,"24":0,"25":0,"26":0,"27":0,"28":0,"29":0,"30":0,"31":0,"32":0,"33":3,"34":1,"35":1,"36":1,"37":1,"38":0,"39":1,"40":1,"41":1,"42":1,"43":1,"44":1,"45":0,"46":3,"47":0,"48":0,"49":0,"50":0,"51":0,"52":0,"53":3,"54":0,"55":0,"56":0,"57":0,"58":0,"59":0,"60":0,"61":0,"62":0},"f":{"0":1,"1":1,"2":1,"3":0,"4":0,"5":1,"6":0,"7":0},"b":{"0":[1,0],"1":[1,1],"2":[1,0],"3":[1,1],"4":[1,0],"5":[1,0],"6":[1,0],"7":[0,1],"8":[0,1],"9":[1],"10":[1],"11":[0,1],"12":[0,0],"13":[0,0],"14":[0,0]},"_coverageSchema":"1a1c01bbd47fc00a2c39e90264f33305004495a9","hash":"a48144621892d4ff74c4335066bd12414597ab03"}
,"C:\\Users\\Kharshavardhan\\Documents\\e-Commerce Devops\\backend\\controllers\\authController.js": {"path":"C:\\Users\\Kharshavardhan\\Documents\\e-Commerce Devops\\backend\\controllers\\authController.js","statementMap":{"0":{"start":{"line":8,"column":24},"end":{"line":49,"column":1}},"1":{"start":{"line":9,"column":2},"end":{"line":48,"column":3}},"2":{"start":{"line":10,"column":44},"end":{"line":10,"column":52}},"3":{"start":{"line":13,"column":23},"end":{"line":13,"column":52}},"4":{"start":{"line":14,"column":4},"end":{"line":19,"column":5}},"5":{"start":{"line":15,"column":6},"end":{"line":18,"column":9}},"6":{"start":{"line":22,"column":17},"end":{"line":27,"column":6}},"7":{"start":{"line":30,"column":18},"end":{"line":30,"column":41}},"8":{"start":{"line":32,"column":4},"end":{"line":42,"column":7}},"9":{"start":{"line":44,"column":4},"end":{"line":47,"column":7}},"10":{"start":{"line":55,"column":21},"end":{"line":114,"column":1}},"11":{"start":{"line":56,"column":2},"end":{"line":113,"column":3}},"12":{"start":{"line":57,"column":44},"end":{"line":57,"column":52}},"13":{"start":{"line":60,"column":4},"end":{"line":65,"column":5}},"14":{"start":{"line":61,"column":6},"end":{"line":64,"column":9}},"15":{"start":{"line":68,"column":17},"end":{"line":68,"column":66}},"16":{"start":{"line":69,"column":4},"end":{"line":74,"column":5}},"17":{"start":{"line":70,"column":6},"end":{"line":73,"column":9}},"18":{"start":{"line":77,"column":30},"end":{"line":77,"column":66}},"19":{"start":{"line":78,"column":4},"end":{"line":83,"column":5}},"20":{"start":{"line":79,"column":6},"end":{"line":82,"column":9}},"21":{"start":{"line":86,"column":4},"end":{"line":91,"column":5}},"22":{"start":{"line":87,"column":6},"end":{"line":90,"column":9}},"23":{"start":{"line":94,"column":18},"end":{"line":94,"column":41}},"24":{"start":{"line":96,"column":4},"end":{"line":107,"column":7}},"25":{"start":{"line":109,"column":4},"end":{"line":112,"column":7}},"26":{"start":{"line":120,"column":30},"end":{"line":148,"column":1}},"27":{"start":{"line":121,"column":2},"end":{"line":147,"column":3}},"28":{"start":{"line":122,"column":17},"end":{"line":122,"column":48}},"29":{"start":{"line":124,"column":4},"end":{"line":129,"column":5}},"30":{"start":{"line":125,"column":6},"end":{"line":128,"column":9}},"31":{"start":{"line":131,"column":4},"end":{"line":141,"column":7}},"32":{"start":{"line":143,"column":4},"end":{"line":146,"column":7}},"33":{"start":{"line":154,"column":29},"end":{"line":184,"column":1}},"34":{"start":{"line":155,"column":2},"end":{"line":183,"column":3}},"35":{"start":{"line":156,"column":29},"end":{"line":156,"column":37}},"36":{"start":{"line":158,"column":17},"end":{"line":165,"column":5}},"37":{"start":{"line":167,"column":4},"end":{"line":177,"column":7}},"38":{"start":{"line":179,"column":4},"end":{"line":182,"column":7}},"39":{"start":{"line":190,"column":22},"end":{"line":195,"column":1}},"40":{"start":{"line":191,"column":2},"end":{"line":194,"column":5}}},"fnMap":{"0":{"name":"(anonymous_0)","decl":{"start":{"line":8,"column":24},"end":{"line":8,"column":25}},"loc":{"start":{"line":8,"column":44},"end":{"line":49,"column":1}},"line":8},"1":{"name":"(anonymous_1)","decl":{"start":{"line":55,"column":21},"end":{"line":55,"column":22}},"loc":{"start":{"line":55,"column":41},"end":{"line":114,"column":1}},"line":55},"2":{"name":"(anonymous_2)","decl":{"start":{"line":120,"column":30},"end":{"line":120,"column":31}},"loc":{"start":{"line":120,"column":50},"end":{"line":148,"column":1}},"line":120},"3":{"name":"(anonymous_3)","decl":{"start":{"line":154,"column":29},"end":{"line":154,"column":30}},"loc":{"start":{"line":154,"column":49},"end":{"line":184,"column":1}},"line":154},"4":{"name":"(anonymous_4)","decl":{"start":{"line":190,"column":22},"end":{"line":190,"column":23}},"loc":{"start":{"line":190,"column":42},"end":{"line":195,"column":1}},"line":190}},"branchMap":{"0":{"loc":{"start":{"line":14,"column":4},"end":{"line":19,"column":5}},"type":"if","locations":[{"start":{"line":14,"column":4},"end":{"line":19,"column":5}},{"start":{},"end":{}}],"line":14},"1":{"loc":{"start":{"line":26,"column":12},"end":{"line":26,"column":26}},"type":"binary-expr","locations":[{"start":{"line":26,"column":12},"end":{"line":26,"column":16}},{"start":{"line":26,"column":20},"end":{"line":26,"column":26}}],"line":26},"2":{"loc":{"start":{"line":60,"column":4},"end":{"line":65,"column":5}},"type":"if","locations":[{"start":{"line":60,"column":4},"end":{"line":65,"column":5}},{"start":{},"end":{}}],"line":60},"3":{"loc":{"start":{"line":60,"column":8},"end":{"line":60,"column":27}},"type":"binary-expr","locations":[{"start":{"line":60,"column":8},"end":{"line":60,"column":14}},{"start":{"line":60,"column":18},"end":{"line":60,"column":27}}],"line":60},"4":{"loc":{"start":{"line":69,"column":4},"end":{"line":74,"column":5}},"type":"if","locations":[{"start":{"line":69,"column":4},"end":{"line":74,"column":5}},{"start":{},"end":{}}],"line":69},"5":{"loc":{"start":{"line":78,"column":4},"end":{"line":83,"column":5}},"type":"if","locations":[{"start":{"line":78,"column":4},"end":{"line":83,"column":5}},{"start":{},"end":{}}],"line":78},"6":{"loc":{"start":{"line":86,"column":4},"end":{"line":91,"column":5}},"type":"if","locations":[{"start":{"line":86,"column":4},"end":{"line":91,"column":5}},{"start":{},"end":{}}],"line":86},"7":{"loc":{"start":{"line":124,"column":4},"end":{"line":129,"column":5}},"type":"if","locations":[{"start":{"line":124,"column":4},"end":{"line":129,"column":5}},{"start":{},"end":{}}],"line":124},"8":{"loc":{"start":{"line":161,"column":12},"end":{"line":161,"column":28}},"type":"binary-expr","locations":[{"start":{"line":161,"column":12},"end":{"line":161,"column":16}},{"start":{"line":161,"column":20},"end":{"line":161,"column":28}}],"line":161},"9":{"loc":{"start":{"line":162,"column":12},"end":{"line":162,"column":32}},"type":"binary-expr","locations":[{"start":{"line":162,"column":12},"end":{"line":162,"column":18}},{"start":{"line":162,"column":22},"end":{"line":162,"column":32}}],"line":162}},"s":{"0":3,"1":3,"2":3,"3":3,"4":3,"5":1,"6":2,"7":2,"8":2,"9":0,"10":3,"11":4,"12":4,"13":4,"14":0,"15":4,"16":4,"17":1,"18":3,"19":3,"20":1,"21":2,"22":0,"23":2,"24":2,"25":0,"26":3,"27":4,"28":4,"29":4,"30":0,"31":4,"32":0,"33":3,"34":0,"35":0,"36":0,"37":0,"38":0,"39":3,"40":0},"f":{"0":3,"1":4,"2":4,"3":0,"4":0},"b":{"0":[1,2],"1":[2,2],"2":[0,4],"3":[4,4],"4":[1,3],"5":[1,2],"6":[0,2],"7":[0,4],"8":[0,0],"9":[0,0]},"_coverageSchema":"1a1c01bbd47fc00a2c39e90264f33305004495a9","hash":"62cbcd44015768effec4d964a73a78be784ef821"}
,"C:\\Users\\Kharshavardhan\\Documents\\e-Commerce Devops\\backend\\controllers\\productController.js": {"path":"C:\\Users\\Kharshavardhan\\Documents\\e-Commerce Devops\\backend\\controllers\\productController.js","statementMap":{"0":{"start":{"line":7,"column":30},"end":{"line":46,"column":1}},"1":{"start":{"line":8,"column":2},"end":{"line":45,"column":3}},"2":{"start":{"line":9,"column":77},"end":{"line":9,"column":86}},"3":{"start":{"line":12,"column":19},"end":{"line":12,"column":37}},"4":{"start":{"line":14,"column":4},"end":{"line":19,"column":5}},"5":{"start":{"line":15,"column":6},"end":{"line":18,"column":8}},"6":{"start":{"line":21,"column":4},"end":{"line":23,"column":5}},"7":{"start":{"line":22,"column":6},"end":{"line":22,"column":60}},"8":{"start":{"line":26,"column":20},"end":{"line":26,"column":47}},"9":{"start":{"line":27,"column":21},"end":{"line":27,"column":64}},"10":{"start":{"line":28,"column":17},"end":{"line":28,"column":41}},"11":{"start":{"line":31,"column":18},"end":{"line":31,"column":54}},"12":{"start":{"line":34,"column":21},"end":{"line":37,"column":22}},"13":{"start":{"line":39,"column":4},"end":{"line":39,"column":35}},"14":{"start":{"line":41,"column":4},"end":{"line":44,"column":7}},"15":{"start":{"line":52,"column":30},"end":{"line":69,"column":1}},"16":{"start":{"line":53,"column":2},"end":{"line":68,"column":3}},"17":{"start":{"line":54,"column":20},"end":{"line":54,"column":57}},"18":{"start":{"line":56,"column":4},"end":{"line":60,"column":5}},"19":{"start":{"line":57,"column":6},"end":{"line":59,"column":9}},"20":{"start":{"line":62,"column":4},"end":{"line":62,"column":34}},"21":{"start":{"line":64,"column":4},"end":{"line":67,"column":7}},"22":{"start":{"line":75,"column":37},"end":{"line":91,"column":1}},"23":{"start":{"line":76,"column":2},"end":{"line":90,"column":3}},"24":{"start":{"line":77,"column":25},"end":{"line":77,"column":35}},"25":{"start":{"line":79,"column":21},"end":{"line":82,"column":6}},"26":{"start":{"line":84,"column":4},"end":{"line":84,"column":35}},"27":{"start":{"line":86,"column":4},"end":{"line":89,"column":7}},"28":{"start":{"line":97,"column":32},"end":{"line":108,"column":1}},"29":{"start":{"line":98,"column":2},"end":{"line":107,"column":3}},"30":{"start":{"line":99,"column":23},"end":{"line":99,"column":77}},"31":{"start":{"line":101,"column":4},"end":{"line":101,"column":44}},"32":{"start":{"line":103,"column":4},"end":{"line":106,"column":7}},"33":{"start":{"line":114,"column":25},"end":{"line":161,"column":1}},"34":{"start":{"line":115,"column":2},"end":{"line":160,"column":3}},"35":{"start":{"line":116,"column":32},"end":{"line":116,"column":40}},"36":{"start":{"line":117,"column":22},"end":{"line":117,"column":35}},"37":{"start":{"line":119,"column":4},"end":{"line":123,"column":5}},"38":{"start":{"line":120,"column":6},"end":{"line":122,"column":9}},"39":{"start":{"line":125,"column":20},"end":{"line":125,"column":53}},"40":{"start":{"line":127,"column":4},"end":{"line":131,"column":5}},"41":{"start":{"line":128,"column":6},"end":{"line":130,"column":9}},"42":{"start":{"line":134,"column":27},"end":{"line":136,"column":5}},"43":{"start":{"line":135,"column":18},"end":{"line":135,"column":68}},"44":{"start":{"line":138,"column":4},"end":{"line":142,"column":5}},"45":{"start":{"line":139,"column":6},"end":{"line":141,"column":9}},"46":{"start":{"line":144,"column":4},"end":{"line":149,"column":7}},"47":{"start":{"line":151,"column":4},"end":{"line":151,"column":30}},"48":{"start":{"line":152,"column":4},"end":{"line":152,"column":25}},"49":{"start":{"line":154,"column":4},"end":{"line":154,"column":34}},"50":{"start":{"line":156,"column":4},"end":{"line":159,"column":7}}},"fnMap":{"0":{"name":"(anonymous_0)","decl":{"start":{"line":7,"column":30},"end":{"line":7,"column":31}},"loc":{"start":{"line":7,"column":50},"end":{"line":46,"column":1}},"line":7},"1":{"name":"(anonymous_1)","decl":{"start":{"line":52,"column":30},"end":{"line":52,"column":31}},"loc":{"start":{"line":52,"column":50},"end":{"line":69,"column":1}},"line":52},"2":{"name":"(anonymous_2)","decl":{"start":{"line":75,"column":37},"end":{"line":75,"column":38}},"loc":{"start":{"line":75,"column":57},"end":{"line":91,"column":1}},"line":75},"3":{"name":"(anonymous_3)","decl":{"start":{"line":97,"column":32},"end":{"line":97,"column":33}},"loc":{"start":{"line":97,"column":52},"end":{"line":108,"column":1}},"line":97},"4":{"name":"(anonymous_4)","decl":{"start":{"line":114,"column":25},"end":{"line":114,"column":26}},"loc":{"start":{"line":114,"column":45},"end":{"line":161,"column":1}},"line":114},"5":{"name":"(anonymous_5)","decl":{"start":{"line":135,"column":6},"end":{"line":135,"column":7}},"loc":{"start":{"line":135,"column":18},"end":{"line":135,"column":68}},"line":135}},"branchMap":{"0":{"loc":{"start":{"line":9,"column":30},"end":{"line":9,"column":38}},"type":"default-arg","locations":[{"start":{"line":9,"column":37},"end":{"line":9,"column":38}}],"line":9},"1":{"loc":{"start":{"line":9,"column":40},"end":{"line":9,"column":50}},"type":"default-arg","locations":[{"start":{"line":9,"column":48},"end":{"line":9,"column":50}}],"line":9},"2":{"loc":{"start":{"line":9,"column":52},"end":{"line":9,"column":72}},"type":"default-arg","locations":[{"start":{"line":9,"column":61},"end":{"line":9,"column":72}}],"line":9},"3":{"loc":{"start":{"line":14,"column":4},"end":{"line":19,"column":5}},"type":"if","locations":[{"start":{"line":14,"column":4},"end":{"line":19,"column":5}},{"start":{},"end":{}}],"line":14},"4":{"loc":{"start":{"line":21,"column":4},"end":{"line":23,"column":5}},"type":"if","locations":[{"start":{"line":21,"column":4},"end":{"line":23,"column":5}},{"start":{},"end":{}}],"line":21},"5":{"loc":{"start":{"line":35,"column":12},"end":{"line":35,"column":64}},"type":"cond-expr","locations":[{"start":{"line":35,"column":33},"end":{"line":35,"column":45}},{"start":{"line":35,"column":48},"end":{"line":35,"column":64}}],"line":35},"6":{"loc":{"start":{"line":56,"column":4},"end":{"line":60,"column":5}},"type":"if","locations":[{"start":{"line":56,"column":4},"end":{"line":60,"column":5}},{"start":{},"end":{}}],"line":56},"7":{"loc":{"start":{"line":56,"column":8},"end":{"line":56,"column":37}},"type":"binary-expr","locations":[{"start":{"line":56,"column":8},"end":{"line":56,"column":16}},{"start":{"line":56,"column":20},"end":{"line":56,"column":37}}],"line":56},"8":{"loc":{"start":{"line":119,"column":4},"end":{"line":123,"column":5}},"type":"if","locations":[{"start":{"line":119,"column":4},"end":{"line":123,"column":5}},{"start":{},"end":{}}],"line":119},"9":{"loc":{"start":{"line":119,"column":8},"end":{"line":119,"column":43}},"type":"binary-expr","locations":[{"start":{"line":119,"column":8},"end":{"line":119,"column":15}},{"start":{"line":119,"column":19},"end":{"line":119,"column":29}},{"start":{"line":119,"column":33},"end":{"line":119,"column":43}}],"line":119},"10":{"loc":{"start":{"line":127,"column":4},"end":{"line":131,"column":5}},"type":"if","locations":[{"start":{"line":127,"column":4},"end":{"line":131,"column":5}},{"start":{},"end":{}}],"line":127},"11":{"loc":{"start":{"line":138,"column":4},"end":{"line":142,"column":5}},"type":"if","locations":[{"start":{"line":138,"column":4},"end":{"line":142,"column":5}},{"start":{},"end":{}}],"line":138},"12":{"loc":{"start":{"line":148,"column":15},"end":{"line":148,"column":28}},"type":"binary-expr","locations":[{"start":{"line":148,"column":15},"end":{"line":148,"column":22}},{"start":{"line":148,"column":26},"end":{"line":148,"column":28}}],"line":148}},"s":{"0":3,"1":3,"2":3,"3":3,"4":3,"5":0,"6":3,"7":1,"8":3,"9":3,"10":3,"11":3,"12":3,"13":3,"14":0,"15":3,"16":2,"17":2,"18":2,"19":1,"20":1,"21":0,"22":3,"23":0,"24":0,"25":0,"26":0,"27":0,"28":3,"29":0,"30":0,"31":0,"32":0,"33":3,"34":1,"35":1,"36":1,"37":1,"38":0,"39":1,"40":1,"41":0,"42":1,"43":0,"44":1,"45":0,"46":1,"47":1,"48":1,"49":1,"50":0},"f":{"0":3,"1":2,"2":0,"3":0,"4":1,"5":0},"b":{"0":[2],"1":[2],"2":[3],"3":[0,3],"4":[1,2],"5":[0,3],"6":[1,1],"7":[2,1],"8":[0,1],"9":[1,1,1],"10":[0,1],"11":[0,1],"12":[1,0]},"_coverageSchema":"1a1c01bbd47fc00a2c39e90264f33305004495a9","hash":"2debe73794a86b5408431c8e0053305990ae85ea"}
,"C:\\Users\\Kharshavardhan\\Documents\\e-Commerce Devops\\backend\\middleware\\auth.js": {"path":"C:\\Users\\Kharshavardhan\\Documents\\e-Commerce Devops\\backend\\middleware\\auth.js","statementMap":{"0":{"start":{"line":9,"column":23},"end":{"line":38,"column":1}},"1":{"start":{"line":10,"column":2},"end":{"line":37,"column":3}},"2":{"start":{"line":11,"column":18},"end":{"line":11,"column":58}},"3":{"start":{"line":13,"column":4},"end":{"line":17,"column":5}},"4":{"start":{"line":14,"column":6},"end":{"line":16,"column":9}},"5":{"start":{"line":19,"column":20},"end":{"line":19,"column":38}},"6":{"start":{"line":22,"column":17},"end":{"line":22,"column":68}},"7":{"start":{"line":24,"column":4},"end":{"line":28,"column":5}},"8":{"start":{"line":25,"column":6},"end":{"line":27,"column":9}},"9":{"start":{"line":30,"column":4},"end":{"line":30,"column":26}},"10":{"start":{"line":31,"column":4},"end":{"line":31,"column":20}},"11":{"start":{"line":32,"column":4},"end":{"line":32,"column":11}},"12":{"start":{"line":34,"column":4},"end":{"line":36,"column":7}},"13":{"start":{"line":44,"column":25},"end":{"line":57,"column":1}},"14":{"start":{"line":45,"column":2},"end":{"line":56,"column":3}},"15":{"start":{"line":46,"column":4},"end":{"line":50,"column":5}},"16":{"start":{"line":47,"column":6},"end":{"line":49,"column":9}},"17":{"start":{"line":51,"column":4},"end":{"line":51,"column":11}},"18":{"start":{"line":53,"column":4},"end":{"line":55,"column":7}},"19":{"start":{"line":63,"column":28},"end":{"line":81,"column":1}},"20":{"start":{"line":64,"column":2},"end":{"line":80,"column":3}},"21":{"start":{"line":65,"column":18},"end":{"line":65,"column":58}},"22":{"start":{"line":67,"column":4},"end":{"line":74,"column":5}},"23":{"start":{"line":68,"column":22},"end":{"line":68,"column":40}},"24":{"start":{"line":69,"column":19},"end":{"line":69,"column":70}},"25":{"start":{"line":70,"column":6},"end":{"line":73,"column":7}},"26":{"start":{"line":71,"column":8},"end":{"line":71,"column":30}},"27":{"start":{"line":72,"column":8},"end":{"line":72,"column":24}},"28":{"start":{"line":76,"column":4},"end":{"line":76,"column":11}},"29":{"start":{"line":79,"column":4},"end":{"line":79,"column":11}}},"fnMap":{"0":{"name":"(anonymous_0)","decl":{"start":{"line":9,"column":23},"end":{"line":9,"column":24}},"loc":{"start":{"line":9,"column":49},"end":{"line":38,"column":1}},"line":9},"1":{"name":"(anonymous_1)","decl":{"start":{"line":44,"column":25},"end":{"line":44,"column":26}},"loc":{"start":{"line":44,"column":45},"end":{"line":57,"column":1}},"line":44},"2":{"name":"(anonymous_2)","decl":{"start":{"line":63,"column":28},"end":{"line":63,"column":29}},"loc":{"start":{"line":63,"column":54},"end":{"line":81,"column":1}},"line":63}},"branchMap":{"0":{"loc":{"start":{"line":13,"column":4},"end":{"line":17,"column":5}},"type":"if","locations":[{"start":{"line":13,"column":4},"end":{"line":17,"column":5}},{"start":{},"end":{}}],"line":13},"1":{"loc":{"start":{"line":24,"column":4},"end":{"line":28,"column":5}},"type":"if","locations":[{"start":{"line":24,"column":4},"end":{"line":28,"column":5}},{"start":{},"end":{}}],"line":24},"2":{"loc":{"start":{"line":46,"column":4},"end":{"line":50,"column":5}},"type":"if","locations":[{"start":{"line":46,"column":4},"end":{"line":50,"column":5}},{"start":{},"end":{}}],"line":46},"3":{"loc":{"start":{"line":46,"column":8},"end":{"line":46,"column":46}},"type":"binary-expr","locations":[{"start":{"line":46,"column":8},"end":{"line":46,"column":17}},{"start":{"line":46,"column":21},"end":{"line":46,"column":46}}],"line":46},"4":{"loc":{"start":{"line":67,"column":4},"end":{"line":74,"column":5}},"type":"if","locations":[{"start":{"line":67,"column":4},"end":{"line":74,"column":5}},{"start":{},"end":{}}],"line":67},"5":{"loc":{"start":{"line":70,"column":6},"end":{"line":73,"column":7}},"type":"if","locations":[{"start":{"line":70,"column":6},"end":{"line":73,"column":7}},{"start":{},"end":{}}],"line":70}},"s":{"0":3,"1":23,"2":23,"3":23,"4":5,"5":18,"6":14,"7":14,"8":0,"9":14,"10":14,"11":14,"12":4,"13":3,"14":9,"15":9,"16":4,"17":5,"18":0,"19":3,"20":0,"21":0,"22":0,"23":0,"24":0,"25":0,"26":0,"27":0,"28":0,"29":0},"f":{"0":23,"1":9,"2":0},"b":{"0":[5,18],"1":[0,14],"2":[4,5],"3":[9,9],"4":[0,0],"5":[0,0]},"_coverageSchema":"1a1c01bbd47fc00a2c39e90264f33305004495a9","hash":"7c1dec23db5054db6f28a2f02bcc5b8b5a788b11"}
,"C:\\Users\\Kharshavardhan\\Documents\\e-Commerce Devops\\backend\\middleware\\errorMiddleware.js": {"path":"C:\\Users\\Kharshavardhan\\Documents\\e-Commerce Devops\\backend\\middleware\\errorMiddleware.js","statementMap":{"0":{"start":{"line":5,"column":28},"end":{"line":16,"column":1}},"1":{"start":{"line":6,"column":21},"end":{"line":6,"column":42}},"2":{"start":{"line":7,"column":18},"end":{"line":7,"column":56}},"3":{"start":{"line":9,"column":2},"end":{"line":9,"column":55}},"4":{"start":{"line":11,"column":2},"end":{"line":15,"column":5}},"5":{"start":{"line":21,"column":24},"end":{"line":26,"column":1}},"6":{"start":{"line":22,"column":2},"end":{"line":25,"column":5}}},"fnMap":{"0":{"name":"(anonymous_0)","decl":{"start":{"line":5,"column":28},"end":{"line":5,"column":29}},"loc":{"start":{"line":5,"column":53},"end":{"line":16,"column":1}},"line":5},"1":{"name":"(anonymous_1)","decl":{"start":{"line":21,"column":24},"end":{"line":21,"column":25}},"loc":{"start":{"line":21,"column":38},"end":{"line":26,"column":1}},"line":21}},"branchMap":{"0":{"loc":{"start":{"line":6,"column":21},"end":{"line":6,"column":42}},"type":"binary-expr","locations":[{"start":{"line":6,"column":21},"end":{"line":6,"column":35}},{"start":{"line":6,"column":39},"end":{"line":6,"column":42}}],"line":6},"1":{"loc":{"start":{"line":7,"column":18},"end":{"line":7,"column":56}},"type":"binary-expr","locations":[{"start":{"line":7,"column":18},"end":{"line":7,"column":29}},{"start":{"line":7,"column":33},"end":{"line":7,"column":56}}],"line":7},"2":{"loc":{"start":{"line":14,"column":8},"end":{"line":14,"column":70}},"type":"binary-expr","locations":[{"start":{"line":14,"column":8},"end":{"line":14,"column":46}},{"start":{"line":14,"column":50},"end":{"line":14,"column":70}}],"line":14}},"s":{"0":3,"1":0,"2":0,"3":0,"4":0,"5":3,"6":0},"f":{"0":0,"1":0},"b":{"0":[0,0],"1":[0,0],"2":[0,0]},"_coverageSchema":"1a1c01bbd47fc00a2c39e90264f33305004495a9","hash":"f5191fa91071c496386cdbab1d87a5c03fb62317"}
,"C:\\Users\\Kharshavardhan\\Documents\\e-Commerce Devops\\backend\\models\\Order.js": {"path":"C:\\Users\\Kharshavardhan\\Documents\\e-Commerce Devops\\backend\\models\\Order.js","statementMap":{"0":{"start":{"line":7,"column":20},"end":{"line":59,"column":1}},"1":{"start":{"line":61,"column":14},"end":{"line":61,"column":50}}},"fnMap":{},"branchMap":{},"s":{"0":0,"1":0},"f":{},"b":{}}
,"C:\\Users\\Kharshavardhan\\Documents\\e-Commerce Devops\\backend\\models\\Product.js": {"path":"C:\\Users\\Kharshavardhan\\Documents\\e-Commerce Devops\\backend\\models\\Product.js","statementMap":{"0":{"start":{"line":7,"column":22},"end":{"line":71,"column":1}},"1":{"start":{"line":76,"column":0},"end":{"line":86,"column":2}},"2":{"start":{"line":77,"column":2},"end":{"line":81,"column":3}},"3":{"start":{"line":78,"column":4},"end":{"line":78,"column":20}},"4":{"start":{"line":79,"column":4},"end":{"line":79,"column":24}},"5":{"start":{"line":80,"column":4},"end":{"line":80,"column":11}},"6":{"start":{"line":83,"column":22},"end":{"line":83,"column":82}},"7":{"start":{"line":83,"column":59},"end":{"line":83,"column":78}},"8":{"start":{"line":84,"column":2},"end":{"line":84,"column":50}},"9":{"start":{"line":85,"column":2},"end":{"line":85,"column":40}},"10":{"start":{"line":88,"column":16},"end":{"line":88,"column":56}}},"fnMap":{"0":{"name":"(anonymous_0)","decl":{"start":{"line":76,"column":40},"end":{"line":76,"column":41}},"loc":{"start":{"line":76,"column":52},"end":{"line":86,"column":1}},"line":76},"1":{"name":"(anonymous_1)","decl":{"start":{"line":83,"column":42},"end":{"line":83,"column":43}},"loc":{"start":{"line":83,"column":59},"end":{"line":83,"column":78}},"line":83}},"branchMap":{"0":{"loc":{"start":{"line":77,"column":2},"end":{"line":81,"column":3}},"type":"if","locations":[{"start":{"line":77,"column":2},"end":{"line":81,"column":3}},{"start":{},"end":{}}],"line":77}},"s":{"0":3,"1":3,"2":1,"3":0,"4":0,"5":0,"6":1,"7":1,"8":1,"9":1,"10":3},"f":{"0":1,"1":1},"b":{"0":[0,1]},"_coverageSchema":"1a1c01bbd47fc00a2c39e90264f33305004495a9","hash":"6e11bffcef010e7889113105e6a0a8fd79c98c8f"}
,"C:\\Users\\Kharshavardhan\\Documents\\e-Commerce Devops\\backend\\models\\User.js": {"path":"C:\\Users\\Kharshavardhan\\Documents\\e-Commerce Devops\\backend\\models\\User.js","statementMap":{"0":{"start":{"line":8,"column":19},"end":{"line":47,"column":1}},"1":{"start":{"line":52,"column":0},"end":{"line":65,"column":3}},"2":{"start":{"line":54,"column":2},"end":{"line":56,"column":3}},"3":{"start":{"line":55,"column":4},"end":{"line":55,"column":18}},"4":{"start":{"line":58,"column":2},"end":{"line":64,"column":3}},"5":{"start":{"line":59,"column":17},"end":{"line":59,"column":78}},"6":{"start":{"line":60,"column":4},"end":{"line":60,"column":59}},"7":{"start":{"line":61,"column":4},"end":{"line":61,"column":11}},"8":{"start":{"line":63,"column":4},"end":{"line":63,"column":16}},"9":{"start":{"line":70,"column":0},"end":{"line":72,"column":2}},"10":{"start":{"line":71,"column":2},"end":{"line":71,"column":62}},"11":{"start":{"line":77,"column":0},"end":{"line":81,"column":2}},"12":{"start":{"line":78,"column":14},"end":{"line":78,"column":29}},"13":{"start":{"line":79,"column":2},"end":{"line":79,"column":22}},"14":{"start":{"line":80,"column":2},"end":{"line":80,"column":13}},"15":{"start":{"line":83,"column":13},"end":{"line":83,"column":47}}},"fnMap":{"0":{"name":"(anonymous_0)","decl":{"start":{"line":52,"column":23},"end":{"line":52,"column":24}},"loc":{"start":{"line":52,"column":45},"end":{"line":65,"column":1}},"line":52},"1":{"name":"(anonymous_1)","decl":{"start":{"line":70,"column":37},"end":{"line":70,"column":38}},"loc":{"start":{"line":70,"column":70},"end":{"line":72,"column":1}},"line":70},"2":{"name":"(anonymous_2)","decl":{"start":{"line":77,"column":28},"end":{"line":77,"column":29}},"loc":{"start":{"line":77,"column":40},"end":{"line":81,"column":1}},"line":77}},"branchMap":{"0":{"loc":{"start":{"line":54,"column":2},"end":{"line":56,"column":3}},"type":"if","locations":[{"start":{"line":54,"column":2},"end":{"line":56,"column":3}},{"start":{},"end":{}}],"line":54},"1":{"loc":{"start":{"line":59,"column":38},"end":{"line":59,"column":77}},"type":"binary-expr","locations":[{"start":{"line":59,"column":38},"end":{"line":59,"column":71}},{"start":{"line":59,"column":75},"end":{"line":59,"column":77}}],"line":59}},"s":{"0":3,"1":3,"2":68,"3":0,"4":68,"5":68,"6":68,"7":68,"8":0,"9":3,"10":3,"11":3,"12":2,"13":2,"14":2,"15":3},"f":{"0":68,"1":3,"2":2},"b":{"0":[0,68],"1":[68,0]},"_coverageSchema":"1a1c01bbd47fc00a2c39e90264f33305004495a9","hash":"fc52df0326fbec444198fb1cd209675305851514"}
,"C:\\Users\\Kharshavardhan\\Documents\\e-Commerce Devops\\backend\\routes\\admin.js": {"path":"C:\\Users\\Kharshavardhan\\Documents\\e-Commerce Devops\\backend\\routes\\admin.js","statementMap":{"0":{"start":{"line":17,"column":15},"end":{"line":17,"column":31}},"1":{"start":{"line":20,"column":0},"end":{"line":20,"column":31}},"2":{"start":{"line":25,"column":0},"end":{"line":25,"column":81}},"3":{"start":{"line":26,"column":0},"end":{"line":26,"column":43}},"4":{"start":{"line":27,"column":0},"end":{"line":27,"column":46}},"5":{"start":{"line":32,"column":0},"end":{"line":32,"column":50}},"6":{"start":{"line":37,"column":0},"end":{"line":37,"column":34}},"7":{"start":{"line":38,"column":0},"end":{"line":38,"column":40}},"8":{"start":{"line":39,"column":0},"end":{"line":39,"column":46}}},"fnMap":{},"branchMap":{},"s":{"0":3,"1":3,"2":3,"3":3,"4":3,"5":3,"6":3,"7":3,"8":3},"f":{},"b":{},"_coverageSchema":"1a1c01bbd47fc00a2c39e90264f33305004495a9","hash":"ed69a2c046d95dd1ab16198979a67e8d61760291"}
,"C:\\Users\\Kharshavardhan\\Documents\\e-Commerce Devops\\backend\\routes\\auth.js": {"path":"C:\\Users\\Kharshavardhan\\Documents\\e-Commerce Devops\\backend\\routes\\auth.js","statementMap":{"0":{"start":{"line":16,"column":15},"end":{"line":16,"column":31}},"1":{"start":{"line":21,"column":0},"end":{"line":21,"column":77}},"2":{"start":{"line":22,"column":0},"end":{"line":22,"column":68}},"3":{"start":{"line":23,"column":0},"end":{"line":23,"column":43}},"4":{"start":{"line":24,"column":0},"end":{"line":24,"column":47}},"5":{"start":{"line":25,"column":0},"end":{"line":25,"column":40}}},"fnMap":{},"branchMap":{},"s":{"0":3,"1":3,"2":3,"3":3,"4":3,"5":3},"f":{},"b":{},"_coverageSchema":"1a1c01bbd47fc00a2c39e90264f33305004495a9","hash":"1366c12f277b0cd608ff43fff3152a9958a0c14d"}
,"C:\\Users\\Kharshavardhan\\Documents\\e-Commerce Devops\\backend\\routes\\products.js": {"path":"C:\\Users\\Kharshavardhan\\Documents\\e-Commerce Devops\\backend\\routes\\products.js","statementMap":{"0":{"start":{"line":12,"column":15},"end":{"line":12,"column":31}},"1":{"start":{"line":17,"column":0},"end":{"line":17,"column":32}},"2":{"start":{"line":18,"column":0},"end":{"line":18,"column":48}},"3":{"start":{"line":19,"column":0},"end":{"line":19,"column":57}},"4":{"start":{"line":20,"column":0},"end":{"line":20,"column":35}},"5":{"start":{"line":21,"column":0},"end":{"line":21,"column":47}}},"fnMap":{},"branchMap":{},"s":{"0":3,"1":3,"2":3,"3":3,"4":3,"5":3},"f":{},"b":{},"_coverageSchema":"1a1c01bbd47fc00a2c39e90264f33305004495a9","hash":"ca557da36c1cd0812d841b4ba0aef20b9f050004"}
}
