TN:
SF:controllers\adminController.js
FN:8,(anonymous_0)
FN:34,(anonymous_1)
FN:70,(anonymous_2)
FN:97,(anonymous_3)
FN:105,(anonymous_4)
FN:131,(anonymous_5)
FN:173,(anonymous_6)
FN:200,(anonymous_7)
FNF:8
FNH:4
FNDA:1,(anonymous_0)
FNDA:1,(anonymous_1)
FNDA:1,(anonymous_2)
FNDA:0,(anonymous_3)
FNDA:0,(anonymous_4)
FNDA:1,(anonymous_5)
FNDA:0,(anonymous_6)
FNDA:0,(anonymous_7)
DA:8,3
DA:9,1
DA:10,1
DA:12,1
DA:21,1
DA:23,0
DA:34,3
DA:35,1
DA:36,1
DA:38,1
DA:51,1
DA:52,0
DA:57,1
DA:59,0
DA:70,3
DA:71,1
DA:72,1
DA:78,1
DA:79,0
DA:84,1
DA:86,0
DA:97,3
DA:98,0
DA:99,0
DA:100,0
DA:101,0
DA:104,0
DA:105,0
DA:108,0
DA:109,0
DA:111,0
DA:120,0
DA:131,3
DA:132,1
DA:133,1
DA:135,1
DA:136,1
DA:137,0
DA:143,1
DA:144,1
DA:145,1
DA:147,1
DA:148,1
DA:153,1
DA:162,0
DA:173,3
DA:174,0
DA:175,0
DA:181,0
DA:182,0
DA:187,0
DA:189,0
DA:200,3
DA:201,0
DA:202,0
DA:204,0
DA:205,0
DA:211,0
DA:217,0
DA:218,0
DA:223,0
DA:225,0
LF:62
LH:30
BRDA:18,0,0,1
BRDA:18,0,1,0
BRDA:41,1,0,1
BRDA:41,1,1,1
BRDA:42,2,0,1
BRDA:42,2,1,0
BRDA:43,3,0,1
BRDA:43,3,1,1
BRDA:44,4,0,1
BRDA:44,4,1,0
BRDA:45,5,0,1
BRDA:45,5,1,0
BRDA:46,6,0,1
BRDA:46,6,1,0
BRDA:51,7,0,0
BRDA:51,7,1,1
BRDA:78,8,0,0
BRDA:78,8,1,1
BRDA:133,9,0,1
BRDA:133,10,0,1
BRDA:136,11,0,0
BRDA:136,11,1,1
BRDA:181,12,0,0
BRDA:181,12,1,0
BRDA:204,13,0,0
BRDA:204,13,1,0
BRDA:217,14,0,0
BRDA:217,14,1,0
BRF:28
BRH:14
end_of_record
TN:
SF:controllers\authController.js
FN:8,(anonymous_0)
FN:55,(anonymous_1)
FN:120,(anonymous_2)
FN:154,(anonymous_3)
FN:190,(anonymous_4)
FNF:5
FNH:3
FNDA:3,(anonymous_0)
FNDA:4,(anonymous_1)
FNDA:4,(anonymous_2)
FNDA:0,(anonymous_3)
FNDA:0,(anonymous_4)
DA:8,3
DA:9,3
DA:10,3
DA:13,3
DA:14,3
DA:15,1
DA:22,2
DA:30,2
DA:32,2
DA:44,0
DA:55,3
DA:56,4
DA:57,4
DA:60,4
DA:61,0
DA:68,4
DA:69,4
DA:70,1
DA:77,3
DA:78,3
DA:79,1
DA:86,2
DA:87,0
DA:94,2
DA:96,2
DA:109,0
DA:120,3
DA:121,4
DA:122,4
DA:124,4
DA:125,0
DA:131,4
DA:143,0
DA:154,3
DA:155,0
DA:156,0
DA:158,0
DA:167,0
DA:179,0
DA:190,3
DA:191,0
LF:41
LH:29
BRDA:14,0,0,1
BRDA:14,0,1,2
BRDA:26,1,0,2
BRDA:26,1,1,2
BRDA:60,2,0,0
BRDA:60,2,1,4
BRDA:60,3,0,4
BRDA:60,3,1,4
BRDA:69,4,0,1
BRDA:69,4,1,3
BRDA:78,5,0,1
BRDA:78,5,1,2
BRDA:86,6,0,0
BRDA:86,6,1,2
BRDA:124,7,0,0
BRDA:124,7,1,4
BRDA:161,8,0,0
BRDA:161,8,1,0
BRDA:162,9,0,0
BRDA:162,9,1,0
BRF:20
BRH:13
end_of_record
TN:
SF:controllers\productController.js
FN:7,(anonymous_0)
FN:52,(anonymous_1)
FN:75,(anonymous_2)
FN:97,(anonymous_3)
FN:114,(anonymous_4)
FN:135,(anonymous_5)
FNF:6
FNH:3
FNDA:3,(anonymous_0)
FNDA:2,(anonymous_1)
FNDA:0,(anonymous_2)
FNDA:0,(anonymous_3)
FNDA:1,(anonymous_4)
FNDA:0,(anonymous_5)
DA:7,3
DA:8,3
DA:9,3
DA:12,3
DA:14,3
DA:15,0
DA:21,3
DA:22,1
DA:26,3
DA:27,3
DA:28,3
DA:31,3
DA:34,3
DA:39,3
DA:41,0
DA:52,3
DA:53,2
DA:54,2
DA:56,2
DA:57,1
DA:62,1
DA:64,0
DA:75,3
DA:76,0
DA:77,0
DA:79,0
DA:84,0
DA:86,0
DA:97,3
DA:98,0
DA:99,0
DA:101,0
DA:103,0
DA:114,3
DA:115,1
DA:116,1
DA:117,1
DA:119,1
DA:120,0
DA:125,1
DA:127,1
DA:128,0
DA:134,1
DA:135,0
DA:138,1
DA:139,0
DA:144,1
DA:151,1
DA:152,1
DA:154,1
DA:156,0
LF:51
LH:34
BRDA:9,0,0,2
BRDA:9,1,0,2
BRDA:9,2,0,3
BRDA:14,3,0,0
BRDA:14,3,1,3
BRDA:21,4,0,1
BRDA:21,4,1,2
BRDA:35,5,0,0
BRDA:35,5,1,3
BRDA:56,6,0,1
BRDA:56,6,1,1
BRDA:56,7,0,2
BRDA:56,7,1,1
BRDA:119,8,0,0
BRDA:119,8,1,1
BRDA:119,9,0,1
BRDA:119,9,1,1
BRDA:119,9,2,1
BRDA:127,10,0,0
BRDA:127,10,1,1
BRDA:138,11,0,0
BRDA:138,11,1,1
BRDA:148,12,0,1
BRDA:148,12,1,0
BRF:24
BRH:18
end_of_record
TN:
SF:middleware\auth.js
FN:9,(anonymous_0)
FN:44,(anonymous_1)
FN:63,(anonymous_2)
FNF:3
FNH:2
FNDA:23,(anonymous_0)
FNDA:9,(anonymous_1)
FNDA:0,(anonymous_2)
DA:9,3
DA:10,23
DA:11,23
DA:13,23
DA:14,5
DA:19,18
DA:22,14
DA:24,14
DA:25,0
DA:30,14
DA:31,14
DA:32,14
DA:34,4
DA:44,3
DA:45,9
DA:46,9
DA:47,4
DA:51,5
DA:53,0
DA:63,3
DA:64,0
DA:65,0
DA:67,0
DA:68,0
DA:69,0
DA:70,0
DA:71,0
DA:72,0
DA:76,0
DA:79,0
LF:30
LH:18
BRDA:13,0,0,5
BRDA:13,0,1,18
BRDA:24,1,0,0
BRDA:24,1,1,14
BRDA:46,2,0,4
BRDA:46,2,1,5
BRDA:46,3,0,9
BRDA:46,3,1,9
BRDA:67,4,0,0
BRDA:67,4,1,0
BRDA:70,5,0,0
BRDA:70,5,1,0
BRF:12
BRH:7
end_of_record
TN:
SF:middleware\errorMiddleware.js
FN:5,(anonymous_0)
FN:21,(anonymous_1)
FNF:2
FNH:0
FNDA:0,(anonymous_0)
FNDA:0,(anonymous_1)
DA:5,3
DA:6,0
DA:7,0
DA:9,0
DA:11,0
DA:21,3
DA:22,0
LF:7
LH:2
BRDA:6,0,0,0
BRDA:6,0,1,0
BRDA:7,1,0,0
BRDA:7,1,1,0
BRDA:14,2,0,0
BRDA:14,2,1,0
BRF:6
BRH:0
end_of_record
TN:
SF:models\Order.js
FNF:0
FNH:0
DA:7,0
DA:61,0
LF:2
LH:0
BRF:0
BRH:0
end_of_record
TN:
SF:models\Product.js
FN:76,(anonymous_0)
FN:83,(anonymous_1)
FNF:2
FNH:2
FNDA:1,(anonymous_0)
FNDA:1,(anonymous_1)
DA:7,3
DA:76,3
DA:77,1
DA:78,0
DA:79,0
DA:80,0
DA:83,1
DA:84,1
DA:85,1
DA:88,3
LF:10
LH:7
BRDA:77,0,0,0
BRDA:77,0,1,1
BRF:2
BRH:1
end_of_record
TN:
SF:models\User.js
FN:52,(anonymous_0)
FN:70,(anonymous_1)
FN:77,(anonymous_2)
FNF:3
FNH:3
FNDA:68,(anonymous_0)
FNDA:3,(anonymous_1)
FNDA:2,(anonymous_2)
DA:8,3
DA:52,3
DA:54,68
DA:55,0
DA:58,68
DA:59,68
DA:60,68
DA:61,68
DA:63,0
DA:70,3
DA:71,3
DA:77,3
DA:78,2
DA:79,2
DA:80,2
DA:83,3
LF:16
LH:14
BRDA:54,0,0,0
BRDA:54,0,1,68
BRDA:59,1,0,68
BRDA:59,1,1,0
BRF:4
BRH:2
end_of_record
TN:
SF:routes\admin.js
FNF:0
FNH:0
DA:17,3
DA:20,3
DA:25,3
DA:26,3
DA:27,3
DA:32,3
DA:37,3
DA:38,3
DA:39,3
LF:9
LH:9
BRF:0
BRH:0
end_of_record
TN:
SF:routes\auth.js
FNF:0
FNH:0
DA:16,3
DA:21,3
DA:22,3
DA:23,3
DA:24,3
DA:25,3
LF:6
LH:6
BRF:0
BRH:0
end_of_record
TN:
SF:routes\products.js
FNF:0
FNH:0
DA:12,3
DA:17,3
DA:18,3
DA:19,3
DA:20,3
DA:21,3
LF:6
LH:6
BRF:0
BRH:0
end_of_record
